CRITICAL - 2023-12-20 06:31:33 --> CodeIgniter\Router\RouteCollection::resource(): Argument #2 ($options) must be of type ?array, string given, called in /run/media/degante/DATA/devs/asesoriasitst24/app/Config/Routes.php on line 16
in SYSTEMPATH/Router/RouteCollection.php on line 828.
 1 APPPATH/Config/Routes.php(16): CodeIgniter\Router\RouteCollection->resource()
 2 SYSTEMPATH/Router/RouteCollection.php(344): require('/run/media/degante/DATA/devs/asesoriasitst24/app/Config/Routes.php')
 3 SYSTEMPATH/CodeIgniter.php(810): CodeIgniter\Router\RouteCollection->loadRoutes()
 4 SYSTEMPATH/CodeIgniter.php(450): CodeIgniter\CodeIgniter->tryToRouteIt()
 5 SYSTEMPATH/CodeIgniter.php(361): CodeIgniter\CodeIgniter->handleRequest()
 6 FCPATH/index.php(79): CodeIgniter\CodeIgniter->run()
 7 SYSTEMPATH/Commands/Server/rewrite.php(47): require_once('/run/media/degante/DATA/devs/asesoriasitst24/public/index.php')
CRITICAL - 2023-12-20 06:31:44 --> CodeIgniter\Router\RouteCollection::resource(): Argument #2 ($options) must be of type ?array, string given, called in /run/media/degante/DATA/devs/asesoriasitst24/app/Config/Routes.php on line 16
in SYSTEMPATH/Router/RouteCollection.php on line 828.
 1 APPPATH/Config/Routes.php(16): CodeIgniter\Router\RouteCollection->resource()
 2 SYSTEMPATH/Router/RouteCollection.php(344): require('/run/media/degante/DATA/devs/asesoriasitst24/app/Config/Routes.php')
 3 SYSTEMPATH/CodeIgniter.php(810): CodeIgniter\Router\RouteCollection->loadRoutes()
 4 SYSTEMPATH/CodeIgniter.php(450): CodeIgniter\CodeIgniter->tryToRouteIt()
 5 SYSTEMPATH/CodeIgniter.php(361): CodeIgniter\CodeIgniter->handleRequest()
 6 FCPATH/index.php(79): CodeIgniter\CodeIgniter->run()
 7 SYSTEMPATH/Commands/Server/rewrite.php(47): require_once('/run/media/degante/DATA/devs/asesoriasitst24/public/index.php')
WARNING - 2023-12-20 06:32:26 --> [DEPRECATED] Creation of dynamic property App\Controllers\Admin\AsignaturaController::$asignatura is deprecated in APPPATH/Controllers/Admin/AsignaturaController.php on line 18.
 1 SYSTEMPATH/CodeIgniter.php(914): App\Controllers\Admin\AsignaturaController->__construct()
 2 SYSTEMPATH/CodeIgniter.php(493): CodeIgniter\CodeIgniter->createController()
 3 SYSTEMPATH/CodeIgniter.php(361): CodeIgniter\CodeIgniter->handleRequest(null, Object(Config\Cache), false)
 4 FCPATH/index.php(79): CodeIgniter\CodeIgniter->run()
 5 SYSTEMPATH/Commands/Server/rewrite.php(47): require_once('/run/media/degante/DATA/devs/asesoriasitst24/public/index.php')
INFO - 2023-12-20 06:32:26 --> Session: Class initialized using 'CodeIgniter\Session\Handlers\FileHandler' driver.
WARNING - 2023-12-20 06:32:26 --> [DEPRECATED] Creation of dynamic property App\Controllers\Admin\AsignaturaController::$session is deprecated in APPPATH/Controllers/Admin/AsignaturaController.php on line 19.
 1 SYSTEMPATH/CodeIgniter.php(914): App\Controllers\Admin\AsignaturaController->__construct()
 2 SYSTEMPATH/CodeIgniter.php(493): CodeIgniter\CodeIgniter->createController()
 3 SYSTEMPATH/CodeIgniter.php(361): CodeIgniter\CodeIgniter->handleRequest(null, Object(Config\Cache), false)
 4 FCPATH/index.php(79): CodeIgniter\CodeIgniter->run()
 5 SYSTEMPATH/Commands/Server/rewrite.php(47): require_once('/run/media/degante/DATA/devs/asesoriasitst24/public/index.php')
CRITICAL - 2023-12-20 06:32:26 --> Invalid file: "admin/template/main.php"
in SYSTEMPATH/Exceptions/FrameworkException.php on line 39.
 1 SYSTEMPATH/View/View.php(216): CodeIgniter\Exceptions\FrameworkException::forInvalidFile()
 2 SYSTEMPATH/View/View.php(244): CodeIgniter\View\View->render()
 3 SYSTEMPATH/Common.php(1190): CodeIgniter\View\View->render()
 4 APPPATH/Controllers/Admin/AsignaturaController.php(34): view()
 5 SYSTEMPATH/CodeIgniter.php(942): App\Controllers\Admin\AsignaturaController->index()
 6 SYSTEMPATH/CodeIgniter.php(502): CodeIgniter\CodeIgniter->runController()
 7 SYSTEMPATH/CodeIgniter.php(361): CodeIgniter\CodeIgniter->handleRequest()
 8 FCPATH/index.php(79): CodeIgniter\CodeIgniter->run()
 9 SYSTEMPATH/Commands/Server/rewrite.php(47): require_once('/run/media/degante/DATA/devs/asesoriasitst24/public/index.php')
WARNING - 2023-12-20 06:32:52 --> [DEPRECATED] Creation of dynamic property App\Controllers\Admin\AsignaturaController::$asignatura is deprecated in APPPATH/Controllers/Admin/AsignaturaController.php on line 18.
 1 SYSTEMPATH/CodeIgniter.php(914): App\Controllers\Admin\AsignaturaController->__construct()
 2 SYSTEMPATH/CodeIgniter.php(493): CodeIgniter\CodeIgniter->createController()
 3 SYSTEMPATH/CodeIgniter.php(361): CodeIgniter\CodeIgniter->handleRequest(null, Object(Config\Cache), false)
 4 FCPATH/index.php(79): CodeIgniter\CodeIgniter->run()
 5 SYSTEMPATH/Commands/Server/rewrite.php(47): require_once('/run/media/degante/DATA/devs/asesoriasitst24/public/index.php')
INFO - 2023-12-20 06:32:52 --> Session: Class initialized using 'CodeIgniter\Session\Handlers\FileHandler' driver.
WARNING - 2023-12-20 06:32:52 --> [DEPRECATED] Creation of dynamic property App\Controllers\Admin\AsignaturaController::$session is deprecated in APPPATH/Controllers/Admin/AsignaturaController.php on line 19.
 1 SYSTEMPATH/CodeIgniter.php(914): App\Controllers\Admin\AsignaturaController->__construct()
 2 SYSTEMPATH/CodeIgniter.php(493): CodeIgniter\CodeIgniter->createController()
 3 SYSTEMPATH/CodeIgniter.php(361): CodeIgniter\CodeIgniter->handleRequest(null, Object(Config\Cache), false)
 4 FCPATH/index.php(79): CodeIgniter\CodeIgniter->run()
 5 SYSTEMPATH/Commands/Server/rewrite.php(47): require_once('/run/media/degante/DATA/devs/asesoriasitst24/public/index.php')
WARNING - 2023-12-20 06:33:24 --> [DEPRECATED] Creation of dynamic property App\Controllers\Admin\AsignaturaController::$asignatura is deprecated in APPPATH/Controllers/Admin/AsignaturaController.php on line 18.
 1 SYSTEMPATH/CodeIgniter.php(914): App\Controllers\Admin\AsignaturaController->__construct()
 2 SYSTEMPATH/CodeIgniter.php(493): CodeIgniter\CodeIgniter->createController()
 3 SYSTEMPATH/CodeIgniter.php(361): CodeIgniter\CodeIgniter->handleRequest(null, Object(Config\Cache), false)
 4 FCPATH/index.php(79): CodeIgniter\CodeIgniter->run()
 5 SYSTEMPATH/Commands/Server/rewrite.php(47): require_once('/run/media/degante/DATA/devs/asesoriasitst24/public/index.php')
INFO - 2023-12-20 06:33:24 --> Session: Class initialized using 'CodeIgniter\Session\Handlers\FileHandler' driver.
WARNING - 2023-12-20 06:33:24 --> [DEPRECATED] Creation of dynamic property App\Controllers\Admin\AsignaturaController::$session is deprecated in APPPATH/Controllers/Admin/AsignaturaController.php on line 19.
 1 SYSTEMPATH/CodeIgniter.php(914): App\Controllers\Admin\AsignaturaController->__construct()
 2 SYSTEMPATH/CodeIgniter.php(493): CodeIgniter\CodeIgniter->createController()
 3 SYSTEMPATH/CodeIgniter.php(361): CodeIgniter\CodeIgniter->handleRequest(null, Object(Config\Cache), false)
 4 FCPATH/index.php(79): CodeIgniter\CodeIgniter->run()
 5 SYSTEMPATH/Commands/Server/rewrite.php(47): require_once('/run/media/degante/DATA/devs/asesoriasitst24/public/index.php')
WARNING - 2023-12-20 06:33:36 --> [DEPRECATED] Creation of dynamic property App\Controllers\Admin\AsignaturaController::$asignatura is deprecated in APPPATH/Controllers/Admin/AsignaturaController.php on line 18.
 1 SYSTEMPATH/CodeIgniter.php(914): App\Controllers\Admin\AsignaturaController->__construct()
 2 SYSTEMPATH/CodeIgniter.php(493): CodeIgniter\CodeIgniter->createController()
 3 SYSTEMPATH/CodeIgniter.php(361): CodeIgniter\CodeIgniter->handleRequest(null, Object(Config\Cache), false)
 4 FCPATH/index.php(79): CodeIgniter\CodeIgniter->run()
 5 SYSTEMPATH/Commands/Server/rewrite.php(47): require_once('/run/media/degante/DATA/devs/asesoriasitst24/public/index.php')
INFO - 2023-12-20 06:33:36 --> Session: Class initialized using 'CodeIgniter\Session\Handlers\FileHandler' driver.
WARNING - 2023-12-20 06:33:36 --> [DEPRECATED] Creation of dynamic property App\Controllers\Admin\AsignaturaController::$session is deprecated in APPPATH/Controllers/Admin/AsignaturaController.php on line 19.
 1 SYSTEMPATH/CodeIgniter.php(914): App\Controllers\Admin\AsignaturaController->__construct()
 2 SYSTEMPATH/CodeIgniter.php(493): CodeIgniter\CodeIgniter->createController()
 3 SYSTEMPATH/CodeIgniter.php(361): CodeIgniter\CodeIgniter->handleRequest(null, Object(Config\Cache), false)
 4 FCPATH/index.php(79): CodeIgniter\CodeIgniter->run()
 5 SYSTEMPATH/Commands/Server/rewrite.php(47): require_once('/run/media/degante/DATA/devs/asesoriasitst24/public/index.php')
WARNING - 2023-12-20 06:33:37 --> [DEPRECATED] Creation of dynamic property App\Controllers\Admin\AsignaturaController::$asignatura is deprecated in APPPATH/Controllers/Admin/AsignaturaController.php on line 18.
 1 SYSTEMPATH/CodeIgniter.php(914): App\Controllers\Admin\AsignaturaController->__construct()
 2 SYSTEMPATH/CodeIgniter.php(493): CodeIgniter\CodeIgniter->createController()
 3 SYSTEMPATH/CodeIgniter.php(361): CodeIgniter\CodeIgniter->handleRequest(null, Object(Config\Cache), false)
 4 FCPATH/index.php(79): CodeIgniter\CodeIgniter->run()
 5 SYSTEMPATH/Commands/Server/rewrite.php(47): require_once('/run/media/degante/DATA/devs/asesoriasitst24/public/index.php')
INFO - 2023-12-20 06:33:37 --> Session: Class initialized using 'CodeIgniter\Session\Handlers\FileHandler' driver.
WARNING - 2023-12-20 06:33:37 --> [DEPRECATED] Creation of dynamic property App\Controllers\Admin\AsignaturaController::$session is deprecated in APPPATH/Controllers/Admin/AsignaturaController.php on line 19.
 1 SYSTEMPATH/CodeIgniter.php(914): App\Controllers\Admin\AsignaturaController->__construct()
 2 SYSTEMPATH/CodeIgniter.php(493): CodeIgniter\CodeIgniter->createController()
 3 SYSTEMPATH/CodeIgniter.php(361): CodeIgniter\CodeIgniter->handleRequest(null, Object(Config\Cache), false)
 4 FCPATH/index.php(79): CodeIgniter\CodeIgniter->run()
 5 SYSTEMPATH/Commands/Server/rewrite.php(47): require_once('/run/media/degante/DATA/devs/asesoriasitst24/public/index.php')
WARNING - 2023-12-20 06:33:48 --> [DEPRECATED] Creation of dynamic property App\Controllers\Admin\AsignaturaController::$asignatura is deprecated in APPPATH/Controllers/Admin/AsignaturaController.php on line 18.
 1 SYSTEMPATH/CodeIgniter.php(914): App\Controllers\Admin\AsignaturaController->__construct()
 2 SYSTEMPATH/CodeIgniter.php(493): CodeIgniter\CodeIgniter->createController()
 3 SYSTEMPATH/CodeIgniter.php(361): CodeIgniter\CodeIgniter->handleRequest(null, Object(Config\Cache), false)
 4 FCPATH/index.php(79): CodeIgniter\CodeIgniter->run()
 5 SYSTEMPATH/Commands/Server/rewrite.php(47): require_once('/run/media/degante/DATA/devs/asesoriasitst24/public/index.php')
INFO - 2023-12-20 06:33:48 --> Session: Class initialized using 'CodeIgniter\Session\Handlers\FileHandler' driver.
WARNING - 2023-12-20 06:33:48 --> [DEPRECATED] Creation of dynamic property App\Controllers\Admin\AsignaturaController::$session is deprecated in APPPATH/Controllers/Admin/AsignaturaController.php on line 19.
 1 SYSTEMPATH/CodeIgniter.php(914): App\Controllers\Admin\AsignaturaController->__construct()
 2 SYSTEMPATH/CodeIgniter.php(493): CodeIgniter\CodeIgniter->createController()
 3 SYSTEMPATH/CodeIgniter.php(361): CodeIgniter\CodeIgniter->handleRequest(null, Object(Config\Cache), false)
 4 FCPATH/index.php(79): CodeIgniter\CodeIgniter->run()
 5 SYSTEMPATH/Commands/Server/rewrite.php(47): require_once('/run/media/degante/DATA/devs/asesoriasitst24/public/index.php')
CRITICAL - 2023-12-20 06:33:48 --> Invalid file: "admin/template/layout.php"
in SYSTEMPATH/Exceptions/FrameworkException.php on line 39.
 1 SYSTEMPATH/View/View.php(216): CodeIgniter\Exceptions\FrameworkException::forInvalidFile()
 2 SYSTEMPATH/View/View.php(244): CodeIgniter\View\View->render()
 3 SYSTEMPATH/Common.php(1190): CodeIgniter\View\View->render()
 4 APPPATH/Controllers/Admin/AsignaturaController.php(59): view()
 5 SYSTEMPATH/CodeIgniter.php(942): App\Controllers\Admin\AsignaturaController->new()
 6 SYSTEMPATH/CodeIgniter.php(502): CodeIgniter\CodeIgniter->runController()
 7 SYSTEMPATH/CodeIgniter.php(361): CodeIgniter\CodeIgniter->handleRequest()
 8 FCPATH/index.php(79): CodeIgniter\CodeIgniter->run()
 9 SYSTEMPATH/Commands/Server/rewrite.php(47): require_once('/run/media/degante/DATA/devs/asesoriasitst24/public/index.php')
WARNING - 2023-12-20 06:33:50 --> [DEPRECATED] Creation of dynamic property App\Controllers\Admin\AsignaturaController::$asignatura is deprecated in APPPATH/Controllers/Admin/AsignaturaController.php on line 18.
 1 SYSTEMPATH/CodeIgniter.php(914): App\Controllers\Admin\AsignaturaController->__construct()
 2 SYSTEMPATH/CodeIgniter.php(493): CodeIgniter\CodeIgniter->createController()
 3 SYSTEMPATH/CodeIgniter.php(361): CodeIgniter\CodeIgniter->handleRequest(null, Object(Config\Cache), false)
 4 FCPATH/index.php(79): CodeIgniter\CodeIgniter->run()
 5 SYSTEMPATH/Commands/Server/rewrite.php(47): require_once('/run/media/degante/DATA/devs/asesoriasitst24/public/index.php')
INFO - 2023-12-20 06:33:50 --> Session: Class initialized using 'CodeIgniter\Session\Handlers\FileHandler' driver.
WARNING - 2023-12-20 06:33:50 --> [DEPRECATED] Creation of dynamic property App\Controllers\Admin\AsignaturaController::$session is deprecated in APPPATH/Controllers/Admin/AsignaturaController.php on line 19.
 1 SYSTEMPATH/CodeIgniter.php(914): App\Controllers\Admin\AsignaturaController->__construct()
 2 SYSTEMPATH/CodeIgniter.php(493): CodeIgniter\CodeIgniter->createController()
 3 SYSTEMPATH/CodeIgniter.php(361): CodeIgniter\CodeIgniter->handleRequest(null, Object(Config\Cache), false)
 4 FCPATH/index.php(79): CodeIgniter\CodeIgniter->run()
 5 SYSTEMPATH/Commands/Server/rewrite.php(47): require_once('/run/media/degante/DATA/devs/asesoriasitst24/public/index.php')
WARNING - 2023-12-20 06:34:38 --> [DEPRECATED] Creation of dynamic property App\Controllers\Admin\AsignaturaController::$asignatura is deprecated in APPPATH/Controllers/Admin/AsignaturaController.php on line 18.
 1 SYSTEMPATH/CodeIgniter.php(914): App\Controllers\Admin\AsignaturaController->__construct()
 2 SYSTEMPATH/CodeIgniter.php(493): CodeIgniter\CodeIgniter->createController()
 3 SYSTEMPATH/CodeIgniter.php(361): CodeIgniter\CodeIgniter->handleRequest(null, Object(Config\Cache), false)
 4 FCPATH/index.php(79): CodeIgniter\CodeIgniter->run()
 5 SYSTEMPATH/Commands/Server/rewrite.php(47): require_once('/run/media/degante/DATA/devs/asesoriasitst24/public/index.php')
INFO - 2023-12-20 06:34:38 --> Session: Class initialized using 'CodeIgniter\Session\Handlers\FileHandler' driver.
WARNING - 2023-12-20 06:34:38 --> [DEPRECATED] Creation of dynamic property App\Controllers\Admin\AsignaturaController::$session is deprecated in APPPATH/Controllers/Admin/AsignaturaController.php on line 19.
 1 SYSTEMPATH/CodeIgniter.php(914): App\Controllers\Admin\AsignaturaController->__construct()
 2 SYSTEMPATH/CodeIgniter.php(493): CodeIgniter\CodeIgniter->createController()
 3 SYSTEMPATH/CodeIgniter.php(361): CodeIgniter\CodeIgniter->handleRequest(null, Object(Config\Cache), false)
 4 FCPATH/index.php(79): CodeIgniter\CodeIgniter->run()
 5 SYSTEMPATH/Commands/Server/rewrite.php(47): require_once('/run/media/degante/DATA/devs/asesoriasitst24/public/index.php')
WARNING - 2023-12-20 06:34:57 --> [DEPRECATED] Creation of dynamic property App\Controllers\Admin\AsignaturaController::$asignatura is deprecated in APPPATH/Controllers/Admin/AsignaturaController.php on line 18.
 1 SYSTEMPATH/CodeIgniter.php(914): App\Controllers\Admin\AsignaturaController->__construct()
 2 SYSTEMPATH/CodeIgniter.php(493): CodeIgniter\CodeIgniter->createController()
 3 SYSTEMPATH/CodeIgniter.php(361): CodeIgniter\CodeIgniter->handleRequest(null, Object(Config\Cache), false)
 4 FCPATH/index.php(79): CodeIgniter\CodeIgniter->run()
 5 SYSTEMPATH/Commands/Server/rewrite.php(47): require_once('/run/media/degante/DATA/devs/asesoriasitst24/public/index.php')
INFO - 2023-12-20 06:34:57 --> Session: Class initialized using 'CodeIgniter\Session\Handlers\FileHandler' driver.
WARNING - 2023-12-20 06:34:57 --> [DEPRECATED] Creation of dynamic property App\Controllers\Admin\AsignaturaController::$session is deprecated in APPPATH/Controllers/Admin/AsignaturaController.php on line 19.
 1 SYSTEMPATH/CodeIgniter.php(914): App\Controllers\Admin\AsignaturaController->__construct()
 2 SYSTEMPATH/CodeIgniter.php(493): CodeIgniter\CodeIgniter->createController()
 3 SYSTEMPATH/CodeIgniter.php(361): CodeIgniter\CodeIgniter->handleRequest(null, Object(Config\Cache), false)
 4 FCPATH/index.php(79): CodeIgniter\CodeIgniter->run()
 5 SYSTEMPATH/Commands/Server/rewrite.php(47): require_once('/run/media/degante/DATA/devs/asesoriasitst24/public/index.php')
WARNING - 2023-12-20 06:35:14 --> [DEPRECATED] Creation of dynamic property App\Controllers\Admin\AsignaturaController::$asignatura is deprecated in APPPATH/Controllers/Admin/AsignaturaController.php on line 18.
 1 SYSTEMPATH/CodeIgniter.php(914): App\Controllers\Admin\AsignaturaController->__construct()
 2 SYSTEMPATH/CodeIgniter.php(493): CodeIgniter\CodeIgniter->createController()
 3 SYSTEMPATH/CodeIgniter.php(361): CodeIgniter\CodeIgniter->handleRequest(null, Object(Config\Cache), false)
 4 FCPATH/index.php(79): CodeIgniter\CodeIgniter->run()
 5 SYSTEMPATH/Commands/Server/rewrite.php(47): require_once('/run/media/degante/DATA/devs/asesoriasitst24/public/index.php')
INFO - 2023-12-20 06:35:14 --> Session: Class initialized using 'CodeIgniter\Session\Handlers\FileHandler' driver.
WARNING - 2023-12-20 06:35:14 --> [DEPRECATED] Creation of dynamic property App\Controllers\Admin\AsignaturaController::$session is deprecated in APPPATH/Controllers/Admin/AsignaturaController.php on line 19.
 1 SYSTEMPATH/CodeIgniter.php(914): App\Controllers\Admin\AsignaturaController->__construct()
 2 SYSTEMPATH/CodeIgniter.php(493): CodeIgniter\CodeIgniter->createController()
 3 SYSTEMPATH/CodeIgniter.php(361): CodeIgniter\CodeIgniter->handleRequest(null, Object(Config\Cache), false)
 4 FCPATH/index.php(79): CodeIgniter\CodeIgniter->run()
 5 SYSTEMPATH/Commands/Server/rewrite.php(47): require_once('/run/media/degante/DATA/devs/asesoriasitst24/public/index.php')
WARNING - 2023-12-20 06:35:44 --> [DEPRECATED] Creation of dynamic property App\Controllers\Admin\AsignaturaController::$asignatura is deprecated in APPPATH/Controllers/Admin/AsignaturaController.php on line 18.
 1 SYSTEMPATH/CodeIgniter.php(914): App\Controllers\Admin\AsignaturaController->__construct()
 2 SYSTEMPATH/CodeIgniter.php(493): CodeIgniter\CodeIgniter->createController()
 3 SYSTEMPATH/CodeIgniter.php(361): CodeIgniter\CodeIgniter->handleRequest(null, Object(Config\Cache), false)
 4 FCPATH/index.php(79): CodeIgniter\CodeIgniter->run()
 5 SYSTEMPATH/Commands/Server/rewrite.php(47): require_once('/run/media/degante/DATA/devs/asesoriasitst24/public/index.php')
INFO - 2023-12-20 06:35:44 --> Session: Class initialized using 'CodeIgniter\Session\Handlers\FileHandler' driver.
WARNING - 2023-12-20 06:35:44 --> [DEPRECATED] Creation of dynamic property App\Controllers\Admin\AsignaturaController::$session is deprecated in APPPATH/Controllers/Admin/AsignaturaController.php on line 19.
 1 SYSTEMPATH/CodeIgniter.php(914): App\Controllers\Admin\AsignaturaController->__construct()
 2 SYSTEMPATH/CodeIgniter.php(493): CodeIgniter\CodeIgniter->createController()
 3 SYSTEMPATH/CodeIgniter.php(361): CodeIgniter\CodeIgniter->handleRequest(null, Object(Config\Cache), false)
 4 FCPATH/index.php(79): CodeIgniter\CodeIgniter->run()
 5 SYSTEMPATH/Commands/Server/rewrite.php(47): require_once('/run/media/degante/DATA/devs/asesoriasitst24/public/index.php')
WARNING - 2023-12-20 06:36:20 --> [DEPRECATED] Creation of dynamic property App\Controllers\Admin\AsignaturaController::$asignatura is deprecated in APPPATH/Controllers/Admin/AsignaturaController.php on line 18.
 1 SYSTEMPATH/CodeIgniter.php(914): App\Controllers\Admin\AsignaturaController->__construct()
 2 SYSTEMPATH/CodeIgniter.php(493): CodeIgniter\CodeIgniter->createController()
 3 SYSTEMPATH/CodeIgniter.php(361): CodeIgniter\CodeIgniter->handleRequest(null, Object(Config\Cache), false)
 4 FCPATH/index.php(79): CodeIgniter\CodeIgniter->run()
 5 SYSTEMPATH/Commands/Server/rewrite.php(47): require_once('/run/media/degante/DATA/devs/asesoriasitst24/public/index.php')
INFO - 2023-12-20 06:36:20 --> Session: Class initialized using 'CodeIgniter\Session\Handlers\FileHandler' driver.
WARNING - 2023-12-20 06:36:20 --> [DEPRECATED] Creation of dynamic property App\Controllers\Admin\AsignaturaController::$session is deprecated in APPPATH/Controllers/Admin/AsignaturaController.php on line 19.
 1 SYSTEMPATH/CodeIgniter.php(914): App\Controllers\Admin\AsignaturaController->__construct()
 2 SYSTEMPATH/CodeIgniter.php(493): CodeIgniter\CodeIgniter->createController()
 3 SYSTEMPATH/CodeIgniter.php(361): CodeIgniter\CodeIgniter->handleRequest(null, Object(Config\Cache), false)
 4 FCPATH/index.php(79): CodeIgniter\CodeIgniter->run()
 5 SYSTEMPATH/Commands/Server/rewrite.php(47): require_once('/run/media/degante/DATA/devs/asesoriasitst24/public/index.php')
WARNING - 2023-12-20 06:36:42 --> [DEPRECATED] Creation of dynamic property App\Controllers\Admin\AsignaturaController::$asignatura is deprecated in APPPATH/Controllers/Admin/AsignaturaController.php on line 18.
 1 SYSTEMPATH/CodeIgniter.php(914): App\Controllers\Admin\AsignaturaController->__construct()
 2 SYSTEMPATH/CodeIgniter.php(493): CodeIgniter\CodeIgniter->createController()
 3 SYSTEMPATH/CodeIgniter.php(361): CodeIgniter\CodeIgniter->handleRequest(null, Object(Config\Cache), false)
 4 FCPATH/index.php(79): CodeIgniter\CodeIgniter->run()
 5 SYSTEMPATH/Commands/Server/rewrite.php(47): require_once('/run/media/degante/DATA/devs/asesoriasitst24/public/index.php')
INFO - 2023-12-20 06:36:42 --> Session: Class initialized using 'CodeIgniter\Session\Handlers\FileHandler' driver.
WARNING - 2023-12-20 06:36:42 --> [DEPRECATED] Creation of dynamic property App\Controllers\Admin\AsignaturaController::$session is deprecated in APPPATH/Controllers/Admin/AsignaturaController.php on line 19.
 1 SYSTEMPATH/CodeIgniter.php(914): App\Controllers\Admin\AsignaturaController->__construct()
 2 SYSTEMPATH/CodeIgniter.php(493): CodeIgniter\CodeIgniter->createController()
 3 SYSTEMPATH/CodeIgniter.php(361): CodeIgniter\CodeIgniter->handleRequest(null, Object(Config\Cache), false)
 4 FCPATH/index.php(79): CodeIgniter\CodeIgniter->run()
 5 SYSTEMPATH/Commands/Server/rewrite.php(47): require_once('/run/media/degante/DATA/devs/asesoriasitst24/public/index.php')
WARNING - 2023-12-20 06:37:30 --> [DEPRECATED] Creation of dynamic property App\Controllers\Admin\AsignaturaController::$asignatura is deprecated in APPPATH/Controllers/Admin/AsignaturaController.php on line 18.
 1 SYSTEMPATH/CodeIgniter.php(914): App\Controllers\Admin\AsignaturaController->__construct()
 2 SYSTEMPATH/CodeIgniter.php(493): CodeIgniter\CodeIgniter->createController()
 3 SYSTEMPATH/CodeIgniter.php(361): CodeIgniter\CodeIgniter->handleRequest(null, Object(Config\Cache), false)
 4 FCPATH/index.php(79): CodeIgniter\CodeIgniter->run()
 5 SYSTEMPATH/Commands/Server/rewrite.php(47): require_once('/run/media/degante/DATA/devs/asesoriasitst24/public/index.php')
INFO - 2023-12-20 06:37:30 --> Session: Class initialized using 'CodeIgniter\Session\Handlers\FileHandler' driver.
WARNING - 2023-12-20 06:37:30 --> [DEPRECATED] Creation of dynamic property App\Controllers\Admin\AsignaturaController::$session is deprecated in APPPATH/Controllers/Admin/AsignaturaController.php on line 19.
 1 SYSTEMPATH/CodeIgniter.php(914): App\Controllers\Admin\AsignaturaController->__construct()
 2 SYSTEMPATH/CodeIgniter.php(493): CodeIgniter\CodeIgniter->createController()
 3 SYSTEMPATH/CodeIgniter.php(361): CodeIgniter\CodeIgniter->handleRequest(null, Object(Config\Cache), false)
 4 FCPATH/index.php(79): CodeIgniter\CodeIgniter->run()
 5 SYSTEMPATH/Commands/Server/rewrite.php(47): require_once('/run/media/degante/DATA/devs/asesoriasitst24/public/index.php')
WARNING - 2023-12-20 06:37:44 --> [DEPRECATED] Creation of dynamic property App\Controllers\Admin\AsignaturaController::$asignatura is deprecated in APPPATH/Controllers/Admin/AsignaturaController.php on line 18.
 1 SYSTEMPATH/CodeIgniter.php(914): App\Controllers\Admin\AsignaturaController->__construct()
 2 SYSTEMPATH/CodeIgniter.php(493): CodeIgniter\CodeIgniter->createController()
 3 SYSTEMPATH/CodeIgniter.php(361): CodeIgniter\CodeIgniter->handleRequest(null, Object(Config\Cache), false)
 4 FCPATH/index.php(79): CodeIgniter\CodeIgniter->run()
 5 SYSTEMPATH/Commands/Server/rewrite.php(47): require_once('/run/media/degante/DATA/devs/asesoriasitst24/public/index.php')
INFO - 2023-12-20 06:37:44 --> Session: Class initialized using 'CodeIgniter\Session\Handlers\FileHandler' driver.
WARNING - 2023-12-20 06:37:44 --> [DEPRECATED] Creation of dynamic property App\Controllers\Admin\AsignaturaController::$session is deprecated in APPPATH/Controllers/Admin/AsignaturaController.php on line 19.
 1 SYSTEMPATH/CodeIgniter.php(914): App\Controllers\Admin\AsignaturaController->__construct()
 2 SYSTEMPATH/CodeIgniter.php(493): CodeIgniter\CodeIgniter->createController()
 3 SYSTEMPATH/CodeIgniter.php(361): CodeIgniter\CodeIgniter->handleRequest(null, Object(Config\Cache), false)
 4 FCPATH/index.php(79): CodeIgniter\CodeIgniter->run()
 5 SYSTEMPATH/Commands/Server/rewrite.php(47): require_once('/run/media/degante/DATA/devs/asesoriasitst24/public/index.php')
WARNING - 2023-12-20 06:37:53 --> [DEPRECATED] Creation of dynamic property App\Controllers\Admin\AsignaturaController::$asignatura is deprecated in APPPATH/Controllers/Admin/AsignaturaController.php on line 18.
 1 SYSTEMPATH/CodeIgniter.php(914): App\Controllers\Admin\AsignaturaController->__construct()
 2 SYSTEMPATH/CodeIgniter.php(493): CodeIgniter\CodeIgniter->createController()
 3 SYSTEMPATH/CodeIgniter.php(361): CodeIgniter\CodeIgniter->handleRequest(null, Object(Config\Cache), false)
 4 FCPATH/index.php(79): CodeIgniter\CodeIgniter->run()
 5 SYSTEMPATH/Commands/Server/rewrite.php(47): require_once('/run/media/degante/DATA/devs/asesoriasitst24/public/index.php')
INFO - 2023-12-20 06:37:53 --> Session: Class initialized using 'CodeIgniter\Session\Handlers\FileHandler' driver.
WARNING - 2023-12-20 06:37:53 --> [DEPRECATED] Creation of dynamic property App\Controllers\Admin\AsignaturaController::$session is deprecated in APPPATH/Controllers/Admin/AsignaturaController.php on line 19.
 1 SYSTEMPATH/CodeIgniter.php(914): App\Controllers\Admin\AsignaturaController->__construct()
 2 SYSTEMPATH/CodeIgniter.php(493): CodeIgniter\CodeIgniter->createController()
 3 SYSTEMPATH/CodeIgniter.php(361): CodeIgniter\CodeIgniter->handleRequest(null, Object(Config\Cache), false)
 4 FCPATH/index.php(79): CodeIgniter\CodeIgniter->run()
 5 SYSTEMPATH/Commands/Server/rewrite.php(47): require_once('/run/media/degante/DATA/devs/asesoriasitst24/public/index.php')
WARNING - 2023-12-20 06:38:02 --> [DEPRECATED] Creation of dynamic property App\Controllers\Admin\AsignaturaController::$asignatura is deprecated in APPPATH/Controllers/Admin/AsignaturaController.php on line 18.
 1 SYSTEMPATH/CodeIgniter.php(914): App\Controllers\Admin\AsignaturaController->__construct()
 2 SYSTEMPATH/CodeIgniter.php(493): CodeIgniter\CodeIgniter->createController()
 3 SYSTEMPATH/CodeIgniter.php(361): CodeIgniter\CodeIgniter->handleRequest(null, Object(Config\Cache), false)
 4 FCPATH/index.php(79): CodeIgniter\CodeIgniter->run()
 5 SYSTEMPATH/Commands/Server/rewrite.php(47): require_once('/run/media/degante/DATA/devs/asesoriasitst24/public/index.php')
INFO - 2023-12-20 06:38:02 --> Session: Class initialized using 'CodeIgniter\Session\Handlers\FileHandler' driver.
WARNING - 2023-12-20 06:38:02 --> [DEPRECATED] Creation of dynamic property App\Controllers\Admin\AsignaturaController::$session is deprecated in APPPATH/Controllers/Admin/AsignaturaController.php on line 19.
 1 SYSTEMPATH/CodeIgniter.php(914): App\Controllers\Admin\AsignaturaController->__construct()
 2 SYSTEMPATH/CodeIgniter.php(493): CodeIgniter\CodeIgniter->createController()
 3 SYSTEMPATH/CodeIgniter.php(361): CodeIgniter\CodeIgniter->handleRequest(null, Object(Config\Cache), false)
 4 FCPATH/index.php(79): CodeIgniter\CodeIgniter->run()
 5 SYSTEMPATH/Commands/Server/rewrite.php(47): require_once('/run/media/degante/DATA/devs/asesoriasitst24/public/index.php')
WARNING - 2023-12-20 06:38:09 --> [DEPRECATED] Creation of dynamic property App\Controllers\Admin\AsignaturaController::$asignatura is deprecated in APPPATH/Controllers/Admin/AsignaturaController.php on line 18.
 1 SYSTEMPATH/CodeIgniter.php(914): App\Controllers\Admin\AsignaturaController->__construct()
 2 SYSTEMPATH/CodeIgniter.php(493): CodeIgniter\CodeIgniter->createController()
 3 SYSTEMPATH/CodeIgniter.php(361): CodeIgniter\CodeIgniter->handleRequest(null, Object(Config\Cache), false)
 4 FCPATH/index.php(79): CodeIgniter\CodeIgniter->run()
 5 SYSTEMPATH/Commands/Server/rewrite.php(47): require_once('/run/media/degante/DATA/devs/asesoriasitst24/public/index.php')
INFO - 2023-12-20 06:38:09 --> Session: Class initialized using 'CodeIgniter\Session\Handlers\FileHandler' driver.
WARNING - 2023-12-20 06:38:09 --> [DEPRECATED] Creation of dynamic property App\Controllers\Admin\AsignaturaController::$session is deprecated in APPPATH/Controllers/Admin/AsignaturaController.php on line 19.
 1 SYSTEMPATH/CodeIgniter.php(914): App\Controllers\Admin\AsignaturaController->__construct()
 2 SYSTEMPATH/CodeIgniter.php(493): CodeIgniter\CodeIgniter->createController()
 3 SYSTEMPATH/CodeIgniter.php(361): CodeIgniter\CodeIgniter->handleRequest(null, Object(Config\Cache), false)
 4 FCPATH/index.php(79): CodeIgniter\CodeIgniter->run()
 5 SYSTEMPATH/Commands/Server/rewrite.php(47): require_once('/run/media/degante/DATA/devs/asesoriasitst24/public/index.php')
WARNING - 2023-12-20 06:38:14 --> [DEPRECATED] Creation of dynamic property App\Controllers\Admin\AsignaturaController::$asignatura is deprecated in APPPATH/Controllers/Admin/AsignaturaController.php on line 18.
 1 SYSTEMPATH/CodeIgniter.php(914): App\Controllers\Admin\AsignaturaController->__construct()
 2 SYSTEMPATH/CodeIgniter.php(493): CodeIgniter\CodeIgniter->createController()
 3 SYSTEMPATH/CodeIgniter.php(361): CodeIgniter\CodeIgniter->handleRequest(null, Object(Config\Cache), false)
 4 FCPATH/index.php(79): CodeIgniter\CodeIgniter->run()
 5 SYSTEMPATH/Commands/Server/rewrite.php(47): require_once('/run/media/degante/DATA/devs/asesoriasitst24/public/index.php')
INFO - 2023-12-20 06:38:14 --> Session: Class initialized using 'CodeIgniter\Session\Handlers\FileHandler' driver.
WARNING - 2023-12-20 06:38:14 --> [DEPRECATED] Creation of dynamic property App\Controllers\Admin\AsignaturaController::$session is deprecated in APPPATH/Controllers/Admin/AsignaturaController.php on line 19.
 1 SYSTEMPATH/CodeIgniter.php(914): App\Controllers\Admin\AsignaturaController->__construct()
 2 SYSTEMPATH/CodeIgniter.php(493): CodeIgniter\CodeIgniter->createController()
 3 SYSTEMPATH/CodeIgniter.php(361): CodeIgniter\CodeIgniter->handleRequest(null, Object(Config\Cache), false)
 4 FCPATH/index.php(79): CodeIgniter\CodeIgniter->run()
 5 SYSTEMPATH/Commands/Server/rewrite.php(47): require_once('/run/media/degante/DATA/devs/asesoriasitst24/public/index.php')
WARNING - 2023-12-20 06:38:31 --> [DEPRECATED] Creation of dynamic property App\Controllers\Admin\AsignaturaController::$asignatura is deprecated in APPPATH/Controllers/Admin/AsignaturaController.php on line 18.
 1 SYSTEMPATH/CodeIgniter.php(914): App\Controllers\Admin\AsignaturaController->__construct()
 2 SYSTEMPATH/CodeIgniter.php(493): CodeIgniter\CodeIgniter->createController()
 3 SYSTEMPATH/CodeIgniter.php(361): CodeIgniter\CodeIgniter->handleRequest(null, Object(Config\Cache), false)
 4 FCPATH/index.php(79): CodeIgniter\CodeIgniter->run()
 5 SYSTEMPATH/Commands/Server/rewrite.php(47): require_once('/run/media/degante/DATA/devs/asesoriasitst24/public/index.php')
INFO - 2023-12-20 06:38:31 --> Session: Class initialized using 'CodeIgniter\Session\Handlers\FileHandler' driver.
WARNING - 2023-12-20 06:38:31 --> [DEPRECATED] Creation of dynamic property App\Controllers\Admin\AsignaturaController::$session is deprecated in APPPATH/Controllers/Admin/AsignaturaController.php on line 19.
 1 SYSTEMPATH/CodeIgniter.php(914): App\Controllers\Admin\AsignaturaController->__construct()
 2 SYSTEMPATH/CodeIgniter.php(493): CodeIgniter\CodeIgniter->createController()
 3 SYSTEMPATH/CodeIgniter.php(361): CodeIgniter\CodeIgniter->handleRequest(null, Object(Config\Cache), false)
 4 FCPATH/index.php(79): CodeIgniter\CodeIgniter->run()
 5 SYSTEMPATH/Commands/Server/rewrite.php(47): require_once('/run/media/degante/DATA/devs/asesoriasitst24/public/index.php')
WARNING - 2023-12-20 06:38:44 --> [DEPRECATED] Creation of dynamic property App\Controllers\Admin\AsignaturaController::$asignatura is deprecated in APPPATH/Controllers/Admin/AsignaturaController.php on line 18.
 1 SYSTEMPATH/CodeIgniter.php(914): App\Controllers\Admin\AsignaturaController->__construct()
 2 SYSTEMPATH/CodeIgniter.php(493): CodeIgniter\CodeIgniter->createController()
 3 SYSTEMPATH/CodeIgniter.php(361): CodeIgniter\CodeIgniter->handleRequest(null, Object(Config\Cache), false)
 4 FCPATH/index.php(79): CodeIgniter\CodeIgniter->run()
 5 SYSTEMPATH/Commands/Server/rewrite.php(47): require_once('/run/media/degante/DATA/devs/asesoriasitst24/public/index.php')
INFO - 2023-12-20 06:38:44 --> Session: Class initialized using 'CodeIgniter\Session\Handlers\FileHandler' driver.
WARNING - 2023-12-20 06:38:44 --> [DEPRECATED] Creation of dynamic property App\Controllers\Admin\AsignaturaController::$session is deprecated in APPPATH/Controllers/Admin/AsignaturaController.php on line 19.
 1 SYSTEMPATH/CodeIgniter.php(914): App\Controllers\Admin\AsignaturaController->__construct()
 2 SYSTEMPATH/CodeIgniter.php(493): CodeIgniter\CodeIgniter->createController()
 3 SYSTEMPATH/CodeIgniter.php(361): CodeIgniter\CodeIgniter->handleRequest(null, Object(Config\Cache), false)
 4 FCPATH/index.php(79): CodeIgniter\CodeIgniter->run()
 5 SYSTEMPATH/Commands/Server/rewrite.php(47): require_once('/run/media/degante/DATA/devs/asesoriasitst24/public/index.php')
WARNING - 2023-12-20 06:41:08 --> [DEPRECATED] Creation of dynamic property App\Controllers\Admin\AsignaturaController::$asignatura is deprecated in APPPATH/Controllers/Admin/AsignaturaController.php on line 18.
 1 SYSTEMPATH/CodeIgniter.php(914): App\Controllers\Admin\AsignaturaController->__construct()
 2 SYSTEMPATH/CodeIgniter.php(493): CodeIgniter\CodeIgniter->createController()
 3 SYSTEMPATH/CodeIgniter.php(361): CodeIgniter\CodeIgniter->handleRequest(null, Object(Config\Cache), false)
 4 FCPATH/index.php(79): CodeIgniter\CodeIgniter->run()
 5 SYSTEMPATH/Commands/Server/rewrite.php(47): require_once('/run/media/degante/DATA/devs/asesoriasitst24/public/index.php')
INFO - 2023-12-20 06:41:08 --> Session: Class initialized using 'CodeIgniter\Session\Handlers\FileHandler' driver.
WARNING - 2023-12-20 06:41:08 --> [DEPRECATED] Creation of dynamic property App\Controllers\Admin\AsignaturaController::$session is deprecated in APPPATH/Controllers/Admin/AsignaturaController.php on line 19.
 1 SYSTEMPATH/CodeIgniter.php(914): App\Controllers\Admin\AsignaturaController->__construct()
 2 SYSTEMPATH/CodeIgniter.php(493): CodeIgniter\CodeIgniter->createController()
 3 SYSTEMPATH/CodeIgniter.php(361): CodeIgniter\CodeIgniter->handleRequest(null, Object(Config\Cache), false)
 4 FCPATH/index.php(79): CodeIgniter\CodeIgniter->run()
 5 SYSTEMPATH/Commands/Server/rewrite.php(47): require_once('/run/media/degante/DATA/devs/asesoriasitst24/public/index.php')
WARNING - 2023-12-20 06:41:20 --> [DEPRECATED] Creation of dynamic property App\Controllers\Admin\AsignaturaController::$asignatura is deprecated in APPPATH/Controllers/Admin/AsignaturaController.php on line 18.
 1 SYSTEMPATH/CodeIgniter.php(914): App\Controllers\Admin\AsignaturaController->__construct()
 2 SYSTEMPATH/CodeIgniter.php(493): CodeIgniter\CodeIgniter->createController()
 3 SYSTEMPATH/CodeIgniter.php(361): CodeIgniter\CodeIgniter->handleRequest(null, Object(Config\Cache), false)
 4 FCPATH/index.php(79): CodeIgniter\CodeIgniter->run()
 5 SYSTEMPATH/Commands/Server/rewrite.php(47): require_once('/run/media/degante/DATA/devs/asesoriasitst24/public/index.php')
INFO - 2023-12-20 06:41:20 --> Session: Class initialized using 'CodeIgniter\Session\Handlers\FileHandler' driver.
WARNING - 2023-12-20 06:41:20 --> [DEPRECATED] Creation of dynamic property App\Controllers\Admin\AsignaturaController::$session is deprecated in APPPATH/Controllers/Admin/AsignaturaController.php on line 19.
 1 SYSTEMPATH/CodeIgniter.php(914): App\Controllers\Admin\AsignaturaController->__construct()
 2 SYSTEMPATH/CodeIgniter.php(493): CodeIgniter\CodeIgniter->createController()
 3 SYSTEMPATH/CodeIgniter.php(361): CodeIgniter\CodeIgniter->handleRequest(null, Object(Config\Cache), false)
 4 FCPATH/index.php(79): CodeIgniter\CodeIgniter->run()
 5 SYSTEMPATH/Commands/Server/rewrite.php(47): require_once('/run/media/degante/DATA/devs/asesoriasitst24/public/index.php')
WARNING - 2023-12-20 06:41:42 --> [DEPRECATED] Creation of dynamic property App\Controllers\Admin\AsignaturaController::$asignatura is deprecated in APPPATH/Controllers/Admin/AsignaturaController.php on line 18.
 1 SYSTEMPATH/CodeIgniter.php(914): App\Controllers\Admin\AsignaturaController->__construct()
 2 SYSTEMPATH/CodeIgniter.php(493): CodeIgniter\CodeIgniter->createController()
 3 SYSTEMPATH/CodeIgniter.php(361): CodeIgniter\CodeIgniter->handleRequest(null, Object(Config\Cache), false)
 4 FCPATH/index.php(79): CodeIgniter\CodeIgniter->run()
 5 SYSTEMPATH/Commands/Server/rewrite.php(47): require_once('/run/media/degante/DATA/devs/asesoriasitst24/public/index.php')
INFO - 2023-12-20 06:41:42 --> Session: Class initialized using 'CodeIgniter\Session\Handlers\FileHandler' driver.
WARNING - 2023-12-20 06:41:42 --> [DEPRECATED] Creation of dynamic property App\Controllers\Admin\AsignaturaController::$session is deprecated in APPPATH/Controllers/Admin/AsignaturaController.php on line 19.
 1 SYSTEMPATH/CodeIgniter.php(914): App\Controllers\Admin\AsignaturaController->__construct()
 2 SYSTEMPATH/CodeIgniter.php(493): CodeIgniter\CodeIgniter->createController()
 3 SYSTEMPATH/CodeIgniter.php(361): CodeIgniter\CodeIgniter->handleRequest(null, Object(Config\Cache), false)
 4 FCPATH/index.php(79): CodeIgniter\CodeIgniter->run()
 5 SYSTEMPATH/Commands/Server/rewrite.php(47): require_once('/run/media/degante/DATA/devs/asesoriasitst24/public/index.php')
WARNING - 2023-12-20 06:41:56 --> [DEPRECATED] Creation of dynamic property App\Controllers\Admin\AsignaturaController::$asignatura is deprecated in APPPATH/Controllers/Admin/AsignaturaController.php on line 18.
 1 SYSTEMPATH/CodeIgniter.php(914): App\Controllers\Admin\AsignaturaController->__construct()
 2 SYSTEMPATH/CodeIgniter.php(493): CodeIgniter\CodeIgniter->createController()
 3 SYSTEMPATH/CodeIgniter.php(361): CodeIgniter\CodeIgniter->handleRequest(null, Object(Config\Cache), false)
 4 FCPATH/index.php(79): CodeIgniter\CodeIgniter->run()
 5 SYSTEMPATH/Commands/Server/rewrite.php(47): require_once('/run/media/degante/DATA/devs/asesoriasitst24/public/index.php')
INFO - 2023-12-20 06:41:56 --> Session: Class initialized using 'CodeIgniter\Session\Handlers\FileHandler' driver.
WARNING - 2023-12-20 06:41:56 --> [DEPRECATED] Creation of dynamic property App\Controllers\Admin\AsignaturaController::$session is deprecated in APPPATH/Controllers/Admin/AsignaturaController.php on line 19.
 1 SYSTEMPATH/CodeIgniter.php(914): App\Controllers\Admin\AsignaturaController->__construct()
 2 SYSTEMPATH/CodeIgniter.php(493): CodeIgniter\CodeIgniter->createController()
 3 SYSTEMPATH/CodeIgniter.php(361): CodeIgniter\CodeIgniter->handleRequest(null, Object(Config\Cache), false)
 4 FCPATH/index.php(79): CodeIgniter\CodeIgniter->run()
 5 SYSTEMPATH/Commands/Server/rewrite.php(47): require_once('/run/media/degante/DATA/devs/asesoriasitst24/public/index.php')
WARNING - 2023-12-20 06:42:08 --> [DEPRECATED] Creation of dynamic property App\Controllers\Admin\AsignaturaController::$asignatura is deprecated in APPPATH/Controllers/Admin/AsignaturaController.php on line 18.
 1 SYSTEMPATH/CodeIgniter.php(914): App\Controllers\Admin\AsignaturaController->__construct()
 2 SYSTEMPATH/CodeIgniter.php(493): CodeIgniter\CodeIgniter->createController()
 3 SYSTEMPATH/CodeIgniter.php(361): CodeIgniter\CodeIgniter->handleRequest(null, Object(Config\Cache), false)
 4 FCPATH/index.php(79): CodeIgniter\CodeIgniter->run()
 5 SYSTEMPATH/Commands/Server/rewrite.php(47): require_once('/run/media/degante/DATA/devs/asesoriasitst24/public/index.php')
INFO - 2023-12-20 06:42:08 --> Session: Class initialized using 'CodeIgniter\Session\Handlers\FileHandler' driver.
WARNING - 2023-12-20 06:42:08 --> [DEPRECATED] Creation of dynamic property App\Controllers\Admin\AsignaturaController::$session is deprecated in APPPATH/Controllers/Admin/AsignaturaController.php on line 19.
 1 SYSTEMPATH/CodeIgniter.php(914): App\Controllers\Admin\AsignaturaController->__construct()
 2 SYSTEMPATH/CodeIgniter.php(493): CodeIgniter\CodeIgniter->createController()
 3 SYSTEMPATH/CodeIgniter.php(361): CodeIgniter\CodeIgniter->handleRequest(null, Object(Config\Cache), false)
 4 FCPATH/index.php(79): CodeIgniter\CodeIgniter->run()
 5 SYSTEMPATH/Commands/Server/rewrite.php(47): require_once('/run/media/degante/DATA/devs/asesoriasitst24/public/index.php')
WARNING - 2023-12-20 06:42:13 --> [DEPRECATED] Creation of dynamic property App\Controllers\Admin\AsignaturaController::$asignatura is deprecated in APPPATH/Controllers/Admin/AsignaturaController.php on line 18.
 1 SYSTEMPATH/CodeIgniter.php(914): App\Controllers\Admin\AsignaturaController->__construct()
 2 SYSTEMPATH/CodeIgniter.php(493): CodeIgniter\CodeIgniter->createController()
 3 SYSTEMPATH/CodeIgniter.php(361): CodeIgniter\CodeIgniter->handleRequest(null, Object(Config\Cache), false)
 4 FCPATH/index.php(79): CodeIgniter\CodeIgniter->run()
 5 SYSTEMPATH/Commands/Server/rewrite.php(47): require_once('/run/media/degante/DATA/devs/asesoriasitst24/public/index.php')
INFO - 2023-12-20 06:42:13 --> Session: Class initialized using 'CodeIgniter\Session\Handlers\FileHandler' driver.
WARNING - 2023-12-20 06:42:13 --> [DEPRECATED] Creation of dynamic property App\Controllers\Admin\AsignaturaController::$session is deprecated in APPPATH/Controllers/Admin/AsignaturaController.php on line 19.
 1 SYSTEMPATH/CodeIgniter.php(914): App\Controllers\Admin\AsignaturaController->__construct()
 2 SYSTEMPATH/CodeIgniter.php(493): CodeIgniter\CodeIgniter->createController()
 3 SYSTEMPATH/CodeIgniter.php(361): CodeIgniter\CodeIgniter->handleRequest(null, Object(Config\Cache), false)
 4 FCPATH/index.php(79): CodeIgniter\CodeIgniter->run()
 5 SYSTEMPATH/Commands/Server/rewrite.php(47): require_once('/run/media/degante/DATA/devs/asesoriasitst24/public/index.php')
WARNING - 2023-12-20 06:42:30 --> [DEPRECATED] Creation of dynamic property App\Controllers\Admin\AsignaturaController::$asignatura is deprecated in APPPATH/Controllers/Admin/AsignaturaController.php on line 18.
 1 SYSTEMPATH/CodeIgniter.php(914): App\Controllers\Admin\AsignaturaController->__construct()
 2 SYSTEMPATH/CodeIgniter.php(493): CodeIgniter\CodeIgniter->createController()
 3 SYSTEMPATH/CodeIgniter.php(361): CodeIgniter\CodeIgniter->handleRequest(null, Object(Config\Cache), false)
 4 FCPATH/index.php(79): CodeIgniter\CodeIgniter->run()
 5 SYSTEMPATH/Commands/Server/rewrite.php(47): require_once('/run/media/degante/DATA/devs/asesoriasitst24/public/index.php')
INFO - 2023-12-20 06:42:30 --> Session: Class initialized using 'CodeIgniter\Session\Handlers\FileHandler' driver.
WARNING - 2023-12-20 06:42:30 --> [DEPRECATED] Creation of dynamic property App\Controllers\Admin\AsignaturaController::$session is deprecated in APPPATH/Controllers/Admin/AsignaturaController.php on line 19.
 1 SYSTEMPATH/CodeIgniter.php(914): App\Controllers\Admin\AsignaturaController->__construct()
 2 SYSTEMPATH/CodeIgniter.php(493): CodeIgniter\CodeIgniter->createController()
 3 SYSTEMPATH/CodeIgniter.php(361): CodeIgniter\CodeIgniter->handleRequest(null, Object(Config\Cache), false)
 4 FCPATH/index.php(79): CodeIgniter\CodeIgniter->run()
 5 SYSTEMPATH/Commands/Server/rewrite.php(47): require_once('/run/media/degante/DATA/devs/asesoriasitst24/public/index.php')
CRITICAL - 2023-12-20 06:42:30 --> Invalid file: "admin/template/layout.php"
in SYSTEMPATH/Exceptions/FrameworkException.php on line 39.
 1 SYSTEMPATH/View/View.php(216): CodeIgniter\Exceptions\FrameworkException::forInvalidFile()
 2 SYSTEMPATH/View/View.php(244): CodeIgniter\View\View->render()
 3 SYSTEMPATH/Common.php(1190): CodeIgniter\View\View->render()
 4 APPPATH/Controllers/Admin/AsignaturaController.php(59): view()
 5 SYSTEMPATH/CodeIgniter.php(942): App\Controllers\Admin\AsignaturaController->new()
 6 SYSTEMPATH/CodeIgniter.php(502): CodeIgniter\CodeIgniter->runController()
 7 SYSTEMPATH/CodeIgniter.php(361): CodeIgniter\CodeIgniter->handleRequest()
 8 FCPATH/index.php(79): CodeIgniter\CodeIgniter->run()
 9 SYSTEMPATH/Commands/Server/rewrite.php(47): require_once('/run/media/degante/DATA/devs/asesoriasitst24/public/index.php')
WARNING - 2023-12-20 06:42:57 --> [DEPRECATED] Creation of dynamic property App\Controllers\Admin\AsignaturaController::$asignatura is deprecated in APPPATH/Controllers/Admin/AsignaturaController.php on line 18.
 1 SYSTEMPATH/CodeIgniter.php(914): App\Controllers\Admin\AsignaturaController->__construct()
 2 SYSTEMPATH/CodeIgniter.php(493): CodeIgniter\CodeIgniter->createController()
 3 SYSTEMPATH/CodeIgniter.php(361): CodeIgniter\CodeIgniter->handleRequest(null, Object(Config\Cache), false)
 4 FCPATH/index.php(79): CodeIgniter\CodeIgniter->run()
 5 SYSTEMPATH/Commands/Server/rewrite.php(47): require_once('/run/media/degante/DATA/devs/asesoriasitst24/public/index.php')
INFO - 2023-12-20 06:42:57 --> Session: Class initialized using 'CodeIgniter\Session\Handlers\FileHandler' driver.
WARNING - 2023-12-20 06:42:57 --> [DEPRECATED] Creation of dynamic property App\Controllers\Admin\AsignaturaController::$session is deprecated in APPPATH/Controllers/Admin/AsignaturaController.php on line 19.
 1 SYSTEMPATH/CodeIgniter.php(914): App\Controllers\Admin\AsignaturaController->__construct()
 2 SYSTEMPATH/CodeIgniter.php(493): CodeIgniter\CodeIgniter->createController()
 3 SYSTEMPATH/CodeIgniter.php(361): CodeIgniter\CodeIgniter->handleRequest(null, Object(Config\Cache), false)
 4 FCPATH/index.php(79): CodeIgniter\CodeIgniter->run()
 5 SYSTEMPATH/Commands/Server/rewrite.php(47): require_once('/run/media/degante/DATA/devs/asesoriasitst24/public/index.php')
WARNING - 2023-12-20 06:43:13 --> [DEPRECATED] Creation of dynamic property App\Controllers\Admin\AsignaturaController::$asignatura is deprecated in APPPATH/Controllers/Admin/AsignaturaController.php on line 18.
 1 SYSTEMPATH/CodeIgniter.php(914): App\Controllers\Admin\AsignaturaController->__construct()
 2 SYSTEMPATH/CodeIgniter.php(493): CodeIgniter\CodeIgniter->createController()
 3 SYSTEMPATH/CodeIgniter.php(361): CodeIgniter\CodeIgniter->handleRequest(null, Object(Config\Cache), false)
 4 FCPATH/index.php(79): CodeIgniter\CodeIgniter->run()
 5 SYSTEMPATH/Commands/Server/rewrite.php(47): require_once('/run/media/degante/DATA/devs/asesoriasitst24/public/index.php')
INFO - 2023-12-20 06:43:13 --> Session: Class initialized using 'CodeIgniter\Session\Handlers\FileHandler' driver.
WARNING - 2023-12-20 06:43:13 --> [DEPRECATED] Creation of dynamic property App\Controllers\Admin\AsignaturaController::$session is deprecated in APPPATH/Controllers/Admin/AsignaturaController.php on line 19.
 1 SYSTEMPATH/CodeIgniter.php(914): App\Controllers\Admin\AsignaturaController->__construct()
 2 SYSTEMPATH/CodeIgniter.php(493): CodeIgniter\CodeIgniter->createController()
 3 SYSTEMPATH/CodeIgniter.php(361): CodeIgniter\CodeIgniter->handleRequest(null, Object(Config\Cache), false)
 4 FCPATH/index.php(79): CodeIgniter\CodeIgniter->run()
 5 SYSTEMPATH/Commands/Server/rewrite.php(47): require_once('/run/media/degante/DATA/devs/asesoriasitst24/public/index.php')
WARNING - 2023-12-20 06:43:31 --> [DEPRECATED] Creation of dynamic property App\Controllers\Admin\AsignaturaController::$asignatura is deprecated in APPPATH/Controllers/Admin/AsignaturaController.php on line 18.
 1 SYSTEMPATH/CodeIgniter.php(914): App\Controllers\Admin\AsignaturaController->__construct()
 2 SYSTEMPATH/CodeIgniter.php(493): CodeIgniter\CodeIgniter->createController()
 3 SYSTEMPATH/CodeIgniter.php(361): CodeIgniter\CodeIgniter->handleRequest(null, Object(Config\Cache), false)
 4 FCPATH/index.php(79): CodeIgniter\CodeIgniter->run()
 5 SYSTEMPATH/Commands/Server/rewrite.php(47): require_once('/run/media/degante/DATA/devs/asesoriasitst24/public/index.php')
INFO - 2023-12-20 06:43:31 --> Session: Class initialized using 'CodeIgniter\Session\Handlers\FileHandler' driver.
WARNING - 2023-12-20 06:43:31 --> [DEPRECATED] Creation of dynamic property App\Controllers\Admin\AsignaturaController::$session is deprecated in APPPATH/Controllers/Admin/AsignaturaController.php on line 19.
 1 SYSTEMPATH/CodeIgniter.php(914): App\Controllers\Admin\AsignaturaController->__construct()
 2 SYSTEMPATH/CodeIgniter.php(493): CodeIgniter\CodeIgniter->createController()
 3 SYSTEMPATH/CodeIgniter.php(361): CodeIgniter\CodeIgniter->handleRequest(null, Object(Config\Cache), false)
 4 FCPATH/index.php(79): CodeIgniter\CodeIgniter->run()
 5 SYSTEMPATH/Commands/Server/rewrite.php(47): require_once('/run/media/degante/DATA/devs/asesoriasitst24/public/index.php')
WARNING - 2023-12-20 06:43:45 --> [DEPRECATED] Creation of dynamic property App\Controllers\Admin\AsignaturaController::$asignatura is deprecated in APPPATH/Controllers/Admin/AsignaturaController.php on line 18.
 1 SYSTEMPATH/CodeIgniter.php(914): App\Controllers\Admin\AsignaturaController->__construct()
 2 SYSTEMPATH/CodeIgniter.php(493): CodeIgniter\CodeIgniter->createController()
 3 SYSTEMPATH/CodeIgniter.php(361): CodeIgniter\CodeIgniter->handleRequest(null, Object(Config\Cache), false)
 4 FCPATH/index.php(79): CodeIgniter\CodeIgniter->run()
 5 SYSTEMPATH/Commands/Server/rewrite.php(47): require_once('/run/media/degante/DATA/devs/asesoriasitst24/public/index.php')
INFO - 2023-12-20 06:43:45 --> Session: Class initialized using 'CodeIgniter\Session\Handlers\FileHandler' driver.
WARNING - 2023-12-20 06:43:45 --> [DEPRECATED] Creation of dynamic property App\Controllers\Admin\AsignaturaController::$session is deprecated in APPPATH/Controllers/Admin/AsignaturaController.php on line 19.
 1 SYSTEMPATH/CodeIgniter.php(914): App\Controllers\Admin\AsignaturaController->__construct()
 2 SYSTEMPATH/CodeIgniter.php(493): CodeIgniter\CodeIgniter->createController()
 3 SYSTEMPATH/CodeIgniter.php(361): CodeIgniter\CodeIgniter->handleRequest(null, Object(Config\Cache), false)
 4 FCPATH/index.php(79): CodeIgniter\CodeIgniter->run()
 5 SYSTEMPATH/Commands/Server/rewrite.php(47): require_once('/run/media/degante/DATA/devs/asesoriasitst24/public/index.php')
WARNING - 2023-12-20 06:44:26 --> [DEPRECATED] Creation of dynamic property App\Controllers\Admin\AsignaturaController::$asignatura is deprecated in APPPATH/Controllers/Admin/AsignaturaController.php on line 18.
 1 SYSTEMPATH/CodeIgniter.php(914): App\Controllers\Admin\AsignaturaController->__construct()
 2 SYSTEMPATH/CodeIgniter.php(493): CodeIgniter\CodeIgniter->createController()
 3 SYSTEMPATH/CodeIgniter.php(361): CodeIgniter\CodeIgniter->handleRequest(null, Object(Config\Cache), false)
 4 FCPATH/index.php(79): CodeIgniter\CodeIgniter->run()
 5 SYSTEMPATH/Commands/Server/rewrite.php(47): require_once('/run/media/degante/DATA/devs/asesoriasitst24/public/index.php')
INFO - 2023-12-20 06:44:26 --> Session: Class initialized using 'CodeIgniter\Session\Handlers\FileHandler' driver.
WARNING - 2023-12-20 06:44:26 --> [DEPRECATED] Creation of dynamic property App\Controllers\Admin\AsignaturaController::$session is deprecated in APPPATH/Controllers/Admin/AsignaturaController.php on line 19.
 1 SYSTEMPATH/CodeIgniter.php(914): App\Controllers\Admin\AsignaturaController->__construct()
 2 SYSTEMPATH/CodeIgniter.php(493): CodeIgniter\CodeIgniter->createController()
 3 SYSTEMPATH/CodeIgniter.php(361): CodeIgniter\CodeIgniter->handleRequest(null, Object(Config\Cache), false)
 4 FCPATH/index.php(79): CodeIgniter\CodeIgniter->run()
 5 SYSTEMPATH/Commands/Server/rewrite.php(47): require_once('/run/media/degante/DATA/devs/asesoriasitst24/public/index.php')
WARNING - 2023-12-20 06:44:32 --> [DEPRECATED] Creation of dynamic property App\Controllers\Admin\AsignaturaController::$asignatura is deprecated in APPPATH/Controllers/Admin/AsignaturaController.php on line 18.
 1 SYSTEMPATH/CodeIgniter.php(914): App\Controllers\Admin\AsignaturaController->__construct()
 2 SYSTEMPATH/CodeIgniter.php(493): CodeIgniter\CodeIgniter->createController()
 3 SYSTEMPATH/CodeIgniter.php(361): CodeIgniter\CodeIgniter->handleRequest(null, Object(Config\Cache), false)
 4 FCPATH/index.php(79): CodeIgniter\CodeIgniter->run()
 5 SYSTEMPATH/Commands/Server/rewrite.php(47): require_once('/run/media/degante/DATA/devs/asesoriasitst24/public/index.php')
INFO - 2023-12-20 06:44:32 --> Session: Class initialized using 'CodeIgniter\Session\Handlers\FileHandler' driver.
WARNING - 2023-12-20 06:44:32 --> [DEPRECATED] Creation of dynamic property App\Controllers\Admin\AsignaturaController::$session is deprecated in APPPATH/Controllers/Admin/AsignaturaController.php on line 19.
 1 SYSTEMPATH/CodeIgniter.php(914): App\Controllers\Admin\AsignaturaController->__construct()
 2 SYSTEMPATH/CodeIgniter.php(493): CodeIgniter\CodeIgniter->createController()
 3 SYSTEMPATH/CodeIgniter.php(361): CodeIgniter\CodeIgniter->handleRequest(null, Object(Config\Cache), false)
 4 FCPATH/index.php(79): CodeIgniter\CodeIgniter->run()
 5 SYSTEMPATH/Commands/Server/rewrite.php(47): require_once('/run/media/degante/DATA/devs/asesoriasitst24/public/index.php')
WARNING - 2023-12-20 06:45:01 --> [DEPRECATED] Creation of dynamic property App\Controllers\Admin\AsignaturaController::$asignatura is deprecated in APPPATH/Controllers/Admin/AsignaturaController.php on line 18.
 1 SYSTEMPATH/CodeIgniter.php(914): App\Controllers\Admin\AsignaturaController->__construct()
 2 SYSTEMPATH/CodeIgniter.php(493): CodeIgniter\CodeIgniter->createController()
 3 SYSTEMPATH/CodeIgniter.php(361): CodeIgniter\CodeIgniter->handleRequest(null, Object(Config\Cache), false)
 4 FCPATH/index.php(79): CodeIgniter\CodeIgniter->run()
 5 SYSTEMPATH/Commands/Server/rewrite.php(47): require_once('/run/media/degante/DATA/devs/asesoriasitst24/public/index.php')
INFO - 2023-12-20 06:45:01 --> Session: Class initialized using 'CodeIgniter\Session\Handlers\FileHandler' driver.
WARNING - 2023-12-20 06:45:01 --> [DEPRECATED] Creation of dynamic property App\Controllers\Admin\AsignaturaController::$session is deprecated in APPPATH/Controllers/Admin/AsignaturaController.php on line 19.
 1 SYSTEMPATH/CodeIgniter.php(914): App\Controllers\Admin\AsignaturaController->__construct()
 2 SYSTEMPATH/CodeIgniter.php(493): CodeIgniter\CodeIgniter->createController()
 3 SYSTEMPATH/CodeIgniter.php(361): CodeIgniter\CodeIgniter->handleRequest(null, Object(Config\Cache), false)
 4 FCPATH/index.php(79): CodeIgniter\CodeIgniter->run()
 5 SYSTEMPATH/Commands/Server/rewrite.php(47): require_once('/run/media/degante/DATA/devs/asesoriasitst24/public/index.php')
WARNING - 2023-12-20 06:45:04 --> [DEPRECATED] Creation of dynamic property App\Controllers\Admin\AsignaturaController::$asignatura is deprecated in APPPATH/Controllers/Admin/AsignaturaController.php on line 18.
 1 SYSTEMPATH/CodeIgniter.php(914): App\Controllers\Admin\AsignaturaController->__construct()
 2 SYSTEMPATH/CodeIgniter.php(493): CodeIgniter\CodeIgniter->createController()
 3 SYSTEMPATH/CodeIgniter.php(361): CodeIgniter\CodeIgniter->handleRequest(null, Object(Config\Cache), false)
 4 FCPATH/index.php(79): CodeIgniter\CodeIgniter->run()
 5 SYSTEMPATH/Commands/Server/rewrite.php(47): require_once('/run/media/degante/DATA/devs/asesoriasitst24/public/index.php')
INFO - 2023-12-20 06:45:04 --> Session: Class initialized using 'CodeIgniter\Session\Handlers\FileHandler' driver.
WARNING - 2023-12-20 06:45:04 --> [DEPRECATED] Creation of dynamic property App\Controllers\Admin\AsignaturaController::$session is deprecated in APPPATH/Controllers/Admin/AsignaturaController.php on line 19.
 1 SYSTEMPATH/CodeIgniter.php(914): App\Controllers\Admin\AsignaturaController->__construct()
 2 SYSTEMPATH/CodeIgniter.php(493): CodeIgniter\CodeIgniter->createController()
 3 SYSTEMPATH/CodeIgniter.php(361): CodeIgniter\CodeIgniter->handleRequest(null, Object(Config\Cache), false)
 4 FCPATH/index.php(79): CodeIgniter\CodeIgniter->run()
 5 SYSTEMPATH/Commands/Server/rewrite.php(47): require_once('/run/media/degante/DATA/devs/asesoriasitst24/public/index.php')
WARNING - 2023-12-20 06:45:19 --> [DEPRECATED] Creation of dynamic property App\Controllers\Admin\AsignaturaController::$asignatura is deprecated in APPPATH/Controllers/Admin/AsignaturaController.php on line 18.
 1 SYSTEMPATH/CodeIgniter.php(914): App\Controllers\Admin\AsignaturaController->__construct()
 2 SYSTEMPATH/CodeIgniter.php(493): CodeIgniter\CodeIgniter->createController()
 3 SYSTEMPATH/CodeIgniter.php(361): CodeIgniter\CodeIgniter->handleRequest(null, Object(Config\Cache), false)
 4 FCPATH/index.php(79): CodeIgniter\CodeIgniter->run()
 5 SYSTEMPATH/Commands/Server/rewrite.php(47): require_once('/run/media/degante/DATA/devs/asesoriasitst24/public/index.php')
INFO - 2023-12-20 06:45:19 --> Session: Class initialized using 'CodeIgniter\Session\Handlers\FileHandler' driver.
WARNING - 2023-12-20 06:45:19 --> [DEPRECATED] Creation of dynamic property App\Controllers\Admin\AsignaturaController::$session is deprecated in APPPATH/Controllers/Admin/AsignaturaController.php on line 19.
 1 SYSTEMPATH/CodeIgniter.php(914): App\Controllers\Admin\AsignaturaController->__construct()
 2 SYSTEMPATH/CodeIgniter.php(493): CodeIgniter\CodeIgniter->createController()
 3 SYSTEMPATH/CodeIgniter.php(361): CodeIgniter\CodeIgniter->handleRequest(null, Object(Config\Cache), false)
 4 FCPATH/index.php(79): CodeIgniter\CodeIgniter->run()
 5 SYSTEMPATH/Commands/Server/rewrite.php(47): require_once('/run/media/degante/DATA/devs/asesoriasitst24/public/index.php')
WARNING - 2023-12-20 06:45:44 --> [DEPRECATED] Creation of dynamic property App\Controllers\Admin\AsignaturaController::$asignatura is deprecated in APPPATH/Controllers/Admin/AsignaturaController.php on line 18.
 1 SYSTEMPATH/CodeIgniter.php(914): App\Controllers\Admin\AsignaturaController->__construct()
 2 SYSTEMPATH/CodeIgniter.php(493): CodeIgniter\CodeIgniter->createController()
 3 SYSTEMPATH/CodeIgniter.php(361): CodeIgniter\CodeIgniter->handleRequest(null, Object(Config\Cache), false)
 4 FCPATH/index.php(79): CodeIgniter\CodeIgniter->run()
 5 SYSTEMPATH/Commands/Server/rewrite.php(47): require_once('/run/media/degante/DATA/devs/asesoriasitst24/public/index.php')
INFO - 2023-12-20 06:45:44 --> Session: Class initialized using 'CodeIgniter\Session\Handlers\FileHandler' driver.
WARNING - 2023-12-20 06:45:44 --> [DEPRECATED] Creation of dynamic property App\Controllers\Admin\AsignaturaController::$session is deprecated in APPPATH/Controllers/Admin/AsignaturaController.php on line 19.
 1 SYSTEMPATH/CodeIgniter.php(914): App\Controllers\Admin\AsignaturaController->__construct()
 2 SYSTEMPATH/CodeIgniter.php(493): CodeIgniter\CodeIgniter->createController()
 3 SYSTEMPATH/CodeIgniter.php(361): CodeIgniter\CodeIgniter->handleRequest(null, Object(Config\Cache), false)
 4 FCPATH/index.php(79): CodeIgniter\CodeIgniter->run()
 5 SYSTEMPATH/Commands/Server/rewrite.php(47): require_once('/run/media/degante/DATA/devs/asesoriasitst24/public/index.php')
