INFO - 2024-01-03 00:03:55 --> Session: Class initialized using 'CodeIgniter\Session\Handlers\FileHandler' driver.
WARNING - 2024-01-03 00:03:55 --> [DEPRECATED] Creation of dynamic property App\Controllers\Admin\AsignaturaController::$asignatura is deprecated in APPPATH\Controllers\Admin\AsignaturaController.php on line 18.
 1 SYSTEMPATH\CodeIgniter.php(914): App\Controllers\Admin\AsignaturaController->__construct()
 2 SYSTEMPATH\CodeIgniter.php(493): CodeIgniter\CodeIgniter->createController()
 3 SYSTEMPATH\CodeIgniter.php(361): CodeIgniter\CodeIgniter->handleRequest(null, Object(Config\Cache), false)
 4 FCPATH\index.php(79): CodeIgniter\CodeIgniter->run()
 5 SYSTEMPATH\Commands\Server\rewrite.php(47): require_once('D:\\devs\\asesoriasitst24\\public\\index.php')
WARNING - 2024-01-03 00:03:55 --> [DEPRECATED] Creation of dynamic property App\Controllers\Admin\AsignaturaController::$session is deprecated in APPPATH\Controllers\Admin\AsignaturaController.php on line 19.
 1 SYSTEMPATH\CodeIgniter.php(914): App\Controllers\Admin\AsignaturaController->__construct()
 2 SYSTEMPATH\CodeIgniter.php(493): CodeIgniter\CodeIgniter->createController()
 3 SYSTEMPATH\CodeIgniter.php(361): CodeIgniter\CodeIgniter->handleRequest(null, Object(Config\Cache), false)
 4 FCPATH\index.php(79): CodeIgniter\CodeIgniter->run()
 5 SYSTEMPATH\Commands\Server\rewrite.php(47): require_once('D:\\devs\\asesoriasitst24\\public\\index.php')
INFO - 2024-01-03 00:04:16 --> Session: Class initialized using 'CodeIgniter\Session\Handlers\FileHandler' driver.
WARNING - 2024-01-03 00:04:16 --> [DEPRECATED] Creation of dynamic property App\Controllers\Admin\AsignaturaController::$asignatura is deprecated in APPPATH\Controllers\Admin\AsignaturaController.php on line 18.
 1 SYSTEMPATH\CodeIgniter.php(914): App\Controllers\Admin\AsignaturaController->__construct()
 2 SYSTEMPATH\CodeIgniter.php(493): CodeIgniter\CodeIgniter->createController()
 3 SYSTEMPATH\CodeIgniter.php(361): CodeIgniter\CodeIgniter->handleRequest(null, Object(Config\Cache), false)
 4 FCPATH\index.php(79): CodeIgniter\CodeIgniter->run()
 5 SYSTEMPATH\Commands\Server\rewrite.php(47): require_once('D:\\devs\\asesoriasitst24\\public\\index.php')
WARNING - 2024-01-03 00:04:16 --> [DEPRECATED] Creation of dynamic property App\Controllers\Admin\AsignaturaController::$session is deprecated in APPPATH\Controllers\Admin\AsignaturaController.php on line 19.
 1 SYSTEMPATH\CodeIgniter.php(914): App\Controllers\Admin\AsignaturaController->__construct()
 2 SYSTEMPATH\CodeIgniter.php(493): CodeIgniter\CodeIgniter->createController()
 3 SYSTEMPATH\CodeIgniter.php(361): CodeIgniter\CodeIgniter->handleRequest(null, Object(Config\Cache), false)
 4 FCPATH\index.php(79): CodeIgniter\CodeIgniter->run()
 5 SYSTEMPATH\Commands\Server\rewrite.php(47): require_once('D:\\devs\\asesoriasitst24\\public\\index.php')
INFO - 2024-01-03 00:06:30 --> Session: Class initialized using 'CodeIgniter\Session\Handlers\FileHandler' driver.
WARNING - 2024-01-03 00:06:30 --> [DEPRECATED] Creation of dynamic property App\Controllers\Admin\AsignaturaController::$asignatura is deprecated in APPPATH\Controllers\Admin\AsignaturaController.php on line 18.
 1 SYSTEMPATH\CodeIgniter.php(914): App\Controllers\Admin\AsignaturaController->__construct()
 2 SYSTEMPATH\CodeIgniter.php(493): CodeIgniter\CodeIgniter->createController()
 3 SYSTEMPATH\CodeIgniter.php(361): CodeIgniter\CodeIgniter->handleRequest(null, Object(Config\Cache), false)
 4 FCPATH\index.php(79): CodeIgniter\CodeIgniter->run()
 5 SYSTEMPATH\Commands\Server\rewrite.php(47): require_once('D:\\devs\\asesoriasitst24\\public\\index.php')
WARNING - 2024-01-03 00:06:30 --> [DEPRECATED] Creation of dynamic property App\Controllers\Admin\AsignaturaController::$session is deprecated in APPPATH\Controllers\Admin\AsignaturaController.php on line 19.
 1 SYSTEMPATH\CodeIgniter.php(914): App\Controllers\Admin\AsignaturaController->__construct()
 2 SYSTEMPATH\CodeIgniter.php(493): CodeIgniter\CodeIgniter->createController()
 3 SYSTEMPATH\CodeIgniter.php(361): CodeIgniter\CodeIgniter->handleRequest(null, Object(Config\Cache), false)
 4 FCPATH\index.php(79): CodeIgniter\CodeIgniter->run()
 5 SYSTEMPATH\Commands\Server\rewrite.php(47): require_once('D:\\devs\\asesoriasitst24\\public\\index.php')
INFO - 2024-01-03 00:07:00 --> Session: Class initialized using 'CodeIgniter\Session\Handlers\FileHandler' driver.
WARNING - 2024-01-03 00:07:00 --> [DEPRECATED] Creation of dynamic property App\Controllers\Admin\AsignaturaController::$asignatura is deprecated in APPPATH\Controllers\Admin\AsignaturaController.php on line 18.
 1 SYSTEMPATH\CodeIgniter.php(914): App\Controllers\Admin\AsignaturaController->__construct()
 2 SYSTEMPATH\CodeIgniter.php(493): CodeIgniter\CodeIgniter->createController()
 3 SYSTEMPATH\CodeIgniter.php(361): CodeIgniter\CodeIgniter->handleRequest(null, Object(Config\Cache), false)
 4 FCPATH\index.php(79): CodeIgniter\CodeIgniter->run()
 5 SYSTEMPATH\Commands\Server\rewrite.php(47): require_once('D:\\devs\\asesoriasitst24\\public\\index.php')
WARNING - 2024-01-03 00:07:00 --> [DEPRECATED] Creation of dynamic property App\Controllers\Admin\AsignaturaController::$session is deprecated in APPPATH\Controllers\Admin\AsignaturaController.php on line 19.
 1 SYSTEMPATH\CodeIgniter.php(914): App\Controllers\Admin\AsignaturaController->__construct()
 2 SYSTEMPATH\CodeIgniter.php(493): CodeIgniter\CodeIgniter->createController()
 3 SYSTEMPATH\CodeIgniter.php(361): CodeIgniter\CodeIgniter->handleRequest(null, Object(Config\Cache), false)
 4 FCPATH\index.php(79): CodeIgniter\CodeIgniter->run()
 5 SYSTEMPATH\Commands\Server\rewrite.php(47): require_once('D:\\devs\\asesoriasitst24\\public\\index.php')
INFO - 2024-01-03 00:07:29 --> Session: Class initialized using 'CodeIgniter\Session\Handlers\FileHandler' driver.
WARNING - 2024-01-03 00:07:29 --> [DEPRECATED] Creation of dynamic property App\Controllers\Admin\AsignaturaController::$asignatura is deprecated in APPPATH\Controllers\Admin\AsignaturaController.php on line 18.
 1 SYSTEMPATH\CodeIgniter.php(914): App\Controllers\Admin\AsignaturaController->__construct()
 2 SYSTEMPATH\CodeIgniter.php(493): CodeIgniter\CodeIgniter->createController()
 3 SYSTEMPATH\CodeIgniter.php(361): CodeIgniter\CodeIgniter->handleRequest(null, Object(Config\Cache), false)
 4 FCPATH\index.php(79): CodeIgniter\CodeIgniter->run()
 5 SYSTEMPATH\Commands\Server\rewrite.php(47): require_once('D:\\devs\\asesoriasitst24\\public\\index.php')
WARNING - 2024-01-03 00:07:29 --> [DEPRECATED] Creation of dynamic property App\Controllers\Admin\AsignaturaController::$session is deprecated in APPPATH\Controllers\Admin\AsignaturaController.php on line 19.
 1 SYSTEMPATH\CodeIgniter.php(914): App\Controllers\Admin\AsignaturaController->__construct()
 2 SYSTEMPATH\CodeIgniter.php(493): CodeIgniter\CodeIgniter->createController()
 3 SYSTEMPATH\CodeIgniter.php(361): CodeIgniter\CodeIgniter->handleRequest(null, Object(Config\Cache), false)
 4 FCPATH\index.php(79): CodeIgniter\CodeIgniter->run()
 5 SYSTEMPATH\Commands\Server\rewrite.php(47): require_once('D:\\devs\\asesoriasitst24\\public\\index.php')
INFO - 2024-01-03 00:08:46 --> Session: Class initialized using 'CodeIgniter\Session\Handlers\FileHandler' driver.
WARNING - 2024-01-03 00:08:46 --> [DEPRECATED] Creation of dynamic property App\Controllers\Admin\AsignaturaController::$asignatura is deprecated in APPPATH\Controllers\Admin\AsignaturaController.php on line 18.
 1 SYSTEMPATH\CodeIgniter.php(914): App\Controllers\Admin\AsignaturaController->__construct()
 2 SYSTEMPATH\CodeIgniter.php(493): CodeIgniter\CodeIgniter->createController()
 3 SYSTEMPATH\CodeIgniter.php(361): CodeIgniter\CodeIgniter->handleRequest(null, Object(Config\Cache), false)
 4 FCPATH\index.php(79): CodeIgniter\CodeIgniter->run()
 5 SYSTEMPATH\Commands\Server\rewrite.php(47): require_once('D:\\devs\\asesoriasitst24\\public\\index.php')
WARNING - 2024-01-03 00:08:46 --> [DEPRECATED] Creation of dynamic property App\Controllers\Admin\AsignaturaController::$session is deprecated in APPPATH\Controllers\Admin\AsignaturaController.php on line 19.
 1 SYSTEMPATH\CodeIgniter.php(914): App\Controllers\Admin\AsignaturaController->__construct()
 2 SYSTEMPATH\CodeIgniter.php(493): CodeIgniter\CodeIgniter->createController()
 3 SYSTEMPATH\CodeIgniter.php(361): CodeIgniter\CodeIgniter->handleRequest(null, Object(Config\Cache), false)
 4 FCPATH\index.php(79): CodeIgniter\CodeIgniter->run()
 5 SYSTEMPATH\Commands\Server\rewrite.php(47): require_once('D:\\devs\\asesoriasitst24\\public\\index.php')
INFO - 2024-01-03 00:19:05 --> Session: Class initialized using 'CodeIgniter\Session\Handlers\FileHandler' driver.
WARNING - 2024-01-03 00:19:05 --> [DEPRECATED] Creation of dynamic property App\Controllers\Admin\AsignaturaController::$session is deprecated in APPPATH\Controllers\Admin\AsignaturaController.php on line 19.
 1 SYSTEMPATH\CodeIgniter.php(914): App\Controllers\Admin\AsignaturaController->__construct()
 2 SYSTEMPATH\CodeIgniter.php(493): CodeIgniter\CodeIgniter->createController()
 3 SYSTEMPATH\CodeIgniter.php(361): CodeIgniter\CodeIgniter->handleRequest(null, Object(Config\Cache), false)
 4 FCPATH\index.php(79): CodeIgniter\CodeIgniter->run()
 5 SYSTEMPATH\Commands\Server\rewrite.php(47): require_once('D:\\devs\\asesoriasitst24\\public\\index.php')
ERROR - 2024-01-03 00:19:06 --> mysqli_sql_exception: Unknown column 'activo' in 'field list' in D:\devs\asesoriasitst24\system\Database\MySQLi\Connection.php:306
Stack trace:
#0 D:\devs\asesoriasitst24\system\Database\MySQLi\Connection.php(306): mysqli->query('INSERT INTO `as...', 0)
#1 D:\devs\asesoriasitst24\system\Database\BaseConnection.php(693): CodeIgniter\Database\MySQLi\Connection->execute('INSERT INTO `as...')
#2 D:\devs\asesoriasitst24\system\Database\BaseConnection.php(607): CodeIgniter\Database\BaseConnection->simpleQuery('INSERT INTO `as...')
#3 D:\devs\asesoriasitst24\system\Database\BaseBuilder.php(2308): CodeIgniter\Database\BaseConnection->query('INSERT INTO `as...', Array, false)
#4 D:\devs\asesoriasitst24\system\Model.php(319): CodeIgniter\Database\BaseBuilder->insert()
#5 D:\devs\asesoriasitst24\system\BaseModel.php(788): CodeIgniter\Model->doInsert(Array)
#6 D:\devs\asesoriasitst24\system\Model.php(715): CodeIgniter\BaseModel->insert(Array, true)
#7 D:\devs\asesoriasitst24\app\Controllers\Admin\AsignaturaController.php(89): CodeIgniter\Model->insert(Array)
#8 D:\devs\asesoriasitst24\system\CodeIgniter.php(942): App\Controllers\Admin\AsignaturaController->create()
#9 D:\devs\asesoriasitst24\system\CodeIgniter.php(502): CodeIgniter\CodeIgniter->runController(Object(App\Controllers\Admin\AsignaturaController))
#10 D:\devs\asesoriasitst24\system\CodeIgniter.php(361): CodeIgniter\CodeIgniter->handleRequest(NULL, Object(Config\Cache), false)
#11 D:\devs\asesoriasitst24\public\index.php(79): CodeIgniter\CodeIgniter->run()
#12 D:\devs\asesoriasitst24\system\Commands\Server\rewrite.php(47): require_once('D:\\devs\\asesori...')
#13 {main}
CRITICAL - 2024-01-03 00:19:06 --> Unknown column 'activo' in 'field list'
in SYSTEMPATH\Database\BaseConnection.php on line 647.
 1 SYSTEMPATH\Database\BaseBuilder.php(2308): CodeIgniter\Database\BaseConnection->query('INSERT INTO `asignaturas` (`clave`, `nombre`, `creditos`, `horas_teoricas`, `horas_practicas`, `horas_totales`, `tipo_asignatura`, `descripcion`, `temario_asignatura`, `activo`, `created_at`, `updated_at`) VALUES (:clave:, :nombre:, :creditos:, :horas_teoricas:, :horas_practicas:, :horas_totales:, :tipo_asignatura:, :descripcion:, :temario_asignatura:, :activo:, :created_at:, :updated_at:)', [...], false)
 2 SYSTEMPATH\Model.php(319): CodeIgniter\Database\BaseBuilder->insert()
 3 SYSTEMPATH\BaseModel.php(788): CodeIgniter\Model->doInsert([...])
 4 SYSTEMPATH\Model.php(715): CodeIgniter\BaseModel->insert([...], true)
 5 APPPATH\Controllers\Admin\AsignaturaController.php(89): CodeIgniter\Model->insert([...])
 6 SYSTEMPATH\CodeIgniter.php(942): App\Controllers\Admin\AsignaturaController->create()
 7 SYSTEMPATH\CodeIgniter.php(502): CodeIgniter\CodeIgniter->runController(Object(App\Controllers\Admin\AsignaturaController))
 8 SYSTEMPATH\CodeIgniter.php(361): CodeIgniter\CodeIgniter->handleRequest(null, Object(Config\Cache), false)
 9 FCPATH\index.php(79): CodeIgniter\CodeIgniter->run()
10 SYSTEMPATH\Commands\Server\rewrite.php(47): require_once('D:\\devs\\asesoriasitst24\\public\\index.php')
INFO - 2024-01-03 00:19:48 --> Session: Class initialized using 'CodeIgniter\Session\Handlers\FileHandler' driver.
WARNING - 2024-01-03 00:19:48 --> [DEPRECATED] Creation of dynamic property App\Controllers\Admin\AsignaturaController::$session is deprecated in APPPATH\Controllers\Admin\AsignaturaController.php on line 19.
 1 SYSTEMPATH\CodeIgniter.php(914): App\Controllers\Admin\AsignaturaController->__construct()
 2 SYSTEMPATH\CodeIgniter.php(493): CodeIgniter\CodeIgniter->createController()
 3 SYSTEMPATH\CodeIgniter.php(361): CodeIgniter\CodeIgniter->handleRequest(null, Object(Config\Cache), false)
 4 FCPATH\index.php(79): CodeIgniter\CodeIgniter->run()
 5 SYSTEMPATH\Commands\Server\rewrite.php(47): require_once('D:\\devs\\asesoriasitst24\\public\\index.php')
INFO - 2024-01-03 00:19:49 --> Session: Class initialized using 'CodeIgniter\Session\Handlers\FileHandler' driver.
WARNING - 2024-01-03 00:19:49 --> [DEPRECATED] Creation of dynamic property App\Controllers\Admin\AsignaturaController::$session is deprecated in APPPATH\Controllers\Admin\AsignaturaController.php on line 19.
 1 SYSTEMPATH\CodeIgniter.php(914): App\Controllers\Admin\AsignaturaController->__construct()
 2 SYSTEMPATH\CodeIgniter.php(493): CodeIgniter\CodeIgniter->createController()
 3 SYSTEMPATH\CodeIgniter.php(361): CodeIgniter\CodeIgniter->handleRequest(null, Object(Config\Cache), false)
 4 FCPATH\index.php(79): CodeIgniter\CodeIgniter->run()
 5 SYSTEMPATH\Commands\Server\rewrite.php(47): require_once('D:\\devs\\asesoriasitst24\\public\\index.php')
CRITICAL - 2024-01-03 00:19:49 --> Undefined array key "horasSemana"
in APPPATH\Views\admin\asignaturas\index.php on line 56.
 1 APPPATH\Views\admin\asignaturas\index.php(56): CodeIgniter\Debug\Exceptions->errorHandler(2, 'Undefined array key "horasSemana"', 'D:\\devs\\asesoriasitst24\\app\\Views\\admin\\asignaturas\\index.php', 56)
 2 SYSTEMPATH\View\View.php(228): include('D:\\devs\\asesoriasitst24\\app\\Views\\admin\\asignaturas\\index.php')
 3 SYSTEMPATH\View\View.php(231): CodeIgniter\View\View->CodeIgniter\View\{closure}()
 4 SYSTEMPATH\Common.php(1190): CodeIgniter\View\View->render('admin/asignaturas/index', [], true)
 5 APPPATH\Controllers\Admin\AsignaturaController.php(34): view('admin/asignaturas/index', [...])
 6 SYSTEMPATH\CodeIgniter.php(942): App\Controllers\Admin\AsignaturaController->index()
 7 SYSTEMPATH\CodeIgniter.php(502): CodeIgniter\CodeIgniter->runController(Object(App\Controllers\Admin\AsignaturaController))
 8 SYSTEMPATH\CodeIgniter.php(361): CodeIgniter\CodeIgniter->handleRequest(null, Object(Config\Cache), false)
 9 FCPATH\index.php(79): CodeIgniter\CodeIgniter->run()
10 SYSTEMPATH\Commands\Server\rewrite.php(47): require_once('D:\\devs\\asesoriasitst24\\public\\index.php')
INFO - 2024-01-03 00:24:11 --> Session: Class initialized using 'CodeIgniter\Session\Handlers\FileHandler' driver.
WARNING - 2024-01-03 00:24:11 --> [DEPRECATED] Creation of dynamic property App\Controllers\Admin\AsignaturaController::$session is deprecated in APPPATH\Controllers\Admin\AsignaturaController.php on line 19.
 1 SYSTEMPATH\CodeIgniter.php(914): App\Controllers\Admin\AsignaturaController->__construct()
 2 SYSTEMPATH\CodeIgniter.php(493): CodeIgniter\CodeIgniter->createController()
 3 SYSTEMPATH\CodeIgniter.php(361): CodeIgniter\CodeIgniter->handleRequest(null, Object(Config\Cache), false)
 4 FCPATH\index.php(79): CodeIgniter\CodeIgniter->run()
 5 SYSTEMPATH\Commands\Server\rewrite.php(47): require_once('D:\\devs\\asesoriasitst24\\public\\index.php')
INFO - 2024-01-03 00:24:30 --> Session: Class initialized using 'CodeIgniter\Session\Handlers\FileHandler' driver.
WARNING - 2024-01-03 00:24:30 --> [DEPRECATED] Creation of dynamic property App\Controllers\Admin\AsignaturaController::$session is deprecated in APPPATH\Controllers\Admin\AsignaturaController.php on line 19.
 1 SYSTEMPATH\CodeIgniter.php(914): App\Controllers\Admin\AsignaturaController->__construct()
 2 SYSTEMPATH\CodeIgniter.php(493): CodeIgniter\CodeIgniter->createController()
 3 SYSTEMPATH\CodeIgniter.php(361): CodeIgniter\CodeIgniter->handleRequest(null, Object(Config\Cache), false)
 4 FCPATH\index.php(79): CodeIgniter\CodeIgniter->run()
 5 SYSTEMPATH\Commands\Server\rewrite.php(47): require_once('D:\\devs\\asesoriasitst24\\public\\index.php')
INFO - 2024-01-03 00:24:34 --> Session: Class initialized using 'CodeIgniter\Session\Handlers\FileHandler' driver.
WARNING - 2024-01-03 00:24:34 --> [DEPRECATED] Creation of dynamic property App\Controllers\Admin\AsignaturaController::$session is deprecated in APPPATH\Controllers\Admin\AsignaturaController.php on line 19.
 1 SYSTEMPATH\CodeIgniter.php(914): App\Controllers\Admin\AsignaturaController->__construct()
 2 SYSTEMPATH\CodeIgniter.php(493): CodeIgniter\CodeIgniter->createController()
 3 SYSTEMPATH\CodeIgniter.php(361): CodeIgniter\CodeIgniter->handleRequest(null, Object(Config\Cache), false)
 4 FCPATH\index.php(79): CodeIgniter\CodeIgniter->run()
 5 SYSTEMPATH\Commands\Server\rewrite.php(47): require_once('D:\\devs\\asesoriasitst24\\public\\index.php')
INFO - 2024-01-03 00:24:54 --> Session: Class initialized using 'CodeIgniter\Session\Handlers\FileHandler' driver.
WARNING - 2024-01-03 00:24:54 --> [DEPRECATED] Creation of dynamic property App\Controllers\Admin\AsignaturaController::$session is deprecated in APPPATH\Controllers\Admin\AsignaturaController.php on line 19.
 1 SYSTEMPATH\CodeIgniter.php(914): App\Controllers\Admin\AsignaturaController->__construct()
 2 SYSTEMPATH\CodeIgniter.php(493): CodeIgniter\CodeIgniter->createController()
 3 SYSTEMPATH\CodeIgniter.php(361): CodeIgniter\CodeIgniter->handleRequest(null, Object(Config\Cache), false)
 4 FCPATH\index.php(79): CodeIgniter\CodeIgniter->run()
 5 SYSTEMPATH\Commands\Server\rewrite.php(47): require_once('D:\\devs\\asesoriasitst24\\public\\index.php')
INFO - 2024-01-03 00:24:54 --> Session: Class initialized using 'CodeIgniter\Session\Handlers\FileHandler' driver.
WARNING - 2024-01-03 00:24:54 --> [DEPRECATED] Creation of dynamic property App\Controllers\Admin\AsignaturaController::$session is deprecated in APPPATH\Controllers\Admin\AsignaturaController.php on line 19.
 1 SYSTEMPATH\CodeIgniter.php(914): App\Controllers\Admin\AsignaturaController->__construct()
 2 SYSTEMPATH\CodeIgniter.php(493): CodeIgniter\CodeIgniter->createController()
 3 SYSTEMPATH\CodeIgniter.php(361): CodeIgniter\CodeIgniter->handleRequest(null, Object(Config\Cache), false)
 4 FCPATH\index.php(79): CodeIgniter\CodeIgniter->run()
 5 SYSTEMPATH\Commands\Server\rewrite.php(47): require_once('D:\\devs\\asesoriasitst24\\public\\index.php')
INFO - 2024-01-03 00:27:31 --> Session: Class initialized using 'CodeIgniter\Session\Handlers\FileHandler' driver.
WARNING - 2024-01-03 00:27:31 --> [DEPRECATED] Creation of dynamic property App\Controllers\Admin\AsignaturaController::$session is deprecated in APPPATH\Controllers\Admin\AsignaturaController.php on line 19.
 1 SYSTEMPATH\CodeIgniter.php(914): App\Controllers\Admin\AsignaturaController->__construct()
 2 SYSTEMPATH\CodeIgniter.php(493): CodeIgniter\CodeIgniter->createController()
 3 SYSTEMPATH\CodeIgniter.php(361): CodeIgniter\CodeIgniter->handleRequest(null, Object(Config\Cache), false)
 4 FCPATH\index.php(79): CodeIgniter\CodeIgniter->run()
 5 SYSTEMPATH\Commands\Server\rewrite.php(47): require_once('D:\\devs\\asesoriasitst24\\public\\index.php')
INFO - 2024-01-03 00:27:39 --> Session: Class initialized using 'CodeIgniter\Session\Handlers\FileHandler' driver.
WARNING - 2024-01-03 00:27:39 --> [DEPRECATED] Creation of dynamic property App\Controllers\Admin\AsignaturaController::$session is deprecated in APPPATH\Controllers\Admin\AsignaturaController.php on line 19.
 1 SYSTEMPATH\CodeIgniter.php(914): App\Controllers\Admin\AsignaturaController->__construct()
 2 SYSTEMPATH\CodeIgniter.php(493): CodeIgniter\CodeIgniter->createController()
 3 SYSTEMPATH\CodeIgniter.php(361): CodeIgniter\CodeIgniter->handleRequest(null, Object(Config\Cache), false)
 4 FCPATH\index.php(79): CodeIgniter\CodeIgniter->run()
 5 SYSTEMPATH\Commands\Server\rewrite.php(47): require_once('D:\\devs\\asesoriasitst24\\public\\index.php')
ERROR - 2024-01-03 00:27:39 --> mysqli_sql_exception: Duplicate entry 'Administraci칩n para inform치tica II' for key 'nombre' in D:\devs\asesoriasitst24\system\Database\MySQLi\Connection.php:306
Stack trace:
#0 D:\devs\asesoriasitst24\system\Database\MySQLi\Connection.php(306): mysqli->query('INSERT INTO `as...', 0)
#1 D:\devs\asesoriasitst24\system\Database\BaseConnection.php(693): CodeIgniter\Database\MySQLi\Connection->execute('INSERT INTO `as...')
#2 D:\devs\asesoriasitst24\system\Database\BaseConnection.php(607): CodeIgniter\Database\BaseConnection->simpleQuery('INSERT INTO `as...')
#3 D:\devs\asesoriasitst24\system\Database\BaseBuilder.php(2308): CodeIgniter\Database\BaseConnection->query('INSERT INTO `as...', Array, false)
#4 D:\devs\asesoriasitst24\system\Model.php(319): CodeIgniter\Database\BaseBuilder->insert()
#5 D:\devs\asesoriasitst24\system\BaseModel.php(788): CodeIgniter\Model->doInsert(Array)
#6 D:\devs\asesoriasitst24\system\Model.php(715): CodeIgniter\BaseModel->insert(Array, true)
#7 D:\devs\asesoriasitst24\app\Controllers\Admin\AsignaturaController.php(93): CodeIgniter\Model->insert(Array)
#8 D:\devs\asesoriasitst24\system\CodeIgniter.php(942): App\Controllers\Admin\AsignaturaController->create()
#9 D:\devs\asesoriasitst24\system\CodeIgniter.php(502): CodeIgniter\CodeIgniter->runController(Object(App\Controllers\Admin\AsignaturaController))
#10 D:\devs\asesoriasitst24\system\CodeIgniter.php(361): CodeIgniter\CodeIgniter->handleRequest(NULL, Object(Config\Cache), false)
#11 D:\devs\asesoriasitst24\public\index.php(79): CodeIgniter\CodeIgniter->run()
#12 D:\devs\asesoriasitst24\system\Commands\Server\rewrite.php(47): require_once('D:\\devs\\asesori...')
#13 {main}
CRITICAL - 2024-01-03 00:27:39 --> Duplicate entry 'Administraci칩n para inform치tica II' for key 'nombre'
in SYSTEMPATH\Database\BaseConnection.php on line 647.
 1 SYSTEMPATH\Database\BaseBuilder.php(2308): CodeIgniter\Database\BaseConnection->query('INSERT INTO `asignaturas` (`clave`, `nombre`, `creditos`, `horas_teoricas`, `horas_practicas`, `tipo_asignatura`, `descripcion`, `temario_asignatura`, `activo`, `horas_totales`, `created_at`, `updated_at`) VALUES (:clave:, :nombre:, :creditos:, :horas_teoricas:, :horas_practicas:, :tipo_asignatura:, :descripcion:, :temario_asignatura:, :activo:, :horas_totales:, :created_at:, :updated_at:)', [...], false)
 2 SYSTEMPATH\Model.php(319): CodeIgniter\Database\BaseBuilder->insert()
 3 SYSTEMPATH\BaseModel.php(788): CodeIgniter\Model->doInsert([...])
 4 SYSTEMPATH\Model.php(715): CodeIgniter\BaseModel->insert([...], true)
 5 APPPATH\Controllers\Admin\AsignaturaController.php(93): CodeIgniter\Model->insert([...])
 6 SYSTEMPATH\CodeIgniter.php(942): App\Controllers\Admin\AsignaturaController->create()
 7 SYSTEMPATH\CodeIgniter.php(502): CodeIgniter\CodeIgniter->runController(Object(App\Controllers\Admin\AsignaturaController))
 8 SYSTEMPATH\CodeIgniter.php(361): CodeIgniter\CodeIgniter->handleRequest(null, Object(Config\Cache), false)
 9 FCPATH\index.php(79): CodeIgniter\CodeIgniter->run()
10 SYSTEMPATH\Commands\Server\rewrite.php(47): require_once('D:\\devs\\asesoriasitst24\\public\\index.php')
INFO - 2024-01-03 00:27:46 --> Session: Class initialized using 'CodeIgniter\Session\Handlers\FileHandler' driver.
WARNING - 2024-01-03 00:27:46 --> [DEPRECATED] Creation of dynamic property App\Controllers\Admin\AsignaturaController::$session is deprecated in APPPATH\Controllers\Admin\AsignaturaController.php on line 19.
 1 SYSTEMPATH\CodeIgniter.php(914): App\Controllers\Admin\AsignaturaController->__construct()
 2 SYSTEMPATH\CodeIgniter.php(493): CodeIgniter\CodeIgniter->createController()
 3 SYSTEMPATH\CodeIgniter.php(361): CodeIgniter\CodeIgniter->handleRequest(null, Object(Config\Cache), false)
 4 FCPATH\index.php(79): CodeIgniter\CodeIgniter->run()
 5 SYSTEMPATH\Commands\Server\rewrite.php(47): require_once('D:\\devs\\asesoriasitst24\\public\\index.php')
INFO - 2024-01-03 00:27:51 --> Session: Class initialized using 'CodeIgniter\Session\Handlers\FileHandler' driver.
WARNING - 2024-01-03 00:27:51 --> [DEPRECATED] Creation of dynamic property App\Controllers\Admin\AsignaturaController::$session is deprecated in APPPATH\Controllers\Admin\AsignaturaController.php on line 19.
 1 SYSTEMPATH\CodeIgniter.php(914): App\Controllers\Admin\AsignaturaController->__construct()
 2 SYSTEMPATH\CodeIgniter.php(493): CodeIgniter\CodeIgniter->createController()
 3 SYSTEMPATH\CodeIgniter.php(361): CodeIgniter\CodeIgniter->handleRequest(null, Object(Config\Cache), false)
 4 FCPATH\index.php(79): CodeIgniter\CodeIgniter->run()
 5 SYSTEMPATH\Commands\Server\rewrite.php(47): require_once('D:\\devs\\asesoriasitst24\\public\\index.php')
INFO - 2024-01-03 00:27:52 --> Session: Class initialized using 'CodeIgniter\Session\Handlers\FileHandler' driver.
WARNING - 2024-01-03 00:27:52 --> [DEPRECATED] Creation of dynamic property App\Controllers\Admin\AsignaturaController::$session is deprecated in APPPATH\Controllers\Admin\AsignaturaController.php on line 19.
 1 SYSTEMPATH\CodeIgniter.php(914): App\Controllers\Admin\AsignaturaController->__construct()
 2 SYSTEMPATH\CodeIgniter.php(493): CodeIgniter\CodeIgniter->createController()
 3 SYSTEMPATH\CodeIgniter.php(361): CodeIgniter\CodeIgniter->handleRequest(null, Object(Config\Cache), false)
 4 FCPATH\index.php(79): CodeIgniter\CodeIgniter->run()
 5 SYSTEMPATH\Commands\Server\rewrite.php(47): require_once('D:\\devs\\asesoriasitst24\\public\\index.php')
INFO - 2024-01-03 00:46:15 --> Session: Class initialized using 'CodeIgniter\Session\Handlers\FileHandler' driver.
WARNING - 2024-01-03 00:46:15 --> [DEPRECATED] Creation of dynamic property App\Controllers\Admin\AsignaturaController::$session is deprecated in APPPATH\Controllers\Admin\AsignaturaController.php on line 19.
 1 SYSTEMPATH\CodeIgniter.php(914): App\Controllers\Admin\AsignaturaController->__construct()
 2 SYSTEMPATH\CodeIgniter.php(493): CodeIgniter\CodeIgniter->createController()
 3 SYSTEMPATH\CodeIgniter.php(361): CodeIgniter\CodeIgniter->handleRequest(null, Object(Config\Cache), false)
 4 FCPATH\index.php(79): CodeIgniter\CodeIgniter->run()
 5 SYSTEMPATH\Commands\Server\rewrite.php(47): require_once('D:\\devs\\asesoriasitst24\\public\\index.php')
INFO - 2024-01-03 00:46:24 --> Session: Class initialized using 'CodeIgniter\Session\Handlers\FileHandler' driver.
WARNING - 2024-01-03 00:46:24 --> [DEPRECATED] Creation of dynamic property App\Controllers\Admin\AsignaturaController::$session is deprecated in APPPATH\Controllers\Admin\AsignaturaController.php on line 19.
 1 SYSTEMPATH\CodeIgniter.php(914): App\Controllers\Admin\AsignaturaController->__construct()
 2 SYSTEMPATH\CodeIgniter.php(493): CodeIgniter\CodeIgniter->createController()
 3 SYSTEMPATH\CodeIgniter.php(361): CodeIgniter\CodeIgniter->handleRequest(null, Object(Config\Cache), false)
 4 FCPATH\index.php(79): CodeIgniter\CodeIgniter->run()
 5 SYSTEMPATH\Commands\Server\rewrite.php(47): require_once('D:\\devs\\asesoriasitst24\\public\\index.php')
INFO - 2024-01-03 00:46:24 --> Session: Class initialized using 'CodeIgniter\Session\Handlers\FileHandler' driver.
WARNING - 2024-01-03 00:46:24 --> [DEPRECATED] Creation of dynamic property App\Controllers\Admin\AsignaturaController::$session is deprecated in APPPATH\Controllers\Admin\AsignaturaController.php on line 19.
 1 SYSTEMPATH\CodeIgniter.php(914): App\Controllers\Admin\AsignaturaController->__construct()
 2 SYSTEMPATH\CodeIgniter.php(493): CodeIgniter\CodeIgniter->createController()
 3 SYSTEMPATH\CodeIgniter.php(361): CodeIgniter\CodeIgniter->handleRequest(null, Object(Config\Cache), false)
 4 FCPATH\index.php(79): CodeIgniter\CodeIgniter->run()
 5 SYSTEMPATH\Commands\Server\rewrite.php(47): require_once('D:\\devs\\asesoriasitst24\\public\\index.php')
INFO - 2024-01-03 00:46:40 --> Session: Class initialized using 'CodeIgniter\Session\Handlers\FileHandler' driver.
WARNING - 2024-01-03 00:46:40 --> [DEPRECATED] Creation of dynamic property App\Controllers\Admin\AsignaturaController::$session is deprecated in APPPATH\Controllers\Admin\AsignaturaController.php on line 19.
 1 SYSTEMPATH\CodeIgniter.php(914): App\Controllers\Admin\AsignaturaController->__construct()
 2 SYSTEMPATH\CodeIgniter.php(493): CodeIgniter\CodeIgniter->createController()
 3 SYSTEMPATH\CodeIgniter.php(361): CodeIgniter\CodeIgniter->handleRequest(null, Object(Config\Cache), false)
 4 FCPATH\index.php(79): CodeIgniter\CodeIgniter->run()
 5 SYSTEMPATH\Commands\Server\rewrite.php(47): require_once('D:\\devs\\asesoriasitst24\\public\\index.php')
INFO - 2024-01-03 00:47:01 --> Session: Class initialized using 'CodeIgniter\Session\Handlers\FileHandler' driver.
WARNING - 2024-01-03 00:47:01 --> [DEPRECATED] Creation of dynamic property App\Controllers\Admin\AsignaturaController::$session is deprecated in APPPATH\Controllers\Admin\AsignaturaController.php on line 19.
 1 SYSTEMPATH\CodeIgniter.php(914): App\Controllers\Admin\AsignaturaController->__construct()
 2 SYSTEMPATH\CodeIgniter.php(493): CodeIgniter\CodeIgniter->createController()
 3 SYSTEMPATH\CodeIgniter.php(361): CodeIgniter\CodeIgniter->handleRequest(null, Object(Config\Cache), false)
 4 FCPATH\index.php(79): CodeIgniter\CodeIgniter->run()
 5 SYSTEMPATH\Commands\Server\rewrite.php(47): require_once('D:\\devs\\asesoriasitst24\\public\\index.php')
INFO - 2024-01-03 00:47:02 --> Session: Class initialized using 'CodeIgniter\Session\Handlers\FileHandler' driver.
WARNING - 2024-01-03 00:47:02 --> [DEPRECATED] Creation of dynamic property App\Controllers\Admin\AsignaturaController::$session is deprecated in APPPATH\Controllers\Admin\AsignaturaController.php on line 19.
 1 SYSTEMPATH\CodeIgniter.php(914): App\Controllers\Admin\AsignaturaController->__construct()
 2 SYSTEMPATH\CodeIgniter.php(493): CodeIgniter\CodeIgniter->createController()
 3 SYSTEMPATH\CodeIgniter.php(361): CodeIgniter\CodeIgniter->handleRequest(null, Object(Config\Cache), false)
 4 FCPATH\index.php(79): CodeIgniter\CodeIgniter->run()
 5 SYSTEMPATH\Commands\Server\rewrite.php(47): require_once('D:\\devs\\asesoriasitst24\\public\\index.php')
INFO - 2024-01-03 00:47:28 --> Session: Class initialized using 'CodeIgniter\Session\Handlers\FileHandler' driver.
WARNING - 2024-01-03 00:47:28 --> [DEPRECATED] Creation of dynamic property App\Controllers\Admin\AsignaturaController::$session is deprecated in APPPATH\Controllers\Admin\AsignaturaController.php on line 19.
 1 SYSTEMPATH\CodeIgniter.php(914): App\Controllers\Admin\AsignaturaController->__construct()
 2 SYSTEMPATH\CodeIgniter.php(493): CodeIgniter\CodeIgniter->createController()
 3 SYSTEMPATH\CodeIgniter.php(361): CodeIgniter\CodeIgniter->handleRequest(null, Object(Config\Cache), false)
 4 FCPATH\index.php(79): CodeIgniter\CodeIgniter->run()
 5 SYSTEMPATH\Commands\Server\rewrite.php(47): require_once('D:\\devs\\asesoriasitst24\\public\\index.php')
INFO - 2024-01-03 00:48:51 --> Session: Class initialized using 'CodeIgniter\Session\Handlers\FileHandler' driver.
WARNING - 2024-01-03 00:48:51 --> [DEPRECATED] Creation of dynamic property App\Controllers\Admin\AsignaturaController::$session is deprecated in APPPATH\Controllers\Admin\AsignaturaController.php on line 19.
 1 SYSTEMPATH\CodeIgniter.php(914): App\Controllers\Admin\AsignaturaController->__construct()
 2 SYSTEMPATH\CodeIgniter.php(493): CodeIgniter\CodeIgniter->createController()
 3 SYSTEMPATH\CodeIgniter.php(361): CodeIgniter\CodeIgniter->handleRequest(null, Object(Config\Cache), false)
 4 FCPATH\index.php(79): CodeIgniter\CodeIgniter->run()
 5 SYSTEMPATH\Commands\Server\rewrite.php(47): require_once('D:\\devs\\asesoriasitst24\\public\\index.php')
INFO - 2024-01-03 00:49:00 --> Session: Class initialized using 'CodeIgniter\Session\Handlers\FileHandler' driver.
WARNING - 2024-01-03 00:49:00 --> [DEPRECATED] Creation of dynamic property App\Controllers\Admin\AsignaturaController::$session is deprecated in APPPATH\Controllers\Admin\AsignaturaController.php on line 19.
 1 SYSTEMPATH\CodeIgniter.php(914): App\Controllers\Admin\AsignaturaController->__construct()
 2 SYSTEMPATH\CodeIgniter.php(493): CodeIgniter\CodeIgniter->createController()
 3 SYSTEMPATH\CodeIgniter.php(361): CodeIgniter\CodeIgniter->handleRequest(null, Object(Config\Cache), false)
 4 FCPATH\index.php(79): CodeIgniter\CodeIgniter->run()
 5 SYSTEMPATH\Commands\Server\rewrite.php(47): require_once('D:\\devs\\asesoriasitst24\\public\\index.php')
INFO - 2024-01-03 02:31:10 --> Session: Class initialized using 'CodeIgniter\Session\Handlers\FileHandler' driver.
WARNING - 2024-01-03 02:31:10 --> [DEPRECATED] Creation of dynamic property App\Controllers\Admin\AsignaturaController::$session is deprecated in APPPATH\Controllers\Admin\AsignaturaController.php on line 19.
 1 SYSTEMPATH\CodeIgniter.php(914): App\Controllers\Admin\AsignaturaController->__construct()
 2 SYSTEMPATH\CodeIgniter.php(493): CodeIgniter\CodeIgniter->createController()
 3 SYSTEMPATH\CodeIgniter.php(361): CodeIgniter\CodeIgniter->handleRequest(null, Object(Config\Cache), false)
 4 FCPATH\index.php(79): CodeIgniter\CodeIgniter->run()
 5 SYSTEMPATH\Commands\Server\rewrite.php(47): require_once('D:\\devs\\asesoriasitst24\\public\\index.php')
INFO - 2024-01-03 02:31:14 --> Session: Class initialized using 'CodeIgniter\Session\Handlers\FileHandler' driver.
WARNING - 2024-01-03 02:31:14 --> [DEPRECATED] Creation of dynamic property App\Controllers\Admin\UsuarioController::$session is deprecated in APPPATH\Controllers\Admin\UsuarioController.php on line 17.
 1 SYSTEMPATH\CodeIgniter.php(914): App\Controllers\Admin\UsuarioController->__construct()
 2 SYSTEMPATH\CodeIgniter.php(493): CodeIgniter\CodeIgniter->createController()
 3 SYSTEMPATH\CodeIgniter.php(361): CodeIgniter\CodeIgniter->handleRequest(null, Object(Config\Cache), false)
 4 FCPATH\index.php(79): CodeIgniter\CodeIgniter->run()
 5 SYSTEMPATH\Commands\Server\rewrite.php(47): require_once('D:\\devs\\asesoriasitst24\\public\\index.php')
INFO - 2024-01-03 02:31:45 --> Session: Class initialized using 'CodeIgniter\Session\Handlers\FileHandler' driver.
WARNING - 2024-01-03 02:31:45 --> [DEPRECATED] Creation of dynamic property App\Controllers\Admin\AsignaturaController::$session is deprecated in APPPATH\Controllers\Admin\AsignaturaController.php on line 19.
 1 SYSTEMPATH\CodeIgniter.php(914): App\Controllers\Admin\AsignaturaController->__construct()
 2 SYSTEMPATH\CodeIgniter.php(493): CodeIgniter\CodeIgniter->createController()
 3 SYSTEMPATH\CodeIgniter.php(361): CodeIgniter\CodeIgniter->handleRequest(null, Object(Config\Cache), false)
 4 FCPATH\index.php(79): CodeIgniter\CodeIgniter->run()
 5 SYSTEMPATH\Commands\Server\rewrite.php(47): require_once('D:\\devs\\asesoriasitst24\\public\\index.php')
INFO - 2024-01-03 02:40:08 --> Session: Class initialized using 'CodeIgniter\Session\Handlers\FileHandler' driver.
WARNING - 2024-01-03 02:40:08 --> [DEPRECATED] Creation of dynamic property App\Controllers\Admin\AsignaturaController::$session is deprecated in APPPATH\Controllers\Admin\AsignaturaController.php on line 19.
 1 SYSTEMPATH\CodeIgniter.php(914): App\Controllers\Admin\AsignaturaController->__construct()
 2 SYSTEMPATH\CodeIgniter.php(493): CodeIgniter\CodeIgniter->createController()
 3 SYSTEMPATH\CodeIgniter.php(361): CodeIgniter\CodeIgniter->handleRequest(null, Object(Config\Cache), false)
 4 FCPATH\index.php(79): CodeIgniter\CodeIgniter->run()
 5 SYSTEMPATH\Commands\Server\rewrite.php(47): require_once('D:\\devs\\asesoriasitst24\\public\\index.php')
INFO - 2024-01-03 02:40:29 --> Session: Class initialized using 'CodeIgniter\Session\Handlers\FileHandler' driver.
WARNING - 2024-01-03 02:40:29 --> [DEPRECATED] Creation of dynamic property App\Controllers\Admin\AsignaturaController::$session is deprecated in APPPATH\Controllers\Admin\AsignaturaController.php on line 19.
 1 SYSTEMPATH\CodeIgniter.php(914): App\Controllers\Admin\AsignaturaController->__construct()
 2 SYSTEMPATH\CodeIgniter.php(493): CodeIgniter\CodeIgniter->createController()
 3 SYSTEMPATH\CodeIgniter.php(361): CodeIgniter\CodeIgniter->handleRequest(null, Object(Config\Cache), false)
 4 FCPATH\index.php(79): CodeIgniter\CodeIgniter->run()
 5 SYSTEMPATH\Commands\Server\rewrite.php(47): require_once('D:\\devs\\asesoriasitst24\\public\\index.php')
CRITICAL - 2024-01-03 02:40:29 --> Undefined property: App\Controllers\Admin\AsignaturaController::$asignatura
in APPPATH\Controllers\Admin\AsignaturaController.php on line 152.
 1 APPPATH\Controllers\Admin\AsignaturaController.php(152): CodeIgniter\Debug\Exceptions->errorHandler(2, 'Undefined property: App\\Controllers\\Admin\\AsignaturaController::$asignatura', 'D:\\devs\\asesoriasitst24\\app\\Controllers\\Admin\\AsignaturaController.php', 152)
 2 SYSTEMPATH\CodeIgniter.php(942): App\Controllers\Admin\AsignaturaController->delete('1')
 3 SYSTEMPATH\CodeIgniter.php(502): CodeIgniter\CodeIgniter->runController(Object(App\Controllers\Admin\AsignaturaController))
 4 SYSTEMPATH\CodeIgniter.php(361): CodeIgniter\CodeIgniter->handleRequest(null, Object(Config\Cache), false)
 5 FCPATH\index.php(79): CodeIgniter\CodeIgniter->run()
 6 SYSTEMPATH\Commands\Server\rewrite.php(47): require_once('D:\\devs\\asesoriasitst24\\public\\index.php')
INFO - 2024-01-03 02:40:55 --> Session: Class initialized using 'CodeIgniter\Session\Handlers\FileHandler' driver.
WARNING - 2024-01-03 02:40:55 --> [DEPRECATED] Creation of dynamic property App\Controllers\Admin\AsignaturaController::$session is deprecated in APPPATH\Controllers\Admin\AsignaturaController.php on line 19.
 1 SYSTEMPATH\CodeIgniter.php(914): App\Controllers\Admin\AsignaturaController->__construct()
 2 SYSTEMPATH\CodeIgniter.php(493): CodeIgniter\CodeIgniter->createController()
 3 SYSTEMPATH\CodeIgniter.php(361): CodeIgniter\CodeIgniter->handleRequest(null, Object(Config\Cache), false)
 4 FCPATH\index.php(79): CodeIgniter\CodeIgniter->run()
 5 SYSTEMPATH\Commands\Server\rewrite.php(47): require_once('D:\\devs\\asesoriasitst24\\public\\index.php')
INFO - 2024-01-03 02:40:55 --> Session: Class initialized using 'CodeIgniter\Session\Handlers\FileHandler' driver.
WARNING - 2024-01-03 02:40:55 --> [DEPRECATED] Creation of dynamic property App\Controllers\Admin\AsignaturaController::$session is deprecated in APPPATH\Controllers\Admin\AsignaturaController.php on line 19.
 1 SYSTEMPATH\CodeIgniter.php(914): App\Controllers\Admin\AsignaturaController->__construct()
 2 SYSTEMPATH\CodeIgniter.php(493): CodeIgniter\CodeIgniter->createController()
 3 SYSTEMPATH\CodeIgniter.php(361): CodeIgniter\CodeIgniter->handleRequest(null, Object(Config\Cache), false)
 4 FCPATH\index.php(79): CodeIgniter\CodeIgniter->run()
 5 SYSTEMPATH\Commands\Server\rewrite.php(47): require_once('D:\\devs\\asesoriasitst24\\public\\index.php')
INFO - 2024-01-03 02:41:21 --> Session: Class initialized using 'CodeIgniter\Session\Handlers\FileHandler' driver.
INFO - 2024-01-03 18:44:07 --> Session: Class initialized using 'CodeIgniter\Session\Handlers\FileHandler' driver.
INFO - 2024-01-03 18:44:15 --> Session: Class initialized using 'CodeIgniter\Session\Handlers\FileHandler' driver.
INFO - 2024-01-03 18:45:15 --> Session: Class initialized using 'CodeIgniter\Session\Handlers\FileHandler' driver.
INFO - 2024-01-03 18:47:59 --> Session: Class initialized using 'CodeIgniter\Session\Handlers\FileHandler' driver.
INFO - 2024-01-03 18:47:59 --> Session: Class initialized using 'CodeIgniter\Session\Handlers\FileHandler' driver.
INFO - 2024-01-03 18:51:54 --> Session: Class initialized using 'CodeIgniter\Session\Handlers\FileHandler' driver.
INFO - 2024-01-03 18:52:09 --> Session: Class initialized using 'CodeIgniter\Session\Handlers\FileHandler' driver.
INFO - 2024-01-03 18:52:33 --> Session: Class initialized using 'CodeIgniter\Session\Handlers\FileHandler' driver.
CRITICAL - 2024-01-03 18:52:33 --> Undefined array key "horasSemana"
in APPPATH\Views\admin\asignaturas\show.php on line 43.
 1 APPPATH\Views\admin\asignaturas\show.php(43): CodeIgniter\Debug\Exceptions->errorHandler(2, 'Undefined array key "horasSemana"', 'E:\\en desarrollo\\asesoriasitst24\\app\\Views\\admin\\asignaturas\\show.php', 43)
 2 SYSTEMPATH\View\View.php(228): include('E:\\en desarrollo\\asesoriasitst24\\app\\Views\\admin\\asignaturas\\show.php')
 3 SYSTEMPATH\View\View.php(231): CodeIgniter\View\View->CodeIgniter\View\{closure}()
 4 SYSTEMPATH\Common.php(1190): CodeIgniter\View\View->render('admin/asignaturas/show', [], true)
 5 APPPATH\Controllers\Admin\AsignaturaController.php(46): view('admin/asignaturas/show', [...])
 6 SYSTEMPATH\CodeIgniter.php(942): App\Controllers\Admin\AsignaturaController->show('2')
 7 SYSTEMPATH\CodeIgniter.php(502): CodeIgniter\CodeIgniter->runController(Object(App\Controllers\Admin\AsignaturaController))
 8 SYSTEMPATH\CodeIgniter.php(361): CodeIgniter\CodeIgniter->handleRequest(null, Object(Config\Cache), false)
 9 FCPATH\index.php(79): CodeIgniter\CodeIgniter->run()
10 SYSTEMPATH\Commands\Server\rewrite.php(47): require_once('E:\\en desarrollo\\asesoriasitst24\\public\\index.php')
INFO - 2024-01-03 18:52:35 --> Session: Class initialized using 'CodeIgniter\Session\Handlers\FileHandler' driver.
INFO - 2024-01-03 18:53:46 --> Session: Class initialized using 'CodeIgniter\Session\Handlers\FileHandler' driver.
WARNING - 2024-01-03 18:53:46 --> [DEPRECATED] trim(): Passing null to parameter #1 ($string) of type string is deprecated in APPPATH\Views\admin\asignaturas\show.php on line 57.
 1 APPPATH\Views\admin\asignaturas\show.php(57): trim(null)
 2 SYSTEMPATH\View\View.php(228): include('E:\\en desarrollo\\asesoriasitst24\\app\\Views\\admin\\asignaturas\\show.php')
 3 SYSTEMPATH\View\View.php(231): CodeIgniter\View\View->CodeIgniter\View\{closure}()
 4 SYSTEMPATH\Common.php(1190): CodeIgniter\View\View->render('admin/asignaturas/show', [], true)
 5 APPPATH\Controllers\Admin\AsignaturaController.php(46): view('admin/asignaturas/show', [...])
 6 SYSTEMPATH\CodeIgniter.php(942): App\Controllers\Admin\AsignaturaController->show('2')
 7 SYSTEMPATH\CodeIgniter.php(502): CodeIgniter\CodeIgniter->runController(Object(App\Controllers\Admin\AsignaturaController))
 8 SYSTEMPATH\CodeIgniter.php(361): CodeIgniter\CodeIgniter->handleRequest(null, Object(Config\Cache), false)
 9 FCPATH\index.php(79): CodeIgniter\CodeIgniter->run()
10 SYSTEMPATH\Commands\Server\rewrite.php(47): require_once('E:\\en desarrollo\\asesoriasitst24\\public\\index.php')
CRITICAL - 2024-01-03 18:53:47 --> Invalid file: "admin/template/layout.php"
in SYSTEMPATH\Exceptions\FrameworkException.php on line 39.
 1 SYSTEMPATH\View\View.php(216): CodeIgniter\Exceptions\FrameworkException::forInvalidFile('admin/template/layout.php')
 2 SYSTEMPATH\View\View.php(244): CodeIgniter\View\View->render('admin/template/layout', [], true)
 3 SYSTEMPATH\Common.php(1190): CodeIgniter\View\View->render('admin/asignaturas/show', [], true)
 4 APPPATH\Controllers\Admin\AsignaturaController.php(46): view('admin/asignaturas/show', [...])
 5 SYSTEMPATH\CodeIgniter.php(942): App\Controllers\Admin\AsignaturaController->show('2')
 6 SYSTEMPATH\CodeIgniter.php(502): CodeIgniter\CodeIgniter->runController(Object(App\Controllers\Admin\AsignaturaController))
 7 SYSTEMPATH\CodeIgniter.php(361): CodeIgniter\CodeIgniter->handleRequest(null, Object(Config\Cache), false)
 8 FCPATH\index.php(79): CodeIgniter\CodeIgniter->run()
 9 SYSTEMPATH\Commands\Server\rewrite.php(47): require_once('E:\\en desarrollo\\asesoriasitst24\\public\\index.php')
INFO - 2024-01-03 18:54:06 --> Session: Class initialized using 'CodeIgniter\Session\Handlers\FileHandler' driver.
WARNING - 2024-01-03 18:54:06 --> [DEPRECATED] trim(): Passing null to parameter #1 ($string) of type string is deprecated in APPPATH\Views\admin\asignaturas\show.php on line 57.
 1 APPPATH\Views\admin\asignaturas\show.php(57): trim(null)
 2 SYSTEMPATH\View\View.php(228): include('E:\\en desarrollo\\asesoriasitst24\\app\\Views\\admin\\asignaturas\\show.php')
 3 SYSTEMPATH\View\View.php(231): CodeIgniter\View\View->CodeIgniter\View\{closure}()
 4 SYSTEMPATH\Common.php(1190): CodeIgniter\View\View->render('admin/asignaturas/show', [], true)
 5 APPPATH\Controllers\Admin\AsignaturaController.php(46): view('admin/asignaturas/show', [...])
 6 SYSTEMPATH\CodeIgniter.php(942): App\Controllers\Admin\AsignaturaController->show('2')
 7 SYSTEMPATH\CodeIgniter.php(502): CodeIgniter\CodeIgniter->runController(Object(App\Controllers\Admin\AsignaturaController))
 8 SYSTEMPATH\CodeIgniter.php(361): CodeIgniter\CodeIgniter->handleRequest(null, Object(Config\Cache), false)
 9 FCPATH\index.php(79): CodeIgniter\CodeIgniter->run()
10 SYSTEMPATH\Commands\Server\rewrite.php(47): require_once('E:\\en desarrollo\\asesoriasitst24\\public\\index.php')
INFO - 2024-01-03 18:55:03 --> Session: Class initialized using 'CodeIgniter\Session\Handlers\FileHandler' driver.
WARNING - 2024-01-03 18:55:03 --> [DEPRECATED] trim(): Passing null to parameter #1 ($string) of type string is deprecated in APPPATH\Views\admin\asignaturas\show.php on line 51.
 1 APPPATH\Views\admin\asignaturas\show.php(51): trim(null)
 2 SYSTEMPATH\View\View.php(228): include('E:\\en desarrollo\\asesoriasitst24\\app\\Views\\admin\\asignaturas\\show.php')
 3 SYSTEMPATH\View\View.php(231): CodeIgniter\View\View->CodeIgniter\View\{closure}()
 4 SYSTEMPATH\Common.php(1190): CodeIgniter\View\View->render('admin/asignaturas/show', [], true)
 5 APPPATH\Controllers\Admin\AsignaturaController.php(46): view('admin/asignaturas/show', [...])
 6 SYSTEMPATH\CodeIgniter.php(942): App\Controllers\Admin\AsignaturaController->show('2')
 7 SYSTEMPATH\CodeIgniter.php(502): CodeIgniter\CodeIgniter->runController(Object(App\Controllers\Admin\AsignaturaController))
 8 SYSTEMPATH\CodeIgniter.php(361): CodeIgniter\CodeIgniter->handleRequest(null, Object(Config\Cache), false)
 9 FCPATH\index.php(79): CodeIgniter\CodeIgniter->run()
10 SYSTEMPATH\Commands\Server\rewrite.php(47): require_once('E:\\en desarrollo\\asesoriasitst24\\public\\index.php')
INFO - 2024-01-03 18:55:25 --> Session: Class initialized using 'CodeIgniter\Session\Handlers\FileHandler' driver.
WARNING - 2024-01-03 18:55:25 --> [DEPRECATED] trim(): Passing null to parameter #1 ($string) of type string is deprecated in APPPATH\Views\admin\asignaturas\show.php on line 51.
 1 APPPATH\Views\admin\asignaturas\show.php(51): trim(null)
 2 SYSTEMPATH\View\View.php(228): include('E:\\en desarrollo\\asesoriasitst24\\app\\Views\\admin\\asignaturas\\show.php')
 3 SYSTEMPATH\View\View.php(231): CodeIgniter\View\View->CodeIgniter\View\{closure}()
 4 SYSTEMPATH\Common.php(1190): CodeIgniter\View\View->render('admin/asignaturas/show', [], true)
 5 APPPATH\Controllers\Admin\AsignaturaController.php(46): view('admin/asignaturas/show', [...])
 6 SYSTEMPATH\CodeIgniter.php(942): App\Controllers\Admin\AsignaturaController->show('2')
 7 SYSTEMPATH\CodeIgniter.php(502): CodeIgniter\CodeIgniter->runController(Object(App\Controllers\Admin\AsignaturaController))
 8 SYSTEMPATH\CodeIgniter.php(361): CodeIgniter\CodeIgniter->handleRequest(null, Object(Config\Cache), false)
 9 FCPATH\index.php(79): CodeIgniter\CodeIgniter->run()
10 SYSTEMPATH\Commands\Server\rewrite.php(47): require_once('E:\\en desarrollo\\asesoriasitst24\\public\\index.php')
INFO - 2024-01-03 18:55:44 --> Session: Class initialized using 'CodeIgniter\Session\Handlers\FileHandler' driver.
WARNING - 2024-01-03 18:55:44 --> [DEPRECATED] trim(): Passing null to parameter #1 ($string) of type string is deprecated in APPPATH\Views\admin\asignaturas\show.php on line 49.
 1 APPPATH\Views\admin\asignaturas\show.php(49): trim(null)
 2 SYSTEMPATH\View\View.php(228): include('E:\\en desarrollo\\asesoriasitst24\\app\\Views\\admin\\asignaturas\\show.php')
 3 SYSTEMPATH\View\View.php(231): CodeIgniter\View\View->CodeIgniter\View\{closure}()
 4 SYSTEMPATH\Common.php(1190): CodeIgniter\View\View->render('admin/asignaturas/show', [], true)
 5 APPPATH\Controllers\Admin\AsignaturaController.php(46): view('admin/asignaturas/show', [...])
 6 SYSTEMPATH\CodeIgniter.php(942): App\Controllers\Admin\AsignaturaController->show('2')
 7 SYSTEMPATH\CodeIgniter.php(502): CodeIgniter\CodeIgniter->runController(Object(App\Controllers\Admin\AsignaturaController))
 8 SYSTEMPATH\CodeIgniter.php(361): CodeIgniter\CodeIgniter->handleRequest(null, Object(Config\Cache), false)
 9 FCPATH\index.php(79): CodeIgniter\CodeIgniter->run()
10 SYSTEMPATH\Commands\Server\rewrite.php(47): require_once('E:\\en desarrollo\\asesoriasitst24\\public\\index.php')
