INFO - 2023-12-27 15:26:43 --> Session: Class initialized using 'CodeIgniter\Session\Handlers\FileHandler' driver.
INFO - 2023-12-27 17:15:54 --> Session: Class initialized using 'CodeIgniter\Session\Handlers\FileHandler' driver.
INFO - 2023-12-27 17:41:12 --> Session: Class initialized using 'CodeIgniter\Session\Handlers\FileHandler' driver.
CRITICAL - 2023-12-27 17:41:15 --> syntax error, unexpected single-quoted string "nombre", expecting "]"
in APPPATH/Controllers/UserController.php on line 63.
 1 SYSTEMPATH/Autoloader/Autoloader.php(291): CodeIgniter\Autoloader\Autoloader->includeFile()
 2 SYSTEMPATH/Autoloader/Autoloader.php(269): CodeIgniter\Autoloader\Autoloader->loadInNamespace()
 3 [internal function]: CodeIgniter\Autoloader\Autoloader->loadClass()
 4 SYSTEMPATH/CodeIgniter.php(900): class_exists()
 5 SYSTEMPATH/CodeIgniter.php(489): CodeIgniter\CodeIgniter->startController()
 6 SYSTEMPATH/CodeIgniter.php(361): CodeIgniter\CodeIgniter->handleRequest()
 7 FCPATH/index.php(79): CodeIgniter\CodeIgniter->run()
 8 SYSTEMPATH/Commands/Server/rewrite.php(47): require_once('/run/media/edegantea/DATA/devs/asesoriasitst24/public/index.php')
ERROR - 2023-12-27 18:02:51 --> mysqli_sql_exception: Unknown column 'fechaNacimiento' in 'field list' in /run/media/edegantea/DATA/devs/asesoriasitst24/system/Database/MySQLi/Connection.php:306
Stack trace:
#0 /run/media/edegantea/DATA/devs/asesoriasitst24/system/Database/MySQLi/Connection.php(306): mysqli->query()
#1 /run/media/edegantea/DATA/devs/asesoriasitst24/system/Database/BaseConnection.php(693): CodeIgniter\Database\MySQLi\Connection->execute()
#2 /run/media/edegantea/DATA/devs/asesoriasitst24/system/Database/BaseConnection.php(607): CodeIgniter\Database\BaseConnection->simpleQuery()
#3 /run/media/edegantea/DATA/devs/asesoriasitst24/system/Database/BaseBuilder.php(1800): CodeIgniter\Database\BaseConnection->query()
#4 /run/media/edegantea/DATA/devs/asesoriasitst24/system/Database/BaseBuilder.php(2191): CodeIgniter\Database\BaseBuilder->batchExecute()
#5 /run/media/edegantea/DATA/devs/asesoriasitst24/system/Model.php(353): CodeIgniter\Database\BaseBuilder->insertBatch()
#6 /run/media/edegantea/DATA/devs/asesoriasitst24/system/BaseModel.php(880): CodeIgniter\Model->doInsertBatch()
#7 /run/media/edegantea/DATA/devs/asesoriasitst24/app/Database/Seeds/UsuarioSeeder.php(14): CodeIgniter\BaseModel->insertBatch()
#8 /run/media/edegantea/DATA/devs/asesoriasitst24/system/Database/Seeder.php(146): App\Database\Seeds\UsuarioSeeder->run()
#9 /run/media/edegantea/DATA/devs/asesoriasitst24/system/Commands/Database/Seed.php(77): CodeIgniter\Database\Seeder->call()
#10 /run/media/edegantea/DATA/devs/asesoriasitst24/system/CLI/Commands.php(65): CodeIgniter\Commands\Database\Seed->run()
#11 /run/media/edegantea/DATA/devs/asesoriasitst24/system/CLI/Console.php(46): CodeIgniter\CLI\Commands->run()
#12 /run/media/edegantea/DATA/devs/asesoriasitst24/spark(102): CodeIgniter\CLI\Console->run()
#13 {main}
INFO - 2023-12-27 18:05:14 --> Session: Class initialized using 'CodeIgniter\Session\Handlers\FileHandler' driver.
CRITICAL - 2023-12-27 18:05:14 --> Undefined array key "identificador"
in APPPATH/Validation/Userrules.php on line 11.
 1 APPPATH/Validation/Userrules.php(11): CodeIgniter\Debug\Exceptions->errorHandler()
 2 SYSTEMPATH/Validation/Validation.php(311): App\Validation\Userrules->validateUser()
 3 SYSTEMPATH/Validation/Validation.php(197): CodeIgniter\Validation\Validation->processRules()
 4 SYSTEMPATH/Controller.php(152): CodeIgniter\Validation\Validation->run()
 5 APPPATH/Controllers/UserController.php(28): CodeIgniter\Controller->validate()
 6 SYSTEMPATH/CodeIgniter.php(942): App\Controllers\UserController->login()
 7 SYSTEMPATH/CodeIgniter.php(502): CodeIgniter\CodeIgniter->runController()
 8 SYSTEMPATH/CodeIgniter.php(361): CodeIgniter\CodeIgniter->handleRequest()
 9 FCPATH/index.php(79): CodeIgniter\CodeIgniter->run()
10 SYSTEMPATH/Commands/Server/rewrite.php(47): require_once('/run/media/edegantea/DATA/devs/asesoriasitst24/public/index.php')
INFO - 2023-12-27 18:09:52 --> Session: Class initialized using 'CodeIgniter\Session\Handlers\FileHandler' driver.
CRITICAL - 2023-12-27 18:09:52 --> Undefined array key "identificador"
in APPPATH/Validation/Userrules.php on line 11.
 1 APPPATH/Validation/Userrules.php(11): CodeIgniter\Debug\Exceptions->errorHandler()
 2 SYSTEMPATH/Validation/Validation.php(311): App\Validation\Userrules->validateUser()
 3 SYSTEMPATH/Validation/Validation.php(197): CodeIgniter\Validation\Validation->processRules()
 4 SYSTEMPATH/Controller.php(152): CodeIgniter\Validation\Validation->run()
 5 APPPATH/Controllers/UserController.php(28): CodeIgniter\Controller->validate()
 6 SYSTEMPATH/CodeIgniter.php(942): App\Controllers\UserController->login()
 7 SYSTEMPATH/CodeIgniter.php(502): CodeIgniter\CodeIgniter->runController()
 8 SYSTEMPATH/CodeIgniter.php(361): CodeIgniter\CodeIgniter->handleRequest()
 9 FCPATH/index.php(79): CodeIgniter\CodeIgniter->run()
10 SYSTEMPATH/Commands/Server/rewrite.php(47): require_once('/run/media/edegantea/DATA/devs/asesoriasitst24/public/index.php')
INFO - 2023-12-27 18:11:12 --> Session: Class initialized using 'CodeIgniter\Session\Handlers\FileHandler' driver.
CRITICAL - 2023-12-27 18:11:12 --> Undefined array key "identificador"
in APPPATH/Validation/Userrules.php on line 11.
 1 APPPATH/Validation/Userrules.php(11): CodeIgniter\Debug\Exceptions->errorHandler()
 2 SYSTEMPATH/Validation/Validation.php(311): App\Validation\Userrules->validateUser()
 3 SYSTEMPATH/Validation/Validation.php(197): CodeIgniter\Validation\Validation->processRules()
 4 SYSTEMPATH/Controller.php(152): CodeIgniter\Validation\Validation->run()
 5 APPPATH/Controllers/UserController.php(28): CodeIgniter\Controller->validate()
 6 SYSTEMPATH/CodeIgniter.php(942): App\Controllers\UserController->login()
 7 SYSTEMPATH/CodeIgniter.php(502): CodeIgniter\CodeIgniter->runController()
 8 SYSTEMPATH/CodeIgniter.php(361): CodeIgniter\CodeIgniter->handleRequest()
 9 FCPATH/index.php(79): CodeIgniter\CodeIgniter->run()
10 SYSTEMPATH/Commands/Server/rewrite.php(47): require_once('/run/media/edegantea/DATA/devs/asesoriasitst24/public/index.php')
INFO - 2023-12-27 18:13:28 --> Session: Class initialized using 'CodeIgniter\Session\Handlers\FileHandler' driver.
CRITICAL - 2023-12-27 18:13:28 --> Undefined array key "identificador"
in APPPATH/Validation/Userrules.php on line 11.
 1 APPPATH/Validation/Userrules.php(11): CodeIgniter\Debug\Exceptions->errorHandler()
 2 SYSTEMPATH/Validation/Validation.php(311): App\Validation\Userrules->validateUser()
 3 SYSTEMPATH/Validation/Validation.php(197): CodeIgniter\Validation\Validation->processRules()
 4 SYSTEMPATH/Controller.php(152): CodeIgniter\Validation\Validation->run()
 5 APPPATH/Controllers/UserController.php(28): CodeIgniter\Controller->validate()
 6 SYSTEMPATH/CodeIgniter.php(942): App\Controllers\UserController->login()
 7 SYSTEMPATH/CodeIgniter.php(502): CodeIgniter\CodeIgniter->runController()
 8 SYSTEMPATH/CodeIgniter.php(361): CodeIgniter\CodeIgniter->handleRequest()
 9 FCPATH/index.php(79): CodeIgniter\CodeIgniter->run()
10 SYSTEMPATH/Commands/Server/rewrite.php(47): require_once('/run/media/edegantea/DATA/devs/asesoriasitst24/public/index.php')
INFO - 2023-12-27 18:14:46 --> Session: Class initialized using 'CodeIgniter\Session\Handlers\FileHandler' driver.
CRITICAL - 2023-12-27 18:14:46 --> Undefined array key "identificador"
in APPPATH/Validation/Userrules.php on line 11.
 1 APPPATH/Validation/Userrules.php(11): CodeIgniter\Debug\Exceptions->errorHandler()
 2 SYSTEMPATH/Validation/Validation.php(311): App\Validation\Userrules->validateUser()
 3 SYSTEMPATH/Validation/Validation.php(197): CodeIgniter\Validation\Validation->processRules()
 4 SYSTEMPATH/Controller.php(152): CodeIgniter\Validation\Validation->run()
 5 APPPATH/Controllers/UserController.php(28): CodeIgniter\Controller->validate()
 6 SYSTEMPATH/CodeIgniter.php(942): App\Controllers\UserController->login()
 7 SYSTEMPATH/CodeIgniter.php(502): CodeIgniter\CodeIgniter->runController()
 8 SYSTEMPATH/CodeIgniter.php(361): CodeIgniter\CodeIgniter->handleRequest()
 9 FCPATH/index.php(79): CodeIgniter\CodeIgniter->run()
10 SYSTEMPATH/Commands/Server/rewrite.php(47): require_once('/run/media/edegantea/DATA/devs/asesoriasitst24/public/index.php')
INFO - 2023-12-27 18:14:57 --> Session: Class initialized using 'CodeIgniter\Session\Handlers\FileHandler' driver.
INFO - 2023-12-27 18:14:57 --> Session: Class initialized using 'CodeIgniter\Session\Handlers\FileHandler' driver.
INFO - 2023-12-27 18:17:13 --> Session: Class initialized using 'CodeIgniter\Session\Handlers\FileHandler' driver.
INFO - 2023-12-27 18:17:34 --> Session: Class initialized using 'CodeIgniter\Session\Handlers\FileHandler' driver.
INFO - 2023-12-27 18:17:56 --> Session: Class initialized using 'CodeIgniter\Session\Handlers\FileHandler' driver.
INFO - 2023-12-27 18:17:57 --> Session: Class initialized using 'CodeIgniter\Session\Handlers\FileHandler' driver.
INFO - 2023-12-27 18:23:36 --> Session: Class initialized using 'CodeIgniter\Session\Handlers\FileHandler' driver.
INFO - 2023-12-27 18:23:51 --> Session: Class initialized using 'CodeIgniter\Session\Handlers\FileHandler' driver.
INFO - 2023-12-27 18:24:33 --> Session: Class initialized using 'CodeIgniter\Session\Handlers\FileHandler' driver.
INFO - 2023-12-27 18:29:27 --> Session: Class initialized using 'CodeIgniter\Session\Handlers\FileHandler' driver.
INFO - 2023-12-27 18:30:42 --> Session: Class initialized using 'CodeIgniter\Session\Handlers\FileHandler' driver.
INFO - 2023-12-27 18:30:56 --> Session: Class initialized using 'CodeIgniter\Session\Handlers\FileHandler' driver.
INFO - 2023-12-27 18:31:03 --> Session: Class initialized using 'CodeIgniter\Session\Handlers\FileHandler' driver.
INFO - 2023-12-27 18:31:21 --> Session: Class initialized using 'CodeIgniter\Session\Handlers\FileHandler' driver.
INFO - 2023-12-27 18:31:41 --> Session: Class initialized using 'CodeIgniter\Session\Handlers\FileHandler' driver.
INFO - 2023-12-27 18:33:40 --> Session: Class initialized using 'CodeIgniter\Session\Handlers\FileHandler' driver.
INFO - 2023-12-27 18:34:32 --> Session: Class initialized using 'CodeIgniter\Session\Handlers\FileHandler' driver.
CRITICAL - 2023-12-27 18:34:32 --> Undefined property: CodeIgniter\View\View::$session
in APPPATH/Views/template/main.php on line 99.
 1 APPPATH/Views/template/main.php(99): CodeIgniter\Debug\Exceptions->errorHandler()
 2 SYSTEMPATH/View/View.php(228): include('/run/media/edegantea/DATA/devs/asesoriasitst24/app/Views/template/main.php')
 3 SYSTEMPATH/View/View.php(231): CodeIgniter\View\View->CodeIgniter\View\{closure}()
 4 SYSTEMPATH/View/View.php(244): CodeIgniter\View\View->render()
 5 SYSTEMPATH/Common.php(1190): CodeIgniter\View\View->render()
 6 APPPATH/Controllers/Admin/CarreraController.php(28): view()
 7 SYSTEMPATH/CodeIgniter.php(942): App\Controllers\Admin\CarreraController->index()
 8 SYSTEMPATH/CodeIgniter.php(502): CodeIgniter\CodeIgniter->runController()
 9 SYSTEMPATH/CodeIgniter.php(361): CodeIgniter\CodeIgniter->handleRequest()
10 FCPATH/index.php(79): CodeIgniter\CodeIgniter->run()
11 SYSTEMPATH/Commands/Server/rewrite.php(47): require_once('/run/media/edegantea/DATA/devs/asesoriasitst24/public/index.php')
INFO - 2023-12-27 18:34:39 --> Session: Class initialized using 'CodeIgniter\Session\Handlers\FileHandler' driver.
CRITICAL - 2023-12-27 18:34:39 --> Call to undefined method CodeIgniter\View\View::session()
in APPPATH/Views/template/main.php on line 99.
 1 SYSTEMPATH/View/View.php(228): include()
 2 SYSTEMPATH/View/View.php(231): CodeIgniter\View\View->CodeIgniter\View\{closure}()
 3 SYSTEMPATH/View/View.php(244): CodeIgniter\View\View->render()
 4 SYSTEMPATH/Common.php(1190): CodeIgniter\View\View->render()
 5 APPPATH/Controllers/Admin/CarreraController.php(28): view()
 6 SYSTEMPATH/CodeIgniter.php(942): App\Controllers\Admin\CarreraController->index()
 7 SYSTEMPATH/CodeIgniter.php(502): CodeIgniter\CodeIgniter->runController()
 8 SYSTEMPATH/CodeIgniter.php(361): CodeIgniter\CodeIgniter->handleRequest()
 9 FCPATH/index.php(79): CodeIgniter\CodeIgniter->run()
10 SYSTEMPATH/Commands/Server/rewrite.php(47): require_once('/run/media/edegantea/DATA/devs/asesoriasitst24/public/index.php')
INFO - 2023-12-27 18:35:08 --> Session: Class initialized using 'CodeIgniter\Session\Handlers\FileHandler' driver.
INFO - 2023-12-27 18:35:39 --> Session: Class initialized using 'CodeIgniter\Session\Handlers\FileHandler' driver.
INFO - 2023-12-27 18:36:21 --> Session: Class initialized using 'CodeIgniter\Session\Handlers\FileHandler' driver.
INFO - 2023-12-27 18:36:36 --> Session: Class initialized using 'CodeIgniter\Session\Handlers\FileHandler' driver.
INFO - 2023-12-27 18:36:54 --> Session: Class initialized using 'CodeIgniter\Session\Handlers\FileHandler' driver.
INFO - 2023-12-27 18:37:02 --> Session: Class initialized using 'CodeIgniter\Session\Handlers\FileHandler' driver.
INFO - 2023-12-27 18:37:03 --> Session: Class initialized using 'CodeIgniter\Session\Handlers\FileHandler' driver.
CRITICAL - 2023-12-27 18:37:03 --> Call to undefined function set_value()
in APPPATH/Views/admin/carreras/index.php on line 69.
 1 SYSTEMPATH/View/View.php(228): include()
 2 SYSTEMPATH/View/View.php(231): CodeIgniter\View\View->CodeIgniter\View\{closure}()
 3 SYSTEMPATH/Common.php(1190): CodeIgniter\View\View->render()
 4 APPPATH/Controllers/Admin/CarreraController.php(28): view()
 5 SYSTEMPATH/CodeIgniter.php(942): App\Controllers\Admin\CarreraController->index()
 6 SYSTEMPATH/CodeIgniter.php(502): CodeIgniter\CodeIgniter->runController()
 7 SYSTEMPATH/CodeIgniter.php(361): CodeIgniter\CodeIgniter->handleRequest()
 8 FCPATH/index.php(79): CodeIgniter\CodeIgniter->run()
 9 SYSTEMPATH/Commands/Server/rewrite.php(47): require_once('/run/media/edegantea/DATA/devs/asesoriasitst24/public/index.php')
INFO - 2023-12-27 18:37:06 --> Session: Class initialized using 'CodeIgniter\Session\Handlers\FileHandler' driver.
CRITICAL - 2023-12-27 18:37:06 --> Call to undefined function set_value()
in APPPATH/Views/admin/carreras/index.php on line 69.
 1 SYSTEMPATH/View/View.php(228): include()
 2 SYSTEMPATH/View/View.php(231): CodeIgniter\View\View->CodeIgniter\View\{closure}()
 3 SYSTEMPATH/Common.php(1190): CodeIgniter\View\View->render()
 4 APPPATH/Controllers/Admin/CarreraController.php(28): view()
 5 SYSTEMPATH/CodeIgniter.php(942): App\Controllers\Admin\CarreraController->index()
 6 SYSTEMPATH/CodeIgniter.php(502): CodeIgniter\CodeIgniter->runController()
 7 SYSTEMPATH/CodeIgniter.php(361): CodeIgniter\CodeIgniter->handleRequest()
 8 FCPATH/index.php(79): CodeIgniter\CodeIgniter->run()
 9 SYSTEMPATH/Commands/Server/rewrite.php(47): require_once('/run/media/edegantea/DATA/devs/asesoriasitst24/public/index.php')
INFO - 2023-12-27 18:37:10 --> Session: Class initialized using 'CodeIgniter\Session\Handlers\FileHandler' driver.
CRITICAL - 2023-12-27 18:37:10 --> Call to undefined function set_value()
in APPPATH/Views/admin/carreras/index.php on line 69.
 1 SYSTEMPATH/View/View.php(228): include()
 2 SYSTEMPATH/View/View.php(231): CodeIgniter\View\View->CodeIgniter\View\{closure}()
 3 SYSTEMPATH/Common.php(1190): CodeIgniter\View\View->render()
 4 APPPATH/Controllers/Admin/CarreraController.php(28): view()
 5 SYSTEMPATH/CodeIgniter.php(942): App\Controllers\Admin\CarreraController->index()
 6 SYSTEMPATH/CodeIgniter.php(502): CodeIgniter\CodeIgniter->runController()
 7 SYSTEMPATH/CodeIgniter.php(361): CodeIgniter\CodeIgniter->handleRequest()
 8 FCPATH/index.php(79): CodeIgniter\CodeIgniter->run()
 9 SYSTEMPATH/Commands/Server/rewrite.php(47): require_once('/run/media/edegantea/DATA/devs/asesoriasitst24/public/index.php')
INFO - 2023-12-27 18:37:15 --> Session: Class initialized using 'CodeIgniter\Session\Handlers\FileHandler' driver.
INFO - 2023-12-27 18:37:18 --> Session: Class initialized using 'CodeIgniter\Session\Handlers\FileHandler' driver.
INFO - 2023-12-27 18:38:44 --> Session: Class initialized using 'CodeIgniter\Session\Handlers\FileHandler' driver.
INFO - 2023-12-27 18:38:52 --> Session: Class initialized using 'CodeIgniter\Session\Handlers\FileHandler' driver.
CRITICAL - 2023-12-27 18:38:52 --> Call to undefined function set_value()
in APPPATH/Views/admin/carreras/index.php on line 69.
 1 SYSTEMPATH/View/View.php(228): include()
 2 SYSTEMPATH/View/View.php(231): CodeIgniter\View\View->CodeIgniter\View\{closure}()
 3 SYSTEMPATH/Common.php(1190): CodeIgniter\View\View->render()
 4 APPPATH/Controllers/Admin/CarreraController.php(28): view()
 5 SYSTEMPATH/CodeIgniter.php(942): App\Controllers\Admin\CarreraController->index()
 6 SYSTEMPATH/CodeIgniter.php(502): CodeIgniter\CodeIgniter->runController()
 7 SYSTEMPATH/CodeIgniter.php(361): CodeIgniter\CodeIgniter->handleRequest()
 8 FCPATH/index.php(79): CodeIgniter\CodeIgniter->run()
 9 SYSTEMPATH/Commands/Server/rewrite.php(47): require_once('/run/media/edegantea/DATA/devs/asesoriasitst24/public/index.php')
INFO - 2023-12-27 18:39:01 --> Session: Class initialized using 'CodeIgniter\Session\Handlers\FileHandler' driver.
CRITICAL - 2023-12-27 18:39:01 --> Call to undefined function set_value()
in APPPATH/Views/admin/carreras/index.php on line 69.
 1 SYSTEMPATH/View/View.php(228): include()
 2 SYSTEMPATH/View/View.php(231): CodeIgniter\View\View->CodeIgniter\View\{closure}()
 3 SYSTEMPATH/Common.php(1190): CodeIgniter\View\View->render()
 4 APPPATH/Controllers/Admin/CarreraController.php(28): view()
 5 SYSTEMPATH/CodeIgniter.php(942): App\Controllers\Admin\CarreraController->index()
 6 SYSTEMPATH/CodeIgniter.php(502): CodeIgniter\CodeIgniter->runController()
 7 SYSTEMPATH/CodeIgniter.php(361): CodeIgniter\CodeIgniter->handleRequest()
 8 FCPATH/index.php(79): CodeIgniter\CodeIgniter->run()
 9 SYSTEMPATH/Commands/Server/rewrite.php(47): require_once('/run/media/edegantea/DATA/devs/asesoriasitst24/public/index.php')
INFO - 2023-12-27 18:39:03 --> Session: Class initialized using 'CodeIgniter\Session\Handlers\FileHandler' driver.
INFO - 2023-12-27 18:39:06 --> Session: Class initialized using 'CodeIgniter\Session\Handlers\FileHandler' driver.
INFO - 2023-12-27 18:39:10 --> Session: Class initialized using 'CodeIgniter\Session\Handlers\FileHandler' driver.
CRITICAL - 2023-12-27 18:39:10 --> Call to undefined function set_value()
in APPPATH/Views/admin/carreras/index.php on line 69.
 1 SYSTEMPATH/View/View.php(228): include()
 2 SYSTEMPATH/View/View.php(231): CodeIgniter\View\View->CodeIgniter\View\{closure}()
 3 SYSTEMPATH/Common.php(1190): CodeIgniter\View\View->render()
 4 APPPATH/Controllers/Admin/CarreraController.php(28): view()
 5 SYSTEMPATH/CodeIgniter.php(942): App\Controllers\Admin\CarreraController->index()
 6 SYSTEMPATH/CodeIgniter.php(502): CodeIgniter\CodeIgniter->runController()
 7 SYSTEMPATH/CodeIgniter.php(361): CodeIgniter\CodeIgniter->handleRequest()
 8 FCPATH/index.php(79): CodeIgniter\CodeIgniter->run()
 9 SYSTEMPATH/Commands/Server/rewrite.php(47): require_once('/run/media/edegantea/DATA/devs/asesoriasitst24/public/index.php')
INFO - 2023-12-27 18:39:53 --> Session: Class initialized using 'CodeIgniter\Session\Handlers\FileHandler' driver.
INFO - 2023-12-27 18:40:05 --> Session: Class initialized using 'CodeIgniter\Session\Handlers\FileHandler' driver.
INFO - 2023-12-27 18:40:05 --> Session: Class initialized using 'CodeIgniter\Session\Handlers\FileHandler' driver.
INFO - 2023-12-27 18:40:41 --> Session: Class initialized using 'CodeIgniter\Session\Handlers\FileHandler' driver.
INFO - 2023-12-27 18:51:30 --> Session: Class initialized using 'CodeIgniter\Session\Handlers\FileHandler' driver.
INFO - 2023-12-27 18:52:08 --> Session: Class initialized using 'CodeIgniter\Session\Handlers\FileHandler' driver.
INFO - 2023-12-27 18:52:11 --> Session: Class initialized using 'CodeIgniter\Session\Handlers\FileHandler' driver.
WARNING - 2023-12-27 18:52:11 --> [DEPRECATED] Creation of dynamic property App\Controllers\Admin\UsuarioController::$session is deprecated in APPPATH/Controllers/Admin/UsuarioController.php on line 15.
 1 SYSTEMPATH/CodeIgniter.php(914): App\Controllers\Admin\UsuarioController->__construct()
 2 SYSTEMPATH/CodeIgniter.php(493): CodeIgniter\CodeIgniter->createController()
 3 SYSTEMPATH/CodeIgniter.php(361): CodeIgniter\CodeIgniter->handleRequest(null, Object(Config\Cache), false)
 4 FCPATH/index.php(79): CodeIgniter\CodeIgniter->run()
 5 SYSTEMPATH/Commands/Server/rewrite.php(47): require_once('/run/media/edegantea/DATA/devs/asesoriasitst24/public/index.php')
CRITICAL - 2023-12-27 18:52:11 --> Undefined array key "rol"
in APPPATH/Views/admin/usuarios/index.php on line 37.
 1 APPPATH/Views/admin/usuarios/index.php(37): CodeIgniter\Debug\Exceptions->errorHandler()
 2 SYSTEMPATH/View/View.php(228): include('/run/media/edegantea/DATA/devs/asesoriasitst24/app/Views/admin/usuarios/index.php')
 3 SYSTEMPATH/View/View.php(231): CodeIgniter\View\View->CodeIgniter\View\{closure}()
 4 SYSTEMPATH/Common.php(1190): CodeIgniter\View\View->render()
 5 APPPATH/Controllers/Admin/UsuarioController.php(28): view()
 6 SYSTEMPATH/CodeIgniter.php(942): App\Controllers\Admin\UsuarioController->index()
 7 SYSTEMPATH/CodeIgniter.php(502): CodeIgniter\CodeIgniter->runController()
 8 SYSTEMPATH/CodeIgniter.php(361): CodeIgniter\CodeIgniter->handleRequest()
 9 FCPATH/index.php(79): CodeIgniter\CodeIgniter->run()
10 SYSTEMPATH/Commands/Server/rewrite.php(47): require_once('/run/media/edegantea/DATA/devs/asesoriasitst24/public/index.php')
INFO - 2023-12-27 18:53:09 --> Session: Class initialized using 'CodeIgniter\Session\Handlers\FileHandler' driver.
WARNING - 2023-12-27 18:53:09 --> [DEPRECATED] Creation of dynamic property App\Controllers\Admin\UsuarioController::$session is deprecated in APPPATH/Controllers/Admin/UsuarioController.php on line 15.
 1 SYSTEMPATH/CodeIgniter.php(914): App\Controllers\Admin\UsuarioController->__construct()
 2 SYSTEMPATH/CodeIgniter.php(493): CodeIgniter\CodeIgniter->createController()
 3 SYSTEMPATH/CodeIgniter.php(361): CodeIgniter\CodeIgniter->handleRequest(null, Object(Config\Cache), false)
 4 FCPATH/index.php(79): CodeIgniter\CodeIgniter->run()
 5 SYSTEMPATH/Commands/Server/rewrite.php(47): require_once('/run/media/edegantea/DATA/devs/asesoriasitst24/public/index.php')
CRITICAL - 2023-12-27 18:53:09 --> Undefined array key "clave"
in APPPATH/Views/admin/usuarios/index.php on line 85.
 1 APPPATH/Views/admin/usuarios/index.php(85): CodeIgniter\Debug\Exceptions->errorHandler()
 2 SYSTEMPATH/View/View.php(228): include('/run/media/edegantea/DATA/devs/asesoriasitst24/app/Views/admin/usuarios/index.php')
 3 SYSTEMPATH/View/View.php(231): CodeIgniter\View\View->CodeIgniter\View\{closure}()
 4 SYSTEMPATH/Common.php(1190): CodeIgniter\View\View->render()
 5 APPPATH/Controllers/Admin/UsuarioController.php(28): view()
 6 SYSTEMPATH/CodeIgniter.php(942): App\Controllers\Admin\UsuarioController->index()
 7 SYSTEMPATH/CodeIgniter.php(502): CodeIgniter\CodeIgniter->runController()
 8 SYSTEMPATH/CodeIgniter.php(361): CodeIgniter\CodeIgniter->handleRequest()
 9 FCPATH/index.php(79): CodeIgniter\CodeIgniter->run()
10 SYSTEMPATH/Commands/Server/rewrite.php(47): require_once('/run/media/edegantea/DATA/devs/asesoriasitst24/public/index.php')
INFO - 2023-12-27 18:53:57 --> Session: Class initialized using 'CodeIgniter\Session\Handlers\FileHandler' driver.
WARNING - 2023-12-27 18:53:57 --> [DEPRECATED] Creation of dynamic property App\Controllers\Admin\UsuarioController::$session is deprecated in APPPATH/Controllers/Admin/UsuarioController.php on line 15.
 1 SYSTEMPATH/CodeIgniter.php(914): App\Controllers\Admin\UsuarioController->__construct()
 2 SYSTEMPATH/CodeIgniter.php(493): CodeIgniter\CodeIgniter->createController()
 3 SYSTEMPATH/CodeIgniter.php(361): CodeIgniter\CodeIgniter->handleRequest(null, Object(Config\Cache), false)
 4 FCPATH/index.php(79): CodeIgniter\CodeIgniter->run()
 5 SYSTEMPATH/Commands/Server/rewrite.php(47): require_once('/run/media/edegantea/DATA/devs/asesoriasitst24/public/index.php')
CRITICAL - 2023-12-27 18:53:57 --> Invalid file: "template/body.php"
in SYSTEMPATH/Exceptions/FrameworkException.php on line 39.
 1 SYSTEMPATH/View/View.php(216): CodeIgniter\Exceptions\FrameworkException::forInvalidFile()
 2 SYSTEMPATH/View/View.php(244): CodeIgniter\View\View->render()
 3 SYSTEMPATH/Common.php(1190): CodeIgniter\View\View->render()
 4 APPPATH/Controllers/Admin/UsuarioController.php(28): view()
 5 SYSTEMPATH/CodeIgniter.php(942): App\Controllers\Admin\UsuarioController->index()
 6 SYSTEMPATH/CodeIgniter.php(502): CodeIgniter\CodeIgniter->runController()
 7 SYSTEMPATH/CodeIgniter.php(361): CodeIgniter\CodeIgniter->handleRequest()
 8 FCPATH/index.php(79): CodeIgniter\CodeIgniter->run()
 9 SYSTEMPATH/Commands/Server/rewrite.php(47): require_once('/run/media/edegantea/DATA/devs/asesoriasitst24/public/index.php')
INFO - 2023-12-27 18:54:07 --> Session: Class initialized using 'CodeIgniter\Session\Handlers\FileHandler' driver.
WARNING - 2023-12-27 18:54:08 --> [DEPRECATED] Creation of dynamic property App\Controllers\Admin\UsuarioController::$session is deprecated in APPPATH/Controllers/Admin/UsuarioController.php on line 15.
 1 SYSTEMPATH/CodeIgniter.php(914): App\Controllers\Admin\UsuarioController->__construct()
 2 SYSTEMPATH/CodeIgniter.php(493): CodeIgniter\CodeIgniter->createController()
 3 SYSTEMPATH/CodeIgniter.php(361): CodeIgniter\CodeIgniter->handleRequest(null, Object(Config\Cache), false)
 4 FCPATH/index.php(79): CodeIgniter\CodeIgniter->run()
 5 SYSTEMPATH/Commands/Server/rewrite.php(47): require_once('/run/media/edegantea/DATA/devs/asesoriasitst24/public/index.php')
INFO - 2023-12-27 22:05:17 --> Session: Class initialized using 'CodeIgniter\Session\Handlers\FileHandler' driver.
INFO - 2023-12-27 22:05:18 --> Session: Class initialized using 'CodeIgniter\Session\Handlers\FileHandler' driver.
INFO - 2023-12-27 22:05:26 --> Session: Class initialized using 'CodeIgniter\Session\Handlers\FileHandler' driver.
INFO - 2023-12-27 22:05:26 --> Session: Class initialized using 'CodeIgniter\Session\Handlers\FileHandler' driver.
INFO - 2023-12-27 22:05:30 --> Session: Class initialized using 'CodeIgniter\Session\Handlers\FileHandler' driver.
WARNING - 2023-12-27 22:05:30 --> [DEPRECATED] Creation of dynamic property App\Controllers\Admin\UsuarioController::$session is deprecated in APPPATH/Controllers/Admin/UsuarioController.php on line 15.
 1 SYSTEMPATH/CodeIgniter.php(914): App\Controllers\Admin\UsuarioController->__construct()
 2 SYSTEMPATH/CodeIgniter.php(493): CodeIgniter\CodeIgniter->createController()
 3 SYSTEMPATH/CodeIgniter.php(361): CodeIgniter\CodeIgniter->handleRequest(null, Object(Config\Cache), false)
 4 FCPATH/index.php(79): CodeIgniter\CodeIgniter->run()
 5 SYSTEMPATH/Commands/Server/rewrite.php(47): require_once('/run/media/edegantea/DATA/devs/asesoriasitst24/public/index.php')
INFO - 2023-12-27 22:05:44 --> Session: Class initialized using 'CodeIgniter\Session\Handlers\FileHandler' driver.
WARNING - 2023-12-27 22:05:44 --> [DEPRECATED] Creation of dynamic property App\Controllers\Admin\UsuarioController::$session is deprecated in APPPATH/Controllers/Admin/UsuarioController.php on line 15.
 1 SYSTEMPATH/CodeIgniter.php(914): App\Controllers\Admin\UsuarioController->__construct()
 2 SYSTEMPATH/CodeIgniter.php(493): CodeIgniter\CodeIgniter->createController()
 3 SYSTEMPATH/CodeIgniter.php(361): CodeIgniter\CodeIgniter->handleRequest(null, Object(Config\Cache), false)
 4 FCPATH/index.php(79): CodeIgniter\CodeIgniter->run()
 5 SYSTEMPATH/Commands/Server/rewrite.php(47): require_once('/run/media/edegantea/DATA/devs/asesoriasitst24/public/index.php')
INFO - 2023-12-27 22:06:07 --> Session: Class initialized using 'CodeIgniter\Session\Handlers\FileHandler' driver.
WARNING - 2023-12-27 22:06:07 --> [DEPRECATED] Creation of dynamic property App\Controllers\Admin\UsuarioController::$session is deprecated in APPPATH/Controllers/Admin/UsuarioController.php on line 15.
 1 SYSTEMPATH/CodeIgniter.php(914): App\Controllers\Admin\UsuarioController->__construct()
 2 SYSTEMPATH/CodeIgniter.php(493): CodeIgniter\CodeIgniter->createController()
 3 SYSTEMPATH/CodeIgniter.php(361): CodeIgniter\CodeIgniter->handleRequest(null, Object(Config\Cache), false)
 4 FCPATH/index.php(79): CodeIgniter\CodeIgniter->run()
 5 SYSTEMPATH/Commands/Server/rewrite.php(47): require_once('/run/media/edegantea/DATA/devs/asesoriasitst24/public/index.php')
INFO - 2023-12-27 22:07:13 --> Session: Class initialized using 'CodeIgniter\Session\Handlers\FileHandler' driver.
WARNING - 2023-12-27 22:07:13 --> [DEPRECATED] Creation of dynamic property App\Controllers\Admin\UsuarioController::$session is deprecated in APPPATH/Controllers/Admin/UsuarioController.php on line 15.
 1 SYSTEMPATH/CodeIgniter.php(914): App\Controllers\Admin\UsuarioController->__construct()
 2 SYSTEMPATH/CodeIgniter.php(493): CodeIgniter\CodeIgniter->createController()
 3 SYSTEMPATH/CodeIgniter.php(361): CodeIgniter\CodeIgniter->handleRequest(null, Object(Config\Cache), false)
 4 FCPATH/index.php(79): CodeIgniter\CodeIgniter->run()
 5 SYSTEMPATH/Commands/Server/rewrite.php(47): require_once('/run/media/edegantea/DATA/devs/asesoriasitst24/public/index.php')
INFO - 2023-12-27 22:07:51 --> Session: Class initialized using 'CodeIgniter\Session\Handlers\FileHandler' driver.
WARNING - 2023-12-27 22:07:51 --> [DEPRECATED] Creation of dynamic property App\Controllers\Admin\UsuarioController::$session is deprecated in APPPATH/Controllers/Admin/UsuarioController.php on line 15.
 1 SYSTEMPATH/CodeIgniter.php(914): App\Controllers\Admin\UsuarioController->__construct()
 2 SYSTEMPATH/CodeIgniter.php(493): CodeIgniter\CodeIgniter->createController()
 3 SYSTEMPATH/CodeIgniter.php(361): CodeIgniter\CodeIgniter->handleRequest(null, Object(Config\Cache), false)
 4 FCPATH/index.php(79): CodeIgniter\CodeIgniter->run()
 5 SYSTEMPATH/Commands/Server/rewrite.php(47): require_once('/run/media/edegantea/DATA/devs/asesoriasitst24/public/index.php')
INFO - 2023-12-27 22:08:00 --> Session: Class initialized using 'CodeIgniter\Session\Handlers\FileHandler' driver.
WARNING - 2023-12-27 22:08:00 --> [DEPRECATED] Creation of dynamic property App\Controllers\Admin\UsuarioController::$session is deprecated in APPPATH/Controllers/Admin/UsuarioController.php on line 15.
 1 SYSTEMPATH/CodeIgniter.php(914): App\Controllers\Admin\UsuarioController->__construct()
 2 SYSTEMPATH/CodeIgniter.php(493): CodeIgniter\CodeIgniter->createController()
 3 SYSTEMPATH/CodeIgniter.php(361): CodeIgniter\CodeIgniter->handleRequest(null, Object(Config\Cache), false)
 4 FCPATH/index.php(79): CodeIgniter\CodeIgniter->run()
 5 SYSTEMPATH/Commands/Server/rewrite.php(47): require_once('/run/media/edegantea/DATA/devs/asesoriasitst24/public/index.php')
INFO - 2023-12-27 22:50:44 --> Session: Class initialized using 'CodeIgniter\Session\Handlers\FileHandler' driver.
INFO - 2023-12-27 22:50:52 --> Session: Class initialized using 'CodeIgniter\Session\Handlers\FileHandler' driver.
INFO - 2023-12-27 22:50:52 --> Session: Class initialized using 'CodeIgniter\Session\Handlers\FileHandler' driver.
INFO - 2023-12-27 22:50:56 --> Session: Class initialized using 'CodeIgniter\Session\Handlers\FileHandler' driver.
WARNING - 2023-12-27 22:50:56 --> [DEPRECATED] Creation of dynamic property App\Controllers\Admin\UsuarioController::$session is deprecated in APPPATH/Controllers/Admin/UsuarioController.php on line 17.
 1 SYSTEMPATH/CodeIgniter.php(914): App\Controllers\Admin\UsuarioController->__construct()
 2 SYSTEMPATH/CodeIgniter.php(493): CodeIgniter\CodeIgniter->createController()
 3 SYSTEMPATH/CodeIgniter.php(361): CodeIgniter\CodeIgniter->handleRequest(null, Object(Config\Cache), false)
 4 FCPATH/index.php(79): CodeIgniter\CodeIgniter->run()
 5 SYSTEMPATH/Commands/Server/rewrite.php(47): require_once('/run/media/edegantea/DATA/devs/asesoriasitst24/public/index.php')
CRITICAL - 2023-12-27 22:50:56 --> syntax error, unexpected identifier "nombre", expecting "]"
in APPPATH/Models/PerfilModel.php on line 15.
 1 SYSTEMPATH/Autoloader/Autoloader.php(291): CodeIgniter\Autoloader\Autoloader->includeFile()
 2 SYSTEMPATH/Autoloader/Autoloader.php(269): CodeIgniter\Autoloader\Autoloader->loadInNamespace()
 3 APPPATH/Controllers/Admin/UsuarioController.php(19): CodeIgniter\Autoloader\Autoloader->loadClass()
 4 SYSTEMPATH/CodeIgniter.php(914): App\Controllers\Admin\UsuarioController->__construct()
 5 SYSTEMPATH/CodeIgniter.php(493): CodeIgniter\CodeIgniter->createController()
 6 SYSTEMPATH/CodeIgniter.php(361): CodeIgniter\CodeIgniter->handleRequest()
 7 FCPATH/index.php(79): CodeIgniter\CodeIgniter->run()
 8 SYSTEMPATH/Commands/Server/rewrite.php(47): require_once('/run/media/edegantea/DATA/devs/asesoriasitst24/public/index.php')
INFO - 2023-12-27 22:51:08 --> Session: Class initialized using 'CodeIgniter\Session\Handlers\FileHandler' driver.
WARNING - 2023-12-27 22:51:08 --> [DEPRECATED] Creation of dynamic property App\Controllers\Admin\UsuarioController::$session is deprecated in APPPATH/Controllers/Admin/UsuarioController.php on line 17.
 1 SYSTEMPATH/CodeIgniter.php(914): App\Controllers\Admin\UsuarioController->__construct()
 2 SYSTEMPATH/CodeIgniter.php(493): CodeIgniter\CodeIgniter->createController()
 3 SYSTEMPATH/CodeIgniter.php(361): CodeIgniter\CodeIgniter->handleRequest(null, Object(Config\Cache), false)
 4 FCPATH/index.php(79): CodeIgniter\CodeIgniter->run()
 5 SYSTEMPATH/Commands/Server/rewrite.php(47): require_once('/run/media/edegantea/DATA/devs/asesoriasitst24/public/index.php')
INFO - 2023-12-27 22:52:20 --> Session: Class initialized using 'CodeIgniter\Session\Handlers\FileHandler' driver.
WARNING - 2023-12-27 22:52:20 --> [DEPRECATED] Creation of dynamic property App\Controllers\Admin\UsuarioController::$session is deprecated in APPPATH/Controllers/Admin/UsuarioController.php on line 17.
 1 SYSTEMPATH/CodeIgniter.php(914): App\Controllers\Admin\UsuarioController->__construct()
 2 SYSTEMPATH/CodeIgniter.php(493): CodeIgniter\CodeIgniter->createController()
 3 SYSTEMPATH/CodeIgniter.php(361): CodeIgniter\CodeIgniter->handleRequest(null, Object(Config\Cache), false)
 4 FCPATH/index.php(79): CodeIgniter\CodeIgniter->run()
 5 SYSTEMPATH/Commands/Server/rewrite.php(47): require_once('/run/media/edegantea/DATA/devs/asesoriasitst24/public/index.php')
INFO - 2023-12-27 22:53:22 --> Session: Class initialized using 'CodeIgniter\Session\Handlers\FileHandler' driver.
WARNING - 2023-12-27 22:53:22 --> [DEPRECATED] Creation of dynamic property App\Controllers\Admin\UsuarioController::$session is deprecated in APPPATH/Controllers/Admin/UsuarioController.php on line 17.
 1 SYSTEMPATH/CodeIgniter.php(914): App\Controllers\Admin\UsuarioController->__construct()
 2 SYSTEMPATH/CodeIgniter.php(493): CodeIgniter\CodeIgniter->createController()
 3 SYSTEMPATH/CodeIgniter.php(361): CodeIgniter\CodeIgniter->handleRequest(null, Object(Config\Cache), false)
 4 FCPATH/index.php(79): CodeIgniter\CodeIgniter->run()
 5 SYSTEMPATH/Commands/Server/rewrite.php(47): require_once('/run/media/edegantea/DATA/devs/asesoriasitst24/public/index.php')
INFO - 2023-12-27 22:54:27 --> Session: Class initialized using 'CodeIgniter\Session\Handlers\FileHandler' driver.
WARNING - 2023-12-27 22:54:27 --> [DEPRECATED] Creation of dynamic property App\Controllers\Admin\UsuarioController::$session is deprecated in APPPATH/Controllers/Admin/UsuarioController.php on line 17.
 1 SYSTEMPATH/CodeIgniter.php(914): App\Controllers\Admin\UsuarioController->__construct()
 2 SYSTEMPATH/CodeIgniter.php(493): CodeIgniter\CodeIgniter->createController()
 3 SYSTEMPATH/CodeIgniter.php(361): CodeIgniter\CodeIgniter->handleRequest(null, Object(Config\Cache), false)
 4 FCPATH/index.php(79): CodeIgniter\CodeIgniter->run()
 5 SYSTEMPATH/Commands/Server/rewrite.php(47): require_once('/run/media/edegantea/DATA/devs/asesoriasitst24/public/index.php')
INFO - 2023-12-27 22:57:44 --> Session: Class initialized using 'CodeIgniter\Session\Handlers\FileHandler' driver.
WARNING - 2023-12-27 22:57:44 --> [DEPRECATED] Creation of dynamic property App\Controllers\Admin\UsuarioController::$session is deprecated in APPPATH/Controllers/Admin/UsuarioController.php on line 17.
 1 SYSTEMPATH/CodeIgniter.php(914): App\Controllers\Admin\UsuarioController->__construct()
 2 SYSTEMPATH/CodeIgniter.php(493): CodeIgniter\CodeIgniter->createController()
 3 SYSTEMPATH/CodeIgniter.php(361): CodeIgniter\CodeIgniter->handleRequest(null, Object(Config\Cache), false)
 4 FCPATH/index.php(79): CodeIgniter\CodeIgniter->run()
 5 SYSTEMPATH/Commands/Server/rewrite.php(47): require_once('/run/media/edegantea/DATA/devs/asesoriasitst24/public/index.php')
INFO - 2023-12-27 22:57:57 --> Session: Class initialized using 'CodeIgniter\Session\Handlers\FileHandler' driver.
WARNING - 2023-12-27 22:57:57 --> [DEPRECATED] Creation of dynamic property App\Controllers\Admin\UsuarioController::$session is deprecated in APPPATH/Controllers/Admin/UsuarioController.php on line 17.
 1 SYSTEMPATH/CodeIgniter.php(914): App\Controllers\Admin\UsuarioController->__construct()
 2 SYSTEMPATH/CodeIgniter.php(493): CodeIgniter\CodeIgniter->createController()
 3 SYSTEMPATH/CodeIgniter.php(361): CodeIgniter\CodeIgniter->handleRequest(null, Object(Config\Cache), false)
 4 FCPATH/index.php(79): CodeIgniter\CodeIgniter->run()
 5 SYSTEMPATH/Commands/Server/rewrite.php(47): require_once('/run/media/edegantea/DATA/devs/asesoriasitst24/public/index.php')
INFO - 2023-12-27 23:01:15 --> Session: Class initialized using 'CodeIgniter\Session\Handlers\FileHandler' driver.
WARNING - 2023-12-27 23:01:15 --> [DEPRECATED] Creation of dynamic property App\Controllers\Admin\UsuarioController::$session is deprecated in APPPATH/Controllers/Admin/UsuarioController.php on line 17.
 1 SYSTEMPATH/CodeIgniter.php(914): App\Controllers\Admin\UsuarioController->__construct()
 2 SYSTEMPATH/CodeIgniter.php(493): CodeIgniter\CodeIgniter->createController()
 3 SYSTEMPATH/CodeIgniter.php(361): CodeIgniter\CodeIgniter->handleRequest(null, Object(Config\Cache), false)
 4 FCPATH/index.php(79): CodeIgniter\CodeIgniter->run()
 5 SYSTEMPATH/Commands/Server/rewrite.php(47): require_once('/run/media/edegantea/DATA/devs/asesoriasitst24/public/index.php')
CRITICAL - 2023-12-27 23:01:15 --> syntax error, unexpected token "endforeach", expecting end of file
in APPPATH/Views/admin/usuarios/index.php on line 146.
 1 SYSTEMPATH/View/View.php(231): CodeIgniter\View\View->CodeIgniter\View\{closure}()
 2 SYSTEMPATH/Common.php(1190): CodeIgniter\View\View->render()
 3 APPPATH/Controllers/Admin/UsuarioController.php(31): view()
 4 SYSTEMPATH/CodeIgniter.php(942): App\Controllers\Admin\UsuarioController->index()
 5 SYSTEMPATH/CodeIgniter.php(502): CodeIgniter\CodeIgniter->runController()
 6 SYSTEMPATH/CodeIgniter.php(361): CodeIgniter\CodeIgniter->handleRequest()
 7 FCPATH/index.php(79): CodeIgniter\CodeIgniter->run()
 8 SYSTEMPATH/Commands/Server/rewrite.php(47): require_once('/run/media/edegantea/DATA/devs/asesoriasitst24/public/index.php')
INFO - 2023-12-27 23:01:23 --> Session: Class initialized using 'CodeIgniter\Session\Handlers\FileHandler' driver.
WARNING - 2023-12-27 23:01:23 --> [DEPRECATED] Creation of dynamic property App\Controllers\Admin\UsuarioController::$session is deprecated in APPPATH/Controllers/Admin/UsuarioController.php on line 17.
 1 SYSTEMPATH/CodeIgniter.php(914): App\Controllers\Admin\UsuarioController->__construct()
 2 SYSTEMPATH/CodeIgniter.php(493): CodeIgniter\CodeIgniter->createController()
 3 SYSTEMPATH/CodeIgniter.php(361): CodeIgniter\CodeIgniter->handleRequest(null, Object(Config\Cache), false)
 4 FCPATH/index.php(79): CodeIgniter\CodeIgniter->run()
 5 SYSTEMPATH/Commands/Server/rewrite.php(47): require_once('/run/media/edegantea/DATA/devs/asesoriasitst24/public/index.php')
CRITICAL - 2023-12-27 23:01:23 --> Undefined variable $perfiles
in APPPATH/Views/admin/usuarios/index.php on line 144.
 1 APPPATH/Views/admin/usuarios/index.php(144): CodeIgniter\Debug\Exceptions->errorHandler()
 2 SYSTEMPATH/View/View.php(228): include('/run/media/edegantea/DATA/devs/asesoriasitst24/app/Views/admin/usuarios/index.php')
 3 SYSTEMPATH/View/View.php(231): CodeIgniter\View\View->CodeIgniter\View\{closure}()
 4 SYSTEMPATH/Common.php(1190): CodeIgniter\View\View->render()
 5 APPPATH/Controllers/Admin/UsuarioController.php(31): view()
 6 SYSTEMPATH/CodeIgniter.php(942): App\Controllers\Admin\UsuarioController->index()
 7 SYSTEMPATH/CodeIgniter.php(502): CodeIgniter\CodeIgniter->runController()
 8 SYSTEMPATH/CodeIgniter.php(361): CodeIgniter\CodeIgniter->handleRequest()
 9 FCPATH/index.php(79): CodeIgniter\CodeIgniter->run()
10 SYSTEMPATH/Commands/Server/rewrite.php(47): require_once('/run/media/edegantea/DATA/devs/asesoriasitst24/public/index.php')
INFO - 2023-12-27 23:01:55 --> Session: Class initialized using 'CodeIgniter\Session\Handlers\FileHandler' driver.
WARNING - 2023-12-27 23:01:55 --> [DEPRECATED] Creation of dynamic property App\Controllers\Admin\UsuarioController::$session is deprecated in APPPATH/Controllers/Admin/UsuarioController.php on line 17.
 1 SYSTEMPATH/CodeIgniter.php(914): App\Controllers\Admin\UsuarioController->__construct()
 2 SYSTEMPATH/CodeIgniter.php(493): CodeIgniter\CodeIgniter->createController()
 3 SYSTEMPATH/CodeIgniter.php(361): CodeIgniter\CodeIgniter->handleRequest(null, Object(Config\Cache), false)
 4 FCPATH/index.php(79): CodeIgniter\CodeIgniter->run()
 5 SYSTEMPATH/Commands/Server/rewrite.php(47): require_once('/run/media/edegantea/DATA/devs/asesoriasitst24/public/index.php')
CRITICAL - 2023-12-27 23:01:55 --> Undefined variable $perfiles
in APPPATH/Views/admin/usuarios/index.php on line 144.
 1 APPPATH/Views/admin/usuarios/index.php(144): CodeIgniter\Debug\Exceptions->errorHandler()
 2 SYSTEMPATH/View/View.php(228): include('/run/media/edegantea/DATA/devs/asesoriasitst24/app/Views/admin/usuarios/index.php')
 3 SYSTEMPATH/View/View.php(231): CodeIgniter\View\View->CodeIgniter\View\{closure}()
 4 SYSTEMPATH/Common.php(1190): CodeIgniter\View\View->render()
 5 APPPATH/Controllers/Admin/UsuarioController.php(31): view()
 6 SYSTEMPATH/CodeIgniter.php(942): App\Controllers\Admin\UsuarioController->index()
 7 SYSTEMPATH/CodeIgniter.php(502): CodeIgniter\CodeIgniter->runController()
 8 SYSTEMPATH/CodeIgniter.php(361): CodeIgniter\CodeIgniter->handleRequest()
 9 FCPATH/index.php(79): CodeIgniter\CodeIgniter->run()
10 SYSTEMPATH/Commands/Server/rewrite.php(47): require_once('/run/media/edegantea/DATA/devs/asesoriasitst24/public/index.php')
INFO - 2023-12-27 23:02:21 --> Session: Class initialized using 'CodeIgniter\Session\Handlers\FileHandler' driver.
WARNING - 2023-12-27 23:02:21 --> [DEPRECATED] Creation of dynamic property App\Controllers\Admin\UsuarioController::$session is deprecated in APPPATH/Controllers/Admin/UsuarioController.php on line 17.
 1 SYSTEMPATH/CodeIgniter.php(914): App\Controllers\Admin\UsuarioController->__construct()
 2 SYSTEMPATH/CodeIgniter.php(493): CodeIgniter\CodeIgniter->createController()
 3 SYSTEMPATH/CodeIgniter.php(361): CodeIgniter\CodeIgniter->handleRequest(null, Object(Config\Cache), false)
 4 FCPATH/index.php(79): CodeIgniter\CodeIgniter->run()
 5 SYSTEMPATH/Commands/Server/rewrite.php(47): require_once('/run/media/edegantea/DATA/devs/asesoriasitst24/public/index.php')
INFO - 2023-12-27 23:02:41 --> Session: Class initialized using 'CodeIgniter\Session\Handlers\FileHandler' driver.
WARNING - 2023-12-27 23:02:41 --> [DEPRECATED] Creation of dynamic property App\Controllers\Admin\UsuarioController::$session is deprecated in APPPATH/Controllers/Admin/UsuarioController.php on line 17.
 1 SYSTEMPATH/CodeIgniter.php(914): App\Controllers\Admin\UsuarioController->__construct()
 2 SYSTEMPATH/CodeIgniter.php(493): CodeIgniter\CodeIgniter->createController()
 3 SYSTEMPATH/CodeIgniter.php(361): CodeIgniter\CodeIgniter->handleRequest(null, Object(Config\Cache), false)
 4 FCPATH/index.php(79): CodeIgniter\CodeIgniter->run()
 5 SYSTEMPATH/Commands/Server/rewrite.php(47): require_once('/run/media/edegantea/DATA/devs/asesoriasitst24/public/index.php')
INFO - 2023-12-27 23:02:53 --> Session: Class initialized using 'CodeIgniter\Session\Handlers\FileHandler' driver.
WARNING - 2023-12-27 23:02:53 --> [DEPRECATED] Creation of dynamic property App\Controllers\Admin\UsuarioController::$session is deprecated in APPPATH/Controllers/Admin/UsuarioController.php on line 17.
 1 SYSTEMPATH/CodeIgniter.php(914): App\Controllers\Admin\UsuarioController->__construct()
 2 SYSTEMPATH/CodeIgniter.php(493): CodeIgniter\CodeIgniter->createController()
 3 SYSTEMPATH/CodeIgniter.php(361): CodeIgniter\CodeIgniter->handleRequest(null, Object(Config\Cache), false)
 4 FCPATH/index.php(79): CodeIgniter\CodeIgniter->run()
 5 SYSTEMPATH/Commands/Server/rewrite.php(47): require_once('/run/media/edegantea/DATA/devs/asesoriasitst24/public/index.php')
INFO - 2023-12-27 23:13:00 --> Session: Class initialized using 'CodeIgniter\Session\Handlers\FileHandler' driver.
WARNING - 2023-12-27 23:13:00 --> [DEPRECATED] Creation of dynamic property App\Controllers\Admin\UsuarioController::$session is deprecated in APPPATH/Controllers/Admin/UsuarioController.php on line 17.
 1 SYSTEMPATH/CodeIgniter.php(914): App\Controllers\Admin\UsuarioController->__construct()
 2 SYSTEMPATH/CodeIgniter.php(493): CodeIgniter\CodeIgniter->createController()
 3 SYSTEMPATH/CodeIgniter.php(361): CodeIgniter\CodeIgniter->handleRequest(null, Object(Config\Cache), false)
 4 FCPATH/index.php(79): CodeIgniter\CodeIgniter->run()
 5 SYSTEMPATH/Commands/Server/rewrite.php(47): require_once('/run/media/edegantea/DATA/devs/asesoriasitst24/public/index.php')
INFO - 2023-12-27 23:14:23 --> Session: Class initialized using 'CodeIgniter\Session\Handlers\FileHandler' driver.
WARNING - 2023-12-27 23:14:24 --> [DEPRECATED] Creation of dynamic property App\Controllers\Admin\UsuarioController::$session is deprecated in APPPATH/Controllers/Admin/UsuarioController.php on line 17.
 1 SYSTEMPATH/CodeIgniter.php(914): App\Controllers\Admin\UsuarioController->__construct()
 2 SYSTEMPATH/CodeIgniter.php(493): CodeIgniter\CodeIgniter->createController()
 3 SYSTEMPATH/CodeIgniter.php(361): CodeIgniter\CodeIgniter->handleRequest(null, Object(Config\Cache), false)
 4 FCPATH/index.php(79): CodeIgniter\CodeIgniter->run()
 5 SYSTEMPATH/Commands/Server/rewrite.php(47): require_once('/run/media/edegantea/DATA/devs/asesoriasitst24/public/index.php')
INFO - 2023-12-27 23:14:42 --> Session: Class initialized using 'CodeIgniter\Session\Handlers\FileHandler' driver.
WARNING - 2023-12-27 23:14:42 --> [DEPRECATED] Creation of dynamic property App\Controllers\Admin\UsuarioController::$session is deprecated in APPPATH/Controllers/Admin/UsuarioController.php on line 17.
 1 SYSTEMPATH/CodeIgniter.php(914): App\Controllers\Admin\UsuarioController->__construct()
 2 SYSTEMPATH/CodeIgniter.php(493): CodeIgniter\CodeIgniter->createController()
 3 SYSTEMPATH/CodeIgniter.php(361): CodeIgniter\CodeIgniter->handleRequest(null, Object(Config\Cache), false)
 4 FCPATH/index.php(79): CodeIgniter\CodeIgniter->run()
 5 SYSTEMPATH/Commands/Server/rewrite.php(47): require_once('/run/media/edegantea/DATA/devs/asesoriasitst24/public/index.php')
INFO - 2023-12-27 23:15:01 --> Session: Class initialized using 'CodeIgniter\Session\Handlers\FileHandler' driver.
WARNING - 2023-12-27 23:15:01 --> [DEPRECATED] Creation of dynamic property App\Controllers\Admin\UsuarioController::$session is deprecated in APPPATH/Controllers/Admin/UsuarioController.php on line 17.
 1 SYSTEMPATH/CodeIgniter.php(914): App\Controllers\Admin\UsuarioController->__construct()
 2 SYSTEMPATH/CodeIgniter.php(493): CodeIgniter\CodeIgniter->createController()
 3 SYSTEMPATH/CodeIgniter.php(361): CodeIgniter\CodeIgniter->handleRequest(null, Object(Config\Cache), false)
 4 FCPATH/index.php(79): CodeIgniter\CodeIgniter->run()
 5 SYSTEMPATH/Commands/Server/rewrite.php(47): require_once('/run/media/edegantea/DATA/devs/asesoriasitst24/public/index.php')
INFO - 2023-12-27 23:15:18 --> Session: Class initialized using 'CodeIgniter\Session\Handlers\FileHandler' driver.
WARNING - 2023-12-27 23:15:18 --> [DEPRECATED] Creation of dynamic property App\Controllers\Admin\UsuarioController::$session is deprecated in APPPATH/Controllers/Admin/UsuarioController.php on line 17.
 1 SYSTEMPATH/CodeIgniter.php(914): App\Controllers\Admin\UsuarioController->__construct()
 2 SYSTEMPATH/CodeIgniter.php(493): CodeIgniter\CodeIgniter->createController()
 3 SYSTEMPATH/CodeIgniter.php(361): CodeIgniter\CodeIgniter->handleRequest(null, Object(Config\Cache), false)
 4 FCPATH/index.php(79): CodeIgniter\CodeIgniter->run()
 5 SYSTEMPATH/Commands/Server/rewrite.php(47): require_once('/run/media/edegantea/DATA/devs/asesoriasitst24/public/index.php')
INFO - 2023-12-27 23:15:53 --> Session: Class initialized using 'CodeIgniter\Session\Handlers\FileHandler' driver.
WARNING - 2023-12-27 23:15:53 --> [DEPRECATED] Creation of dynamic property App\Controllers\Admin\UsuarioController::$session is deprecated in APPPATH/Controllers/Admin/UsuarioController.php on line 17.
 1 SYSTEMPATH/CodeIgniter.php(914): App\Controllers\Admin\UsuarioController->__construct()
 2 SYSTEMPATH/CodeIgniter.php(493): CodeIgniter\CodeIgniter->createController()
 3 SYSTEMPATH/CodeIgniter.php(361): CodeIgniter\CodeIgniter->handleRequest(null, Object(Config\Cache), false)
 4 FCPATH/index.php(79): CodeIgniter\CodeIgniter->run()
 5 SYSTEMPATH/Commands/Server/rewrite.php(47): require_once('/run/media/edegantea/DATA/devs/asesoriasitst24/public/index.php')
INFO - 2023-12-27 23:16:07 --> Session: Class initialized using 'CodeIgniter\Session\Handlers\FileHandler' driver.
WARNING - 2023-12-27 23:16:07 --> [DEPRECATED] Creation of dynamic property App\Controllers\Admin\UsuarioController::$session is deprecated in APPPATH/Controllers/Admin/UsuarioController.php on line 17.
 1 SYSTEMPATH/CodeIgniter.php(914): App\Controllers\Admin\UsuarioController->__construct()
 2 SYSTEMPATH/CodeIgniter.php(493): CodeIgniter\CodeIgniter->createController()
 3 SYSTEMPATH/CodeIgniter.php(361): CodeIgniter\CodeIgniter->handleRequest(null, Object(Config\Cache), false)
 4 FCPATH/index.php(79): CodeIgniter\CodeIgniter->run()
 5 SYSTEMPATH/Commands/Server/rewrite.php(47): require_once('/run/media/edegantea/DATA/devs/asesoriasitst24/public/index.php')
INFO - 2023-12-27 23:21:55 --> Session: Class initialized using 'CodeIgniter\Session\Handlers\FileHandler' driver.
WARNING - 2023-12-27 23:21:55 --> [DEPRECATED] Creation of dynamic property App\Controllers\Admin\UsuarioController::$session is deprecated in APPPATH/Controllers/Admin/UsuarioController.php on line 17.
 1 SYSTEMPATH/CodeIgniter.php(914): App\Controllers\Admin\UsuarioController->__construct()
 2 SYSTEMPATH/CodeIgniter.php(493): CodeIgniter\CodeIgniter->createController()
 3 SYSTEMPATH/CodeIgniter.php(361): CodeIgniter\CodeIgniter->handleRequest(null, Object(Config\Cache), false)
 4 FCPATH/index.php(79): CodeIgniter\CodeIgniter->run()
 5 SYSTEMPATH/Commands/Server/rewrite.php(47): require_once('/run/media/edegantea/DATA/devs/asesoriasitst24/public/index.php')
INFO - 2023-12-27 23:22:25 --> Session: Class initialized using 'CodeIgniter\Session\Handlers\FileHandler' driver.
WARNING - 2023-12-27 23:22:25 --> [DEPRECATED] Creation of dynamic property App\Controllers\Admin\UsuarioController::$session is deprecated in APPPATH/Controllers/Admin/UsuarioController.php on line 17.
 1 SYSTEMPATH/CodeIgniter.php(914): App\Controllers\Admin\UsuarioController->__construct()
 2 SYSTEMPATH/CodeIgniter.php(493): CodeIgniter\CodeIgniter->createController()
 3 SYSTEMPATH/CodeIgniter.php(361): CodeIgniter\CodeIgniter->handleRequest(null, Object(Config\Cache), false)
 4 FCPATH/index.php(79): CodeIgniter\CodeIgniter->run()
 5 SYSTEMPATH/Commands/Server/rewrite.php(47): require_once('/run/media/edegantea/DATA/devs/asesoriasitst24/public/index.php')
INFO - 2023-12-27 23:23:45 --> Session: Class initialized using 'CodeIgniter\Session\Handlers\FileHandler' driver.
WARNING - 2023-12-27 23:23:45 --> [DEPRECATED] Creation of dynamic property App\Controllers\Admin\UsuarioController::$session is deprecated in APPPATH/Controllers/Admin/UsuarioController.php on line 17.
 1 SYSTEMPATH/CodeIgniter.php(914): App\Controllers\Admin\UsuarioController->__construct()
 2 SYSTEMPATH/CodeIgniter.php(493): CodeIgniter\CodeIgniter->createController()
 3 SYSTEMPATH/CodeIgniter.php(361): CodeIgniter\CodeIgniter->handleRequest(null, Object(Config\Cache), false)
 4 FCPATH/index.php(79): CodeIgniter\CodeIgniter->run()
 5 SYSTEMPATH/Commands/Server/rewrite.php(47): require_once('/run/media/edegantea/DATA/devs/asesoriasitst24/public/index.php')
INFO - 2023-12-27 23:23:58 --> Session: Class initialized using 'CodeIgniter\Session\Handlers\FileHandler' driver.
WARNING - 2023-12-27 23:23:58 --> [DEPRECATED] Creation of dynamic property App\Controllers\Admin\UsuarioController::$session is deprecated in APPPATH/Controllers/Admin/UsuarioController.php on line 17.
 1 SYSTEMPATH/CodeIgniter.php(914): App\Controllers\Admin\UsuarioController->__construct()
 2 SYSTEMPATH/CodeIgniter.php(493): CodeIgniter\CodeIgniter->createController()
 3 SYSTEMPATH/CodeIgniter.php(361): CodeIgniter\CodeIgniter->handleRequest(null, Object(Config\Cache), false)
 4 FCPATH/index.php(79): CodeIgniter\CodeIgniter->run()
 5 SYSTEMPATH/Commands/Server/rewrite.php(47): require_once('/run/media/edegantea/DATA/devs/asesoriasitst24/public/index.php')
INFO - 2023-12-27 23:25:25 --> Session: Class initialized using 'CodeIgniter\Session\Handlers\FileHandler' driver.
WARNING - 2023-12-27 23:25:25 --> [DEPRECATED] Creation of dynamic property App\Controllers\Admin\UsuarioController::$session is deprecated in APPPATH/Controllers/Admin/UsuarioController.php on line 17.
 1 SYSTEMPATH/CodeIgniter.php(914): App\Controllers\Admin\UsuarioController->__construct()
 2 SYSTEMPATH/CodeIgniter.php(493): CodeIgniter\CodeIgniter->createController()
 3 SYSTEMPATH/CodeIgniter.php(361): CodeIgniter\CodeIgniter->handleRequest(null, Object(Config\Cache), false)
 4 FCPATH/index.php(79): CodeIgniter\CodeIgniter->run()
 5 SYSTEMPATH/Commands/Server/rewrite.php(47): require_once('/run/media/edegantea/DATA/devs/asesoriasitst24/public/index.php')
INFO - 2023-12-27 23:26:13 --> Session: Class initialized using 'CodeIgniter\Session\Handlers\FileHandler' driver.
WARNING - 2023-12-27 23:26:13 --> [DEPRECATED] Creation of dynamic property App\Controllers\Admin\UsuarioController::$session is deprecated in APPPATH/Controllers/Admin/UsuarioController.php on line 17.
 1 SYSTEMPATH/CodeIgniter.php(914): App\Controllers\Admin\UsuarioController->__construct()
 2 SYSTEMPATH/CodeIgniter.php(493): CodeIgniter\CodeIgniter->createController()
 3 SYSTEMPATH/CodeIgniter.php(361): CodeIgniter\CodeIgniter->handleRequest(null, Object(Config\Cache), false)
 4 FCPATH/index.php(79): CodeIgniter\CodeIgniter->run()
 5 SYSTEMPATH/Commands/Server/rewrite.php(47): require_once('/run/media/edegantea/DATA/devs/asesoriasitst24/public/index.php')
INFO - 2023-12-27 23:26:25 --> Session: Class initialized using 'CodeIgniter\Session\Handlers\FileHandler' driver.
WARNING - 2023-12-27 23:26:25 --> [DEPRECATED] Creation of dynamic property App\Controllers\Admin\UsuarioController::$session is deprecated in APPPATH/Controllers/Admin/UsuarioController.php on line 17.
 1 SYSTEMPATH/CodeIgniter.php(914): App\Controllers\Admin\UsuarioController->__construct()
 2 SYSTEMPATH/CodeIgniter.php(493): CodeIgniter\CodeIgniter->createController()
 3 SYSTEMPATH/CodeIgniter.php(361): CodeIgniter\CodeIgniter->handleRequest(null, Object(Config\Cache), false)
 4 FCPATH/index.php(79): CodeIgniter\CodeIgniter->run()
 5 SYSTEMPATH/Commands/Server/rewrite.php(47): require_once('/run/media/edegantea/DATA/devs/asesoriasitst24/public/index.php')
INFO - 2023-12-27 23:27:35 --> Session: Class initialized using 'CodeIgniter\Session\Handlers\FileHandler' driver.
ERROR - 2023-12-27 23:27:35 --> mysqli_sql_exception: Column 'clave' cannot be null in /run/media/edegantea/DATA/devs/asesoriasitst24/system/Database/MySQLi/Connection.php:306
Stack trace:
#0 /run/media/edegantea/DATA/devs/asesoriasitst24/system/Database/MySQLi/Connection.php(306): mysqli->query()
#1 /run/media/edegantea/DATA/devs/asesoriasitst24/system/Database/BaseConnection.php(693): CodeIgniter\Database\MySQLi\Connection->execute()
#2 /run/media/edegantea/DATA/devs/asesoriasitst24/system/Database/BaseConnection.php(607): CodeIgniter\Database\BaseConnection->simpleQuery()
#3 /run/media/edegantea/DATA/devs/asesoriasitst24/system/Database/BaseBuilder.php(2308): CodeIgniter\Database\BaseConnection->query()
#4 /run/media/edegantea/DATA/devs/asesoriasitst24/system/Model.php(319): CodeIgniter\Database\BaseBuilder->insert()
#5 /run/media/edegantea/DATA/devs/asesoriasitst24/system/BaseModel.php(788): CodeIgniter\Model->doInsert()
#6 /run/media/edegantea/DATA/devs/asesoriasitst24/system/Model.php(715): CodeIgniter\BaseModel->insert()
#7 /run/media/edegantea/DATA/devs/asesoriasitst24/app/Controllers/Admin/CarreraController.php(45): CodeIgniter\Model->insert()
#8 /run/media/edegantea/DATA/devs/asesoriasitst24/system/CodeIgniter.php(942): App\Controllers\Admin\CarreraController->create()
#9 /run/media/edegantea/DATA/devs/asesoriasitst24/system/CodeIgniter.php(502): CodeIgniter\CodeIgniter->runController()
#10 /run/media/edegantea/DATA/devs/asesoriasitst24/system/CodeIgniter.php(361): CodeIgniter\CodeIgniter->handleRequest()
#11 /run/media/edegantea/DATA/devs/asesoriasitst24/public/index.php(79): CodeIgniter\CodeIgniter->run()
#12 /run/media/edegantea/DATA/devs/asesoriasitst24/system/Commands/Server/rewrite.php(47): require_once('...')
#13 {main}
CRITICAL - 2023-12-27 23:27:35 --> Column 'clave' cannot be null
in SYSTEMPATH/Database/BaseConnection.php on line 647.
 1 SYSTEMPATH/Database/BaseBuilder.php(2308): CodeIgniter\Database\BaseConnection->query()
 2 SYSTEMPATH/Model.php(319): CodeIgniter\Database\BaseBuilder->insert()
 3 SYSTEMPATH/BaseModel.php(788): CodeIgniter\Model->doInsert()
 4 SYSTEMPATH/Model.php(715): CodeIgniter\BaseModel->insert()
 5 APPPATH/Controllers/Admin/CarreraController.php(45): CodeIgniter\Model->insert()
 6 SYSTEMPATH/CodeIgniter.php(942): App\Controllers\Admin\CarreraController->create()
 7 SYSTEMPATH/CodeIgniter.php(502): CodeIgniter\CodeIgniter->runController()
 8 SYSTEMPATH/CodeIgniter.php(361): CodeIgniter\CodeIgniter->handleRequest()
 9 FCPATH/index.php(79): CodeIgniter\CodeIgniter->run()
10 SYSTEMPATH/Commands/Server/rewrite.php(47): require_once('/run/media/edegantea/DATA/devs/asesoriasitst24/public/index.php')
INFO - 2023-12-27 23:27:51 --> Session: Class initialized using 'CodeIgniter\Session\Handlers\FileHandler' driver.
ERROR - 2023-12-27 23:27:51 --> mysqli_sql_exception: Column 'clave' cannot be null in /run/media/edegantea/DATA/devs/asesoriasitst24/system/Database/MySQLi/Connection.php:306
Stack trace:
#0 /run/media/edegantea/DATA/devs/asesoriasitst24/system/Database/MySQLi/Connection.php(306): mysqli->query()
#1 /run/media/edegantea/DATA/devs/asesoriasitst24/system/Database/BaseConnection.php(693): CodeIgniter\Database\MySQLi\Connection->execute()
#2 /run/media/edegantea/DATA/devs/asesoriasitst24/system/Database/BaseConnection.php(607): CodeIgniter\Database\BaseConnection->simpleQuery()
#3 /run/media/edegantea/DATA/devs/asesoriasitst24/system/Database/BaseBuilder.php(2308): CodeIgniter\Database\BaseConnection->query()
#4 /run/media/edegantea/DATA/devs/asesoriasitst24/system/Model.php(319): CodeIgniter\Database\BaseBuilder->insert()
#5 /run/media/edegantea/DATA/devs/asesoriasitst24/system/BaseModel.php(788): CodeIgniter\Model->doInsert()
#6 /run/media/edegantea/DATA/devs/asesoriasitst24/system/Model.php(715): CodeIgniter\BaseModel->insert()
#7 /run/media/edegantea/DATA/devs/asesoriasitst24/app/Controllers/Admin/CarreraController.php(45): CodeIgniter\Model->insert()
#8 /run/media/edegantea/DATA/devs/asesoriasitst24/system/CodeIgniter.php(942): App\Controllers\Admin\CarreraController->create()
#9 /run/media/edegantea/DATA/devs/asesoriasitst24/system/CodeIgniter.php(502): CodeIgniter\CodeIgniter->runController()
#10 /run/media/edegantea/DATA/devs/asesoriasitst24/system/CodeIgniter.php(361): CodeIgniter\CodeIgniter->handleRequest()
#11 /run/media/edegantea/DATA/devs/asesoriasitst24/public/index.php(79): CodeIgniter\CodeIgniter->run()
#12 /run/media/edegantea/DATA/devs/asesoriasitst24/system/Commands/Server/rewrite.php(47): require_once('...')
#13 {main}
CRITICAL - 2023-12-27 23:27:51 --> Column 'clave' cannot be null
in SYSTEMPATH/Database/BaseConnection.php on line 647.
 1 SYSTEMPATH/Database/BaseBuilder.php(2308): CodeIgniter\Database\BaseConnection->query()
 2 SYSTEMPATH/Model.php(319): CodeIgniter\Database\BaseBuilder->insert()
 3 SYSTEMPATH/BaseModel.php(788): CodeIgniter\Model->doInsert()
 4 SYSTEMPATH/Model.php(715): CodeIgniter\BaseModel->insert()
 5 APPPATH/Controllers/Admin/CarreraController.php(45): CodeIgniter\Model->insert()
 6 SYSTEMPATH/CodeIgniter.php(942): App\Controllers\Admin\CarreraController->create()
 7 SYSTEMPATH/CodeIgniter.php(502): CodeIgniter\CodeIgniter->runController()
 8 SYSTEMPATH/CodeIgniter.php(361): CodeIgniter\CodeIgniter->handleRequest()
 9 FCPATH/index.php(79): CodeIgniter\CodeIgniter->run()
10 SYSTEMPATH/Commands/Server/rewrite.php(47): require_once('/run/media/edegantea/DATA/devs/asesoriasitst24/public/index.php')
INFO - 2023-12-27 23:27:56 --> Session: Class initialized using 'CodeIgniter\Session\Handlers\FileHandler' driver.
INFO - 2023-12-27 23:27:59 --> Session: Class initialized using 'CodeIgniter\Session\Handlers\FileHandler' driver.
WARNING - 2023-12-27 23:27:59 --> [DEPRECATED] Creation of dynamic property App\Controllers\Admin\UsuarioController::$session is deprecated in APPPATH/Controllers/Admin/UsuarioController.php on line 17.
 1 SYSTEMPATH/CodeIgniter.php(914): App\Controllers\Admin\UsuarioController->__construct()
 2 SYSTEMPATH/CodeIgniter.php(493): CodeIgniter\CodeIgniter->createController()
 3 SYSTEMPATH/CodeIgniter.php(361): CodeIgniter\CodeIgniter->handleRequest(null, Object(Config\Cache), false)
 4 FCPATH/index.php(79): CodeIgniter\CodeIgniter->run()
 5 SYSTEMPATH/Commands/Server/rewrite.php(47): require_once('/run/media/edegantea/DATA/devs/asesoriasitst24/public/index.php')
INFO - 2023-12-27 23:29:05 --> Session: Class initialized using 'CodeIgniter\Session\Handlers\FileHandler' driver.
WARNING - 2023-12-27 23:29:05 --> [DEPRECATED] Creation of dynamic property App\Controllers\Admin\UsuarioController::$session is deprecated in APPPATH/Controllers/Admin/UsuarioController.php on line 17.
 1 SYSTEMPATH/CodeIgniter.php(914): App\Controllers\Admin\UsuarioController->__construct()
 2 SYSTEMPATH/CodeIgniter.php(493): CodeIgniter\CodeIgniter->createController()
 3 SYSTEMPATH/CodeIgniter.php(361): CodeIgniter\CodeIgniter->handleRequest(null, Object(Config\Cache), false)
 4 FCPATH/index.php(79): CodeIgniter\CodeIgniter->run()
 5 SYSTEMPATH/Commands/Server/rewrite.php(47): require_once('/run/media/edegantea/DATA/devs/asesoriasitst24/public/index.php')
CRITICAL - 2023-12-27 23:29:05 --> Invalid file: "admin/usuarios/create.php"
in SYSTEMPATH/Exceptions/FrameworkException.php on line 39.
 1 SYSTEMPATH/View/View.php(216): CodeIgniter\Exceptions\FrameworkException::forInvalidFile()
 2 SYSTEMPATH/Common.php(1190): CodeIgniter\View\View->render()
 3 APPPATH/Controllers/Admin/UsuarioController.php(81): view()
 4 SYSTEMPATH/CodeIgniter.php(942): App\Controllers\Admin\UsuarioController->create()
 5 SYSTEMPATH/CodeIgniter.php(502): CodeIgniter\CodeIgniter->runController()
 6 SYSTEMPATH/CodeIgniter.php(361): CodeIgniter\CodeIgniter->handleRequest()
 7 FCPATH/index.php(79): CodeIgniter\CodeIgniter->run()
 8 SYSTEMPATH/Commands/Server/rewrite.php(47): require_once('/run/media/edegantea/DATA/devs/asesoriasitst24/public/index.php')
INFO - 2023-12-27 23:31:24 --> Session: Class initialized using 'CodeIgniter\Session\Handlers\FileHandler' driver.
WARNING - 2023-12-27 23:31:24 --> [DEPRECATED] Creation of dynamic property App\Controllers\Admin\UsuarioController::$session is deprecated in APPPATH/Controllers/Admin/UsuarioController.php on line 17.
 1 SYSTEMPATH/CodeIgniter.php(914): App\Controllers\Admin\UsuarioController->__construct()
 2 SYSTEMPATH/CodeIgniter.php(493): CodeIgniter\CodeIgniter->createController()
 3 SYSTEMPATH/CodeIgniter.php(361): CodeIgniter\CodeIgniter->handleRequest(null, Object(Config\Cache), false)
 4 FCPATH/index.php(79): CodeIgniter\CodeIgniter->run()
 5 SYSTEMPATH/Commands/Server/rewrite.php(47): require_once('/run/media/edegantea/DATA/devs/asesoriasitst24/public/index.php')
CRITICAL - 2023-12-27 23:31:25 --> Undefined variable $usuarios
in APPPATH/Views/admin/usuarios/index.php on line 33.
 1 APPPATH/Views/admin/usuarios/index.php(33): CodeIgniter\Debug\Exceptions->errorHandler()
 2 SYSTEMPATH/View/View.php(228): include('/run/media/edegantea/DATA/devs/asesoriasitst24/app/Views/admin/usuarios/index.php')
 3 SYSTEMPATH/View/View.php(231): CodeIgniter\View\View->CodeIgniter\View\{closure}()
 4 SYSTEMPATH/Common.php(1190): CodeIgniter\View\View->render()
 5 APPPATH/Controllers/Admin/UsuarioController.php(82): view()
 6 SYSTEMPATH/CodeIgniter.php(942): App\Controllers\Admin\UsuarioController->create()
 7 SYSTEMPATH/CodeIgniter.php(502): CodeIgniter\CodeIgniter->runController()
 8 SYSTEMPATH/CodeIgniter.php(361): CodeIgniter\CodeIgniter->handleRequest()
 9 FCPATH/index.php(79): CodeIgniter\CodeIgniter->run()
10 SYSTEMPATH/Commands/Server/rewrite.php(47): require_once('/run/media/edegantea/DATA/devs/asesoriasitst24/public/index.php')
INFO - 2023-12-27 23:32:14 --> Session: Class initialized using 'CodeIgniter\Session\Handlers\FileHandler' driver.
WARNING - 2023-12-27 23:32:14 --> [DEPRECATED] Creation of dynamic property App\Controllers\Admin\UsuarioController::$session is deprecated in APPPATH/Controllers/Admin/UsuarioController.php on line 17.
 1 SYSTEMPATH/CodeIgniter.php(914): App\Controllers\Admin\UsuarioController->__construct()
 2 SYSTEMPATH/CodeIgniter.php(493): CodeIgniter\CodeIgniter->createController()
 3 SYSTEMPATH/CodeIgniter.php(361): CodeIgniter\CodeIgniter->handleRequest(null, Object(Config\Cache), false)
 4 FCPATH/index.php(79): CodeIgniter\CodeIgniter->run()
 5 SYSTEMPATH/Commands/Server/rewrite.php(47): require_once('/run/media/edegantea/DATA/devs/asesoriasitst24/public/index.php')
CRITICAL - 2023-12-27 23:32:14 --> Undefined variable $perfiles
in APPPATH/Views/admin/usuarios/index.php on line 145.
 1 APPPATH/Views/admin/usuarios/index.php(145): CodeIgniter\Debug\Exceptions->errorHandler()
 2 SYSTEMPATH/View/View.php(228): include('/run/media/edegantea/DATA/devs/asesoriasitst24/app/Views/admin/usuarios/index.php')
 3 SYSTEMPATH/View/View.php(231): CodeIgniter\View\View->CodeIgniter\View\{closure}()
 4 SYSTEMPATH/Common.php(1190): CodeIgniter\View\View->render()
 5 APPPATH/Controllers/Admin/UsuarioController.php(83): view()
 6 SYSTEMPATH/CodeIgniter.php(942): App\Controllers\Admin\UsuarioController->create()
 7 SYSTEMPATH/CodeIgniter.php(502): CodeIgniter\CodeIgniter->runController()
 8 SYSTEMPATH/CodeIgniter.php(361): CodeIgniter\CodeIgniter->handleRequest()
 9 FCPATH/index.php(79): CodeIgniter\CodeIgniter->run()
10 SYSTEMPATH/Commands/Server/rewrite.php(47): require_once('/run/media/edegantea/DATA/devs/asesoriasitst24/public/index.php')
INFO - 2023-12-27 23:32:45 --> Session: Class initialized using 'CodeIgniter\Session\Handlers\FileHandler' driver.
WARNING - 2023-12-27 23:32:45 --> [DEPRECATED] Creation of dynamic property App\Controllers\Admin\UsuarioController::$session is deprecated in APPPATH/Controllers/Admin/UsuarioController.php on line 17.
 1 SYSTEMPATH/CodeIgniter.php(914): App\Controllers\Admin\UsuarioController->__construct()
 2 SYSTEMPATH/CodeIgniter.php(493): CodeIgniter\CodeIgniter->createController()
 3 SYSTEMPATH/CodeIgniter.php(361): CodeIgniter\CodeIgniter->handleRequest(null, Object(Config\Cache), false)
 4 FCPATH/index.php(79): CodeIgniter\CodeIgniter->run()
 5 SYSTEMPATH/Commands/Server/rewrite.php(47): require_once('/run/media/edegantea/DATA/devs/asesoriasitst24/public/index.php')
INFO - 2023-12-27 23:33:52 --> Session: Class initialized using 'CodeIgniter\Session\Handlers\FileHandler' driver.
WARNING - 2023-12-27 23:33:52 --> [DEPRECATED] Creation of dynamic property App\Controllers\Admin\UsuarioController::$session is deprecated in APPPATH/Controllers/Admin/UsuarioController.php on line 17.
 1 SYSTEMPATH/CodeIgniter.php(914): App\Controllers\Admin\UsuarioController->__construct()
 2 SYSTEMPATH/CodeIgniter.php(493): CodeIgniter\CodeIgniter->createController()
 3 SYSTEMPATH/CodeIgniter.php(361): CodeIgniter\CodeIgniter->handleRequest(null, Object(Config\Cache), false)
 4 FCPATH/index.php(79): CodeIgniter\CodeIgniter->run()
 5 SYSTEMPATH/Commands/Server/rewrite.php(47): require_once('/run/media/edegantea/DATA/devs/asesoriasitst24/public/index.php')
INFO - 2023-12-27 23:34:19 --> Session: Class initialized using 'CodeIgniter\Session\Handlers\FileHandler' driver.
WARNING - 2023-12-27 23:34:19 --> [DEPRECATED] Creation of dynamic property App\Controllers\Admin\UsuarioController::$session is deprecated in APPPATH/Controllers/Admin/UsuarioController.php on line 17.
 1 SYSTEMPATH/CodeIgniter.php(914): App\Controllers\Admin\UsuarioController->__construct()
 2 SYSTEMPATH/CodeIgniter.php(493): CodeIgniter\CodeIgniter->createController()
 3 SYSTEMPATH/CodeIgniter.php(361): CodeIgniter\CodeIgniter->handleRequest(null, Object(Config\Cache), false)
 4 FCPATH/index.php(79): CodeIgniter\CodeIgniter->run()
 5 SYSTEMPATH/Commands/Server/rewrite.php(47): require_once('/run/media/edegantea/DATA/devs/asesoriasitst24/public/index.php')
